#separator \x09
#set_separator	,
#empty_field	(empty)
#unset_field	-
#path	x509
#open	2026-07-19-22-46-59
#fields	ts	fingerprint	certificate.version	certificate.serial	certificate.subject	certificate.issuer	certificate.not_valid_before	certificate.not_valid_after	certificate.key_alg	certificate.sig_alg	certificate.key_type	certificate.key_length	certificate.exponent	certificate.curve	san.dns	san.uri	san.email	san.ip	basic_constraints.ca	basic_constraints.path_len	host_cert	client_cert
#types	time	string	count	string	string	string	time	time	string	string	string	count	string	string	vector[string]	vector[string]	vector[string]	vector[addr]	bool	count	bool	bool
1700000017.273049	f8589a5ae050f1cbb5168f0a4b311474b3b1d33276938e2292fdeb0c8da52305	3	11E8683C	CN=portal.example.io	CN=portal.example.io	1697408017.000000	1728944017.000000	rsaEncryption	sha256WithRSAEncryption	rsa	2048	65537	-	portal.example.io	-	-	-	F	-	T	F
1700000046.144918	30e090b5c0296c5ce69a471f357b47a0e7bda9270dff7e75df414ac6cd073820	3	67769BD0	CN=www.example.org	CN=www.example.org	1697408046.000000	1728944046.000000	rsaEncryption	sha256WithRSAEncryption	rsa	2048	65537	-	www.example.org	-	-	-	F	-	T	F
1700000157.040165	8f16562a2ea976a2bd328df59f5efa6aa5259930f7228ae9025fb8988844d756	3	50E35FAF	CN=assets.example.co	CN=assets.example.co	1697408156.000000	1728944156.000000	rsaEncryption	sha256WithRSAEncryption	rsa	2048	65537	-	assets.example.co	-	-	-	F	-	T	F
1700000158.161554	95b5e9b2bc62006975a5e86d7ead119bb8bb443e111681f7e871dc187e22f057	3	7648A2BE	CN=cdn.example.net	CN=cdn.example.net	1697408158.000000	1728944158.000000	rsaEncryption	sha256WithRSAEncryption	rsa	2048	65537	-	cdn.example.net	-	-	-	F	-	T	F
1700000158.584259	a34c2683b8d9aa6f46337f275d7a7dff4dc04a05ec56b365dd67709fcecb53e8	3	6781E80E	CN=assets.example.co	CN=assets.example.co	1697408158.000000	1728944158.000000	rsaEncryption	sha256WithRSAEncryption	rsa	2048	65537	-	assets.example.co	-	-	-	F	-	T	F
1700000158.798130	501ae97f79bb89c2e22b7445fab876a2011930082f43b96a73396a2cc0a0f4d2	3	0DACCEB1	CN=www.example.org	CN=www.example.org	1697408158.000000	1728944158.000000	rsaEncryption	sha256WithRSAEncryption	rsa	2048	65537	-	www.example.org	-	-	-	F	-	T	F
1700000159.070197	d647d4d132712e42d898d6d9db2d0aad6f7f1be0e3c4c03146bab08c5739e854	3	07D65ABE	CN=www.example.org	CN=www.example.org	1697408158.000000	1728944158.000000	rsaEncryption	sha256WithRSAEncryption	rsa	2048	65537	-	www.example.org	-	-	-	F	-	T	F
1700000159.112620	b7728b6f8302d5d80bdbbda569db5f6328bc127853fd8692d7778ac02e0fb2af	3	0950366C	CN=www.example.org	CN=www.example.org	1697408159.000000	1728944159.000000	rsaEncryption	sha256WithRSAEncryption	rsa	2048	65537	-	www.example.org	-	-	-	F	-	T	F
1700000159.588779	d5d81b3e8af85f2772112b7619bb53fd6ec89a3d8828835b7962c2f40f339ce3	3	474E47FD	CN=api.github.com	CN=api.github.com	1697408159.000000	1728944159.000000	rsaEncryption	sha256WithRSAEncryption	rsa	2048	65537	-	api.github.com	-	-	-	F	-	T	F
1700000161.367590	f8e37638c688db553ba72523cb1d100285f9e225dcb42d83f67f0d3caf691c07	3	78CA9980	CN=portal.example.io	CN=portal.example.io	1697408161.000000	1728944161.000000	rsaEncryption	sha256WithRSAEncryption	rsa	2048	65537	-	portal.example.io	-	-	-	F	-	T	F
1700000170.080653	1f4fbfd07ad94fd72f550d42a2a6dd4d68e07e39d0b022be37e12750a44e65ff	3	1A2098E7	CN=cdn.example.net	CN=cdn.example.net	1697408170.000000	1728944170.000000	rsaEncryption	sha256WithRSAEncryption	rsa	2048	65537	-	cdn.example.net	-	-	-	F	-	T	F
1700000175.305696	6c92daaee359484a0fb31d9c720844dfb72c503940e36db593da2dbbb1e14b4f	3	3D65D20E	CN=updates.example.com	CN=updates.example.com	1697408175.000000	1728944175.000000	rsaEncryption	sha256WithRSAEncryption	rsa	2048	65537	-	updates.example.com	-	-	-	F	-	T	F
1700000175.364445	6f73bca423d2ebbf3bd4c47b321b78ea3905b055fcac063bedce697533c9ec3c	3	5BDC7840	CN=portal.example.io	CN=portal.example.io	1697408175.000000	1728944175.000000	rsaEncryption	sha256WithRSAEncryption	rsa	2048	65537	-	portal.example.io	-	-	-	F	-	T	F
#close	2026-07-19-22-46-59
