#separator \x09
#set_separator	,
#empty_field	(empty)
#unset_field	-
#path	x509
#open	2026-07-18-00-54-22
#fields	ts	fingerprint	certificate.version	certificate.serial	certificate.subject	certificate.issuer	certificate.not_valid_before	certificate.not_valid_after	certificate.key_alg	certificate.sig_alg	certificate.key_type	certificate.key_length	certificate.exponent	certificate.curve	san.dns	san.uri	san.email	san.ip	basic_constraints.ca	basic_constraints.path_len	host_cert	client_cert
#types	time	string	count	string	string	string	time	time	string	string	string	count	string	string	vector[string]	vector[string]	vector[string]	vector[addr]	bool	count	bool	bool
1700000032.884120	caca64377b5b2a04d8945d84f3cc4b2143d8c1fe495ce64baea0762f3e1b1925	3	1A93A2AE	CN=updates.example.com	CN=updates.example.com	1697408032.000000	1728944032.000000	rsaEncryption	sha256WithRSAEncryption	rsa	2048	65537	-	updates.example.com	-	-	-	F	-	T	F
1700000036.754740	ee24091241cb47dd00d40209190e1c33db415a13a4dd010e0770048ad8107837	3	05C502EF	CN=portal.example.io	CN=portal.example.io	1697408036.000000	1728944036.000000	rsaEncryption	sha256WithRSAEncryption	rsa	2048	65537	-	portal.example.io	-	-	-	F	-	T	F
1700000041.002104	3c866c2cdaff0f91f26e6b6226f6bdc072b241e3cdfe770774569c88b31b664f	3	424A0FAD	CN=api.github.com	CN=api.github.com	1697408040.000000	1728944040.000000	rsaEncryption	sha256WithRSAEncryption	rsa	2048	65537	-	api.github.com	-	-	-	F	-	T	F
1700000055.254944	766dd0e11f82ca8967add772a8a762fe26a1fbf4d16a0d42d52f86f3a5f11cd6	3	704B235E	CN=cdn.example.net	CN=cdn.example.net	1697408055.000000	1728944055.000000	rsaEncryption	sha256WithRSAEncryption	rsa	2048	65537	-	cdn.example.net	-	-	-	F	-	T	F
1700000055.337975	8fbb22cbdc8df79f01a68a7baf36a348f37a2401cc52d4b2a9827a3934024698	3	25B61FDF	CN=portal.example.io	CN=portal.example.io	1697408055.000000	1728944055.000000	rsaEncryption	sha256WithRSAEncryption	rsa	2048	65537	-	portal.example.io	-	-	-	F	-	T	F
1700000055.375612	cbb6d69d9c4904f9e1648d78dd800ced10bdf23965f4f2e7220b915c50c5df7a	3	11DA29EF	CN=www.example.org	CN=www.example.org	1697408055.000000	1728944055.000000	rsaEncryption	sha256WithRSAEncryption	rsa	2048	65537	-	www.example.org	-	-	-	F	-	T	F
1700000057.334594	450f01b836997b674beaeb648887435dc11e9afab1e72cdd92eb597ed8d37459	3	2DDE47BB	CN=updates.example.com	CN=updates.example.com	1697408057.000000	1728944057.000000	rsaEncryption	sha256WithRSAEncryption	rsa	2048	65537	-	updates.example.com	-	-	-	F	-	T	F
1700000057.582706	46e32340c3a92434ae0331f93b8347c982a1c4f7528324d61c22f12962d6518a	3	19401EC1	CN=www.example.org	CN=www.example.org	1697408057.000000	1728944057.000000	rsaEncryption	sha256WithRSAEncryption	rsa	2048	65537	-	www.example.org	-	-	-	F	-	T	F
1700000061.674508	dbc53a377b9ab626bfdf4c11d287fcf8d0abbfce7671cc7fd3003fdd04280432	3	0884BCBF	CN=portal.example.io	CN=portal.example.io	1697408061.000000	1728944061.000000	rsaEncryption	sha256WithRSAEncryption	rsa	2048	65537	-	portal.example.io	-	-	-	F	-	T	F
1700000061.737222	c7048170ec9f40ecf92545385654951c4e1af4b6416615cea3ea45bfd094d8da	3	535BED0E	CN=assets.example.co	CN=assets.example.co	1697408061.000000	1728944061.000000	rsaEncryption	sha256WithRSAEncryption	rsa	2048	65537	-	assets.example.co	-	-	-	F	-	T	F
1700000067.892859	8471d136ef4a80d4899b61ca69af3dd1035cf06115c815868051e1a6f05739d7	3	7FABDB34	CN=updates.example.com	CN=updates.example.com	1697408067.000000	1728944067.000000	rsaEncryption	sha256WithRSAEncryption	rsa	2048	65537	-	updates.example.com	-	-	-	F	-	T	F
1700000067.992951	cf196037ccb6b173af7a5db02f85da0e3e69234f8ae2657984cbd57f51606957	3	4F2B9921	CN=portal.example.io	CN=portal.example.io	1697408067.000000	1728944067.000000	rsaEncryption	sha256WithRSAEncryption	rsa	2048	65537	-	portal.example.io	-	-	-	F	-	T	F
1700000068.139139	ac09e2ac48d64a0bf102e856356561d7621a599d0f9b1792b29e433863c9903e	3	0B766DDB	CN=assets.example.co	CN=assets.example.co	1697408068.000000	1728944068.000000	rsaEncryption	sha256WithRSAEncryption	rsa	2048	65537	-	assets.example.co	-	-	-	F	-	T	F
1700000069.083946	72623e184f0ebf7ca03fd05bc4a8735b05e0c95ef1a1675e652cc3c09ef0b623	3	5BBCBEB4	CN=www.example.org	CN=www.example.org	1697408069.000000	1728944069.000000	rsaEncryption	sha256WithRSAEncryption	rsa	2048	65537	-	www.example.org	-	-	-	F	-	T	F
1700000071.201639	36e84b3c2aaa5bf179df00f40f710ed0b613fc3ef911a84aaee9e95f86337659	3	6EBD1CFC	CN=www.example.org	CN=www.example.org	1697408071.000000	1728944071.000000	rsaEncryption	sha256WithRSAEncryption	rsa	2048	65537	-	www.example.org	-	-	-	F	-	T	F
1700000074.077939	98d86e15add42eee9c4f5c0d0bb8f271d63b8261902ac2f253f2ac2493683caa	3	1EFF4B9C	CN=www.example.org	CN=www.example.org	1697408074.000000	1728944074.000000	rsaEncryption	sha256WithRSAEncryption	rsa	2048	65537	-	www.example.org	-	-	-	F	-	T	F
1700000074.197477	711632e8b965d16cb9031e369f6ea2d9368264e0f51746d1c1489d6f2ff55993	3	73856D5D	CN=api.github.com	CN=api.github.com	1697408074.000000	1728944074.000000	rsaEncryption	sha256WithRSAEncryption	rsa	2048	65537	-	api.github.com	-	-	-	F	-	T	F
1700000074.671868	bf46c70393092b689a15a456648e3018e20f4de44aafa659bb61faf4650786b4	3	4CE0B952	CN=www.example.org	CN=www.example.org	1697408074.000000	1728944074.000000	rsaEncryption	sha256WithRSAEncryption	rsa	2048	65537	-	www.example.org	-	-	-	F	-	T	F
1700000074.832772	359bcf2a0909084a4f499823cb0e3b6961af1743f311dd409d34c87772f2058c	3	5A988CB2	CN=cdn.example.net	CN=cdn.example.net	1697408074.000000	1728944074.000000	rsaEncryption	sha256WithRSAEncryption	rsa	2048	65537	-	cdn.example.net	-	-	-	F	-	T	F
1700000076.371147	ee8812aed17406a584d7a6a06d32f3ce867c5543508d83fae72f511a2b126494	3	45D60720	CN=updates.example.com	CN=updates.example.com	1697408076.000000	1728944076.000000	rsaEncryption	sha256WithRSAEncryption	rsa	2048	65537	-	updates.example.com	-	-	-	F	-	T	F
1700000077.751531	969b5941f409a89ab94a8dbc2de9ef03a5ed8170a3fbebc725d9b1022f50be7c	3	493E30B3	CN=assets.example.co	CN=assets.example.co	1697408077.000000	1728944077.000000	rsaEncryption	sha256WithRSAEncryption	rsa	2048	65537	-	assets.example.co	-	-	-	F	-	T	F
1700000118.869242	720621831346ff50bc66a4bd27c833c15b562fe58f2307a007bc11df9eaaf0e2	3	627A0AB7	CN=updates.example.com	CN=updates.example.com	1697408118.000000	1728944118.000000	rsaEncryption	sha256WithRSAEncryption	rsa	2048	65537	-	updates.example.com	-	-	-	F	-	T	F
1700000124.046079	0a0beb2bece5fc4de226d1cad9e1eca761594944b13d373d10997e34364ea5e3	3	4484F59F	CN=cdn.example.net	CN=cdn.example.net	1697408123.000000	1728944123.000000	rsaEncryption	sha256WithRSAEncryption	rsa	2048	65537	-	cdn.example.net	-	-	-	F	-	T	F
1700000125.170672	c10fd695f9cb4594408cd297f9719a9e2cbcd059d4ccdd2b020b2eac03557b94	3	0654868C	CN=api.github.com	CN=api.github.com	1697408125.000000	1728944125.000000	rsaEncryption	sha256WithRSAEncryption	rsa	2048	65537	-	api.github.com	-	-	-	F	-	T	F
1700000126.679336	d20739c37859eadceb0dc29effeb55259f6f3c640bd5457cf0ca78106caaf309	3	6FC17705	CN=cdn.example.net	CN=cdn.example.net	1697408126.000000	1728944126.000000	rsaEncryption	sha256WithRSAEncryption	rsa	2048	65537	-	cdn.example.net	-	-	-	F	-	T	F
1700000128.114202	6360e0288a2e1f3bc5e506fef219447f8d1b0f5e735a7dd6f509b2217ed5380d	3	399FF900	CN=portal.example.io	CN=portal.example.io	1697408128.000000	1728944128.000000	rsaEncryption	sha256WithRSAEncryption	rsa	2048	65537	-	portal.example.io	-	-	-	F	-	T	F
1700000131.832341	78960663a78c4f52089a8814b3733e45f7876af5684be680995871f76246f552	3	6C6AB4F4	CN=assets.example.co	CN=assets.example.co	1697408131.000000	1728944131.000000	rsaEncryption	sha256WithRSAEncryption	rsa	2048	65537	-	assets.example.co	-	-	-	F	-	T	F
1700000131.937118	ca34fc6df55e19a1ec079041d586f79e1cdbf775f4d5a5c35480d5b0d83b31d0	3	7C9AB59D	CN=portal.example.io	CN=portal.example.io	1697408131.000000	1728944131.000000	rsaEncryption	sha256WithRSAEncryption	rsa	2048	65537	-	portal.example.io	-	-	-	F	-	T	F
1700000132.480153	03c259d4c861dd105e70947920dbaedcf2afde36db4cdc021dec403e8ea2244c	3	063B4D21	CN=portal.example.io	CN=portal.example.io	1697408132.000000	1728944132.000000	rsaEncryption	sha256WithRSAEncryption	rsa	2048	65537	-	portal.example.io	-	-	-	F	-	T	F
1700000132.909405	f7279bdc369d9737f31243cd997528cdfe7b0ec8d995a4a21ebf263a9f874b75	3	5B56C5A4	CN=www.example.org	CN=www.example.org	1697408132.000000	1728944132.000000	rsaEncryption	sha256WithRSAEncryption	rsa	2048	65537	-	www.example.org	-	-	-	F	-	T	F
1700000132.969109	625eb58e6f39d7dab6b2946cee4f99bdcd5e3031f82f78e44331c8dcf196308b	3	674C5181	CN=api.github.com	CN=api.github.com	1697408132.000000	1728944132.000000	rsaEncryption	sha256WithRSAEncryption	rsa	2048	65537	-	api.github.com	-	-	-	F	-	T	F
1700000135.767617	18f1639ada61c0b98a011082a9e2f02d120581afb715d4b5ecd6c26a152bf917	3	30988326	CN=updates.example.com	CN=updates.example.com	1697408135.000000	1728944135.000000	rsaEncryption	sha256WithRSAEncryption	rsa	2048	65537	-	updates.example.com	-	-	-	F	-	T	F
1700000160.244437	0d6c0dfc58c6233af72bf8a6b453f678b3af7a32961cb63db8dc45ee24bf1227	3	539C50AB	CN=updates.example.com	CN=updates.example.com	1697408160.000000	1728944160.000000	rsaEncryption	sha256WithRSAEncryption	rsa	2048	65537	-	updates.example.com	-	-	-	F	-	T	F
1700000161.804234	0a2ee358ff3483bb78055e5c3e4cc97c16c220ffe8f7251c0aecc06ca2c7a7cb	3	52D69F68	CN=assets.example.co	CN=assets.example.co	1697408161.000000	1728944161.000000	rsaEncryption	sha256WithRSAEncryption	rsa	2048	65537	-	assets.example.co	-	-	-	F	-	T	F
1700000162.292841	134b80e72b98c935c5449c2e90b0643ab42e81cca35b04858ba956d9eb27a6ba	3	6929E024	CN=portal.example.io	CN=portal.example.io	1697408162.000000	1728944162.000000	rsaEncryption	sha256WithRSAEncryption	rsa	2048	65537	-	portal.example.io	-	-	-	F	-	T	F
1700000163.068918	bf1fcd5815ab2ca4147302fe01159a8b5062fafe23de18d250eda91d664a28b6	3	0D14B753	CN=portal.example.io	CN=portal.example.io	1697408163.000000	1728944163.000000	rsaEncryption	sha256WithRSAEncryption	rsa	2048	65537	-	portal.example.io	-	-	-	F	-	T	F
1700000163.549724	1a0677448cc2f98d6ac75f505a118d7d5f64f9ee85e9f80646155167e95ca178	3	28EF8FA7	CN=cdn.example.net	CN=cdn.example.net	1697408163.000000	1728944163.000000	rsaEncryption	sha256WithRSAEncryption	rsa	2048	65537	-	cdn.example.net	-	-	-	F	-	T	F
1700000164.279208	2e731429ee5479d394df91fddeeabc488504217d638d018cf34c5b460637f978	3	11CD98C9	CN=cdn.example.net	CN=cdn.example.net	1697408164.000000	1728944164.000000	rsaEncryption	sha256WithRSAEncryption	rsa	2048	65537	-	cdn.example.net	-	-	-	F	-	T	F
1700000166.097455	3898cc6c2355150d4bf78a14850eb5beff13567cab5396d2b0b92f54c823bdcc	3	4A1B2DD5	CN=assets.example.co	CN=assets.example.co	1697408166.000000	1728944166.000000	rsaEncryption	sha256WithRSAEncryption	rsa	2048	65537	-	assets.example.co	-	-	-	F	-	T	F
1700000166.364476	bfa2fe75986144199eaa1b37011a150d5607ffdf5b297a5341fad64a05adb697	3	710B5C91	CN=assets.example.co	CN=assets.example.co	1697408166.000000	1728944166.000000	rsaEncryption	sha256WithRSAEncryption	rsa	2048	65537	-	assets.example.co	-	-	-	F	-	T	F
1700000167.292306	d71b5d4ebf50ba49109f0f9615f7b7785cd9e4e14c71f5211d927facaf1f426c	3	19F87A10	CN=assets.example.co	CN=assets.example.co	1697408167.000000	1728944167.000000	rsaEncryption	sha256WithRSAEncryption	rsa	2048	65537	-	assets.example.co	-	-	-	F	-	T	F
1700000170.374838	f121cb763e6ab41d9c22b805c6fff358293bf75ea1d3f8aa2d88f9a277cc4ad5	3	0CBAA169	CN=cdn.example.net	CN=cdn.example.net	1697408170.000000	1728944170.000000	rsaEncryption	sha256WithRSAEncryption	rsa	2048	65537	-	cdn.example.net	-	-	-	F	-	T	F
1700000171.994680	fd71b16e293e9bc497b1624bcd57d3ab677929e4ffe7e9787ed16d4eae79899e	3	2559FBE6	CN=api.github.com	CN=api.github.com	1697408171.000000	1728944171.000000	rsaEncryption	sha256WithRSAEncryption	rsa	2048	65537	-	api.github.com	-	-	-	F	-	T	F
1700000172.903594	2e942c3324d0efb94aa24a53eb20a03ea781e4b672ef51695bc8fb4615f1f91c	3	5DA58249	CN=www.example.org	CN=www.example.org	1697408172.000000	1728944172.000000	rsaEncryption	sha256WithRSAEncryption	rsa	2048	65537	-	www.example.org	-	-	-	F	-	T	F
1700000173.732194	59c0cf99992e0abde777a7acd6c6efdd8d8151be4b8636525fba71c17299f59d	3	7CDA5AC1	CN=cdn.example.net	CN=cdn.example.net	1697408173.000000	1728944173.000000	rsaEncryption	sha256WithRSAEncryption	rsa	2048	65537	-	cdn.example.net	-	-	-	F	-	T	F
1700000174.753167	f899c0295d80e8e520b9b0b45f88aa1cfca086959ea824639e90b8d407db7c10	3	523A3581	CN=assets.example.co	CN=assets.example.co	1697408174.000000	1728944174.000000	rsaEncryption	sha256WithRSAEncryption	rsa	2048	65537	-	assets.example.co	-	-	-	F	-	T	F
1700000188.338539	2ba1aa018add663dabf03f7ecec21f00776a9360d34e82016df2222b4b1a7f9c	3	57C5AD34	CN=cdn.example.net	CN=cdn.example.net	1697408188.000000	1728944188.000000	rsaEncryption	sha256WithRSAEncryption	rsa	2048	65537	-	cdn.example.net	-	-	-	F	-	T	F
1700000189.400943	819382c5fd7a7799e16f741dbccb913533bbf3470dc13885cf1105c9f50503d9	3	0D6D5F30	CN=portal.example.io	CN=portal.example.io	1697408189.000000	1728944189.000000	rsaEncryption	sha256WithRSAEncryption	rsa	2048	65537	-	portal.example.io	-	-	-	F	-	T	F
1700000190.285490	16bd5ada41a6ce6a8650eff71d0046547aa2e09b77f4b25ade8777b74dca298c	3	4F347B30	CN=cdn.example.net	CN=cdn.example.net	1697408190.000000	1728944190.000000	rsaEncryption	sha256WithRSAEncryption	rsa	2048	65537	-	cdn.example.net	-	-	-	F	-	T	F
1700000194.641518	cd0a491f5cd064121f6da1f54065008d45a1d3da654b08f8432c5ea0606923e2	3	44AB75CB	CN=updates.example.com	CN=updates.example.com	1697408194.000000	1728944194.000000	rsaEncryption	sha256WithRSAEncryption	rsa	2048	65537	-	updates.example.com	-	-	-	F	-	T	F
1700000194.660718	f278fbe5a1f0446d56118a727a3b694f809647ea5b811f4514df15ca515da91e	3	4FE91523	CN=assets.example.co	CN=assets.example.co	1697408194.000000	1728944194.000000	rsaEncryption	sha256WithRSAEncryption	rsa	2048	65537	-	assets.example.co	-	-	-	F	-	T	F
1700000195.363575	7c9f6c210ae89416c9578bd939d7efa55b6a33489837ce9f25f4e570bd90db53	3	7FC5C3AD	CN=api.github.com	CN=api.github.com	1697408195.000000	1728944195.000000	rsaEncryption	sha256WithRSAEncryption	rsa	2048	65537	-	api.github.com	-	-	-	F	-	T	F
1700000200.073339	eb9eb90d71b168a6f1cfa4af64649c5b6c1a757cb8def2a9976322668ca3a682	3	725F01EB	CN=portal.example.io	CN=portal.example.io	1697408200.000000	1728944200.000000	rsaEncryption	sha256WithRSAEncryption	rsa	2048	65537	-	portal.example.io	-	-	-	F	-	T	F
#close	2026-07-18-00-54-22
