#separator \x09
#set_separator	,
#empty_field	(empty)
#unset_field	-
#path	x509
#open	2026-07-16-17-52-23
#fields	ts	fingerprint	certificate.version	certificate.serial	certificate.subject	certificate.issuer	certificate.not_valid_before	certificate.not_valid_after	certificate.key_alg	certificate.sig_alg	certificate.key_type	certificate.key_length	certificate.exponent	certificate.curve	san.dns	san.uri	san.email	san.ip	basic_constraints.ca	basic_constraints.path_len	host_cert	client_cert
#types	time	string	count	string	string	string	time	time	string	string	string	count	string	string	vector[string]	vector[string]	vector[string]	vector[addr]	bool	count	bool	bool
1700000028.151227	7b22beb1a46ce8a3b33d73f716e353672fa67459bf14bce1444be88a73a8db0f	3	2163E674	CN=cdn.example.net	CN=cdn.example.net	1697408028.000000	1728944028.000000	rsaEncryption	sha256WithRSAEncryption	rsa	2048	65537	-	cdn.example.net	-	-	-	F	-	T	F
1700000031.052295	005a98b961824d24b720fe699b32a0872e1e7a7a1f08d0c93735f97b1988cbd1	3	5F5F56E6	CN=api.github.com	CN=api.github.com	1697408030.000000	1728944030.000000	rsaEncryption	sha256WithRSAEncryption	rsa	2048	65537	-	api.github.com	-	-	-	F	-	T	F
1700000032.909565	176693922104dcf76404fe7c8ad39509da8553d24e6bcbaa30c7d280c75db323	3	78188B30	CN=cdn.example.net	CN=cdn.example.net	1697408032.000000	1728944032.000000	rsaEncryption	sha256WithRSAEncryption	rsa	2048	65537	-	cdn.example.net	-	-	-	F	-	T	F
1700000033.557858	c711511f21175a96b92c028780894456deeb62df3043bebd755931ee278fc970	3	07BFA49A	CN=api.github.com	CN=api.github.com	1697408033.000000	1728944033.000000	rsaEncryption	sha256WithRSAEncryption	rsa	2048	65537	-	api.github.com	-	-	-	F	-	T	F
1700000037.851847	457e43733fa01b1b993aaaac84b6d87e122d0ff89be70a2e229136082db16ca9	3	5CFBA653	CN=updates.example.com	CN=updates.example.com	1697408037.000000	1728944037.000000	rsaEncryption	sha256WithRSAEncryption	rsa	2048	65537	-	updates.example.com	-	-	-	F	-	T	F
1700000039.116931	31ce116a668243943d31545a3a29897b63ca5d358740eb9ee7ef2824e7c1b30b	3	71A7C91D	CN=api.github.com	CN=api.github.com	1697408039.000000	1728944039.000000	rsaEncryption	sha256WithRSAEncryption	rsa	2048	65537	-	api.github.com	-	-	-	F	-	T	F
1700000043.562973	8bd7f895fd7fce49f463407f7f5fbf3a4a09d976dbcae412bf7c3e423c522344	3	25D3F68D	CN=assets.example.co	CN=assets.example.co	1697408043.000000	1728944043.000000	rsaEncryption	sha256WithRSAEncryption	rsa	2048	65537	-	assets.example.co	-	-	-	F	-	T	F
1700000046.284423	165fd79a9731bed56d418fbeb653eac9503103505d51c3e8fffa15148e578d3f	3	58BB8627	CN=cdn.example.net	CN=cdn.example.net	1697408046.000000	1728944046.000000	rsaEncryption	sha256WithRSAEncryption	rsa	2048	65537	-	cdn.example.net	-	-	-	F	-	T	F
1700000047.187450	0ed2e4e7b1cfb73887c5174191eb622916bed8cc5aecf8842bd03a3ea74025dd	3	77ABAA7C	CN=cdn.example.net	CN=cdn.example.net	1697408047.000000	1728944047.000000	rsaEncryption	sha256WithRSAEncryption	rsa	2048	65537	-	cdn.example.net	-	-	-	F	-	T	F
1700000047.925945	48700fe1a50d62b774453d65b8f8a7654a074dff33636d2a2fb84304db156f0f	3	35C629E9	CN=cdn.example.net	CN=cdn.example.net	1697408047.000000	1728944047.000000	rsaEncryption	sha256WithRSAEncryption	rsa	2048	65537	-	cdn.example.net	-	-	-	F	-	T	F
1700000048.845831	521672ce692b9ff66aa0517986d54deb45c6c89e9a5dc9ad77d650ad7a213ecf	3	693F0D69	CN=cdn.example.net	CN=cdn.example.net	1697408048.000000	1728944048.000000	rsaEncryption	sha256WithRSAEncryption	rsa	2048	65537	-	cdn.example.net	-	-	-	F	-	T	F
1700000049.637673	dd0ea27ab7f9ba67e171290d7f96ba7484679a9ff4c253dab995fb609cc03bf1	3	215E93A6	CN=updates.example.com	CN=updates.example.com	1697408049.000000	1728944049.000000	rsaEncryption	sha256WithRSAEncryption	rsa	2048	65537	-	updates.example.com	-	-	-	F	-	T	F
1700000050.695720	d9dd5236d168612677b39a8c1b04709e34255d692daddb1d1ff55d3ccf43dfd5	3	2803D5D1	CN=assets.example.co	CN=assets.example.co	1697408050.000000	1728944050.000000	rsaEncryption	sha256WithRSAEncryption	rsa	2048	65537	-	assets.example.co	-	-	-	F	-	T	F
1700000051.335896	b9ece9091961a76137ef9ae2d29297afc6b85fb08a581990d0ba2db0e56a9b4e	3	57B4DBB6	CN=portal.example.io	CN=portal.example.io	1697408051.000000	1728944051.000000	rsaEncryption	sha256WithRSAEncryption	rsa	2048	65537	-	portal.example.io	-	-	-	F	-	T	F
1700000052.578024	8c55107626b5fb06e96519b9cf215c0ad1dab8d06424975a60dca684045202af	3	76EE741E	CN=assets.example.co	CN=assets.example.co	1697408052.000000	1728944052.000000	rsaEncryption	sha256WithRSAEncryption	rsa	2048	65537	-	assets.example.co	-	-	-	F	-	T	F
1700000053.033123	369724c4b76602081027cce416ee0884b147a1682ece7fd09a68bf408cb7002a	3	6C21AFB6	CN=updates.example.com	CN=updates.example.com	1697408052.000000	1728944052.000000	rsaEncryption	sha256WithRSAEncryption	rsa	2048	65537	-	updates.example.com	-	-	-	F	-	T	F
1700000077.535178	f220011784039b42eee42143eec1e305dd07ca741a49da3c917913ac3edb0531	3	08AE4527	CN=assets.example.co	CN=assets.example.co	1697408077.000000	1728944077.000000	rsaEncryption	sha256WithRSAEncryption	rsa	2048	65537	-	assets.example.co	-	-	-	F	-	T	F
1700000078.006212	32ab572e71a0ef099483ac0ce71b6ab8b03df6ac6272859be4a682a217e6ffab	3	2EAE79A3	CN=updates.example.com	CN=updates.example.com	1697408077.000000	1728944077.000000	rsaEncryption	sha256WithRSAEncryption	rsa	2048	65537	-	updates.example.com	-	-	-	F	-	T	F
1700000084.350570	82fadcad0379711e1f8fb03e6155fff224cf3852a1c3759dcdd5c530a43327fc	3	57205A31	CN=portal.example.io	CN=portal.example.io	1697408084.000000	1728944084.000000	rsaEncryption	sha256WithRSAEncryption	rsa	2048	65537	-	portal.example.io	-	-	-	F	-	T	F
1700000090.977029	a270d54957b5f10abb2fc793c09ea7605e53f03c8304a79a521ec89915c606b9	3	54C7DC4B	CN=www.example.org	CN=www.example.org	1697408090.000000	1728944090.000000	rsaEncryption	sha256WithRSAEncryption	rsa	2048	65537	-	www.example.org	-	-	-	F	-	T	F
1700000095.269133	4cff6265ac75d162d8fa9c0f81a97d0b61450a26df4712e2511a210acaa02de4	3	03FB2B7A	CN=updates.example.com	CN=updates.example.com	1697408095.000000	1728944095.000000	rsaEncryption	sha256WithRSAEncryption	rsa	2048	65537	-	updates.example.com	-	-	-	F	-	T	F
1700000104.432228	8c81e3b69d1ead0fddb43794ea3b5b61a804a8ff906b8dabd9f402d40a089287	3	10A8BA41	CN=www.example.org	CN=www.example.org	1697408104.000000	1728944104.000000	rsaEncryption	sha256WithRSAEncryption	rsa	2048	65537	-	www.example.org	-	-	-	F	-	T	F
1700000105.393669	606d2d064b94b80c8c7e1c3d706de89377929099bc378dd22a5690fb2bfdc6bf	3	01F383EE	CN=cdn.example.net	CN=cdn.example.net	1697408105.000000	1728944105.000000	rsaEncryption	sha256WithRSAEncryption	rsa	2048	65537	-	cdn.example.net	-	-	-	F	-	T	F
1700000107.755782	cbcd801673916bde6e10779e85cf40f9022758f69ca64d4ac695913221a1a932	3	7F796374	CN=cdn.example.net	CN=cdn.example.net	1697408107.000000	1728944107.000000	rsaEncryption	sha256WithRSAEncryption	rsa	2048	65537	-	cdn.example.net	-	-	-	F	-	T	F
1700000112.202826	dd4cfe4ce5391110fc6e54dd940ec6b185f2b056a79765f386bd2f7a224e8d5a	3	521849E2	CN=updates.example.com	CN=updates.example.com	1697408112.000000	1728944112.000000	rsaEncryption	sha256WithRSAEncryption	rsa	2048	65537	-	updates.example.com	-	-	-	F	-	T	F
1700000114.159212	612d0ca94f08d8bc0fb06e38872d59bbab8fa3b8e9533dcc8fc5c6597877dbbe	3	0913CA40	CN=updates.example.com	CN=updates.example.com	1697408114.000000	1728944114.000000	rsaEncryption	sha256WithRSAEncryption	rsa	2048	65537	-	updates.example.com	-	-	-	F	-	T	F
1700000115.245458	77c8f317de4c7ca85024a00fdb5dc4ba82b5380d2d105d7efb1862140b351f1f	3	07A43853	CN=updates.example.com	CN=updates.example.com	1697408115.000000	1728944115.000000	rsaEncryption	sha256WithRSAEncryption	rsa	2048	65537	-	updates.example.com	-	-	-	F	-	T	F
1700000117.081434	f34cff2c5146b8e1568ce6b0ae8d89c78be42fa4e547181f6a7418aea7420e8f	3	2A048E25	CN=api.github.com	CN=api.github.com	1697408117.000000	1728944117.000000	rsaEncryption	sha256WithRSAEncryption	rsa	2048	65537	-	api.github.com	-	-	-	F	-	T	F
1700000117.911024	b9ce79358dfbcc16e81b6eca15c9ae502f4110e376c17e54fe806a57c88702b0	3	0DBD64E6	CN=updates.example.com	CN=updates.example.com	1697408117.000000	1728944117.000000	rsaEncryption	sha256WithRSAEncryption	rsa	2048	65537	-	updates.example.com	-	-	-	F	-	T	F
1700000119.558559	dd0910b8c0a6b65505263b7597802c44b22a867786d92a638729e6b6981dee10	3	67953C88	CN=updates.example.com	CN=updates.example.com	1697408119.000000	1728944119.000000	rsaEncryption	sha256WithRSAEncryption	rsa	2048	65537	-	updates.example.com	-	-	-	F	-	T	F
1700000125.723677	6a8550c695a6d71f3ff779676135a3a26e9cb173e17f720328b38b019c1b3ba7	3	6FF9EC59	CN=portal.example.io	CN=portal.example.io	1697408125.000000	1728944125.000000	rsaEncryption	sha256WithRSAEncryption	rsa	2048	65537	-	portal.example.io	-	-	-	F	-	T	F
1700000143.099744	2005e6389f0476c10e72351502f1d691e437c19e71dc10f477a25594b576a994	3	6949D2E0	CN=www.example.org	CN=www.example.org	1697408143.000000	1728944143.000000	rsaEncryption	sha256WithRSAEncryption	rsa	2048	65537	-	www.example.org	-	-	-	F	-	T	F
1700000143.819738	7d87d21eace72cc548e5b3cd23aedea0598bc3007706242772923d355259651c	3	54B016DF	CN=api.github.com	CN=api.github.com	1697408143.000000	1728944143.000000	rsaEncryption	sha256WithRSAEncryption	rsa	2048	65537	-	api.github.com	-	-	-	F	-	T	F
1700000145.510303	c7ab78629d742cbebfc4c1bf53ae77a173639afdd35ef994ed71f4ffd5716601	3	2E6D11DF	CN=api.github.com	CN=api.github.com	1697408145.000000	1728944145.000000	rsaEncryption	sha256WithRSAEncryption	rsa	2048	65537	-	api.github.com	-	-	-	F	-	T	F
1700000149.070147	6ab091f28b9781b7fb3a36244126efaa51b4a9df3931b8b15d150e8982b53a04	3	6025591B	CN=assets.example.co	CN=assets.example.co	1697408149.000000	1728944149.000000	rsaEncryption	sha256WithRSAEncryption	rsa	2048	65537	-	assets.example.co	-	-	-	F	-	T	F
1700000150.036175	a53b07dbb5172b82896a93fee89963161813e953d56e0d700b7ac469925f04cd	3	71AA3B0B	CN=updates.example.com	CN=updates.example.com	1697408149.000000	1728944149.000000	rsaEncryption	sha256WithRSAEncryption	rsa	2048	65537	-	updates.example.com	-	-	-	F	-	T	F
1700000150.548911	e18ec914c3e130ebc976c7cfbdf6525b82162c527bd4550e8c0c328e16ad4263	3	3A382357	CN=www.example.org	CN=www.example.org	1697408150.000000	1728944150.000000	rsaEncryption	sha256WithRSAEncryption	rsa	2048	65537	-	www.example.org	-	-	-	F	-	T	F
1700000151.145341	487c18ed21f636ac26497635a2348eb3910362d47e15b54842c65605776681f9	3	2D19A5B7	CN=updates.example.com	CN=updates.example.com	1697408151.000000	1728944151.000000	rsaEncryption	sha256WithRSAEncryption	rsa	2048	65537	-	updates.example.com	-	-	-	F	-	T	F
1700000151.291676	0f70dc63e471ee68b9bc1ddc6205e424e4ceed1aefe46d38271154db725f1c4a	3	066BC426	CN=portal.example.io	CN=portal.example.io	1697408151.000000	1728944151.000000	rsaEncryption	sha256WithRSAEncryption	rsa	2048	65537	-	portal.example.io	-	-	-	F	-	T	F
1700000151.431044	7b79b26b8ed0aabbc0fbd32816108fcec9f3ec7c233d01f3188902d64b6025ed	3	34A9A067	CN=cdn.example.net	CN=cdn.example.net	1697408151.000000	1728944151.000000	rsaEncryption	sha256WithRSAEncryption	rsa	2048	65537	-	cdn.example.net	-	-	-	F	-	T	F
1700000151.638163	f2d7c85ad85c7fe1ec2fe16a6c2ad541929854d32b86f04c593b443375633aec	3	2DA14155	CN=portal.example.io	CN=portal.example.io	1697408151.000000	1728944151.000000	rsaEncryption	sha256WithRSAEncryption	rsa	2048	65537	-	portal.example.io	-	-	-	F	-	T	F
1700000151.655670	f19d2f00fcb0bf7a72945dbb1d4d19063eaa8185cd1175f5efa9105477854f40	3	26BE745A	CN=www.example.org	CN=www.example.org	1697408151.000000	1728944151.000000	rsaEncryption	sha256WithRSAEncryption	rsa	2048	65537	-	www.example.org	-	-	-	F	-	T	F
1700000155.172223	326db5a88503edeef7151f6917296eac2774fc8ab822d30fead39fa0fa47e87d	3	62E916E6	CN=assets.example.co	CN=assets.example.co	1697408155.000000	1728944155.000000	rsaEncryption	sha256WithRSAEncryption	rsa	2048	65537	-	assets.example.co	-	-	-	F	-	T	F
1700000159.290437	cd13c185719639ad65a6ad63ace6d181049b498030eca4c92bc1a74e4d9c0e60	3	5593ABD5	CN=api.github.com	CN=api.github.com	1697408159.000000	1728944159.000000	rsaEncryption	sha256WithRSAEncryption	rsa	2048	65537	-	api.github.com	-	-	-	F	-	T	F
1700000159.456100	131c5f547a0ffe9de88ccb328dfa39b46472ec3af9065a9cdaae3a01daa65dfb	3	6DC085F5	CN=portal.example.io	CN=portal.example.io	1697408159.000000	1728944159.000000	rsaEncryption	sha256WithRSAEncryption	rsa	2048	65537	-	portal.example.io	-	-	-	F	-	T	F
1700000168.674091	fe3e8efe60c1a0262045670bb1c5c81c09f88c01c6ffb761c1a7d9ec292ce2ea	3	162F5B51	CN=www.example.org	CN=www.example.org	1697408168.000000	1728944168.000000	rsaEncryption	sha256WithRSAEncryption	rsa	2048	65537	-	www.example.org	-	-	-	F	-	T	F
1700000169.606394	770c24748a79c917c478eb48028e1898c7e6f5beaaa75c8981c6ff350accf071	3	2F62026A	CN=portal.example.io	CN=portal.example.io	1697408169.000000	1728944169.000000	rsaEncryption	sha256WithRSAEncryption	rsa	2048	65537	-	portal.example.io	-	-	-	F	-	T	F
1700000171.354394	3a76579b69a578a600a5b825dd961c0465defc6444273b8b2c51454b4b2cf6a5	3	7C245A76	CN=www.example.org	CN=www.example.org	1697408171.000000	1728944171.000000	rsaEncryption	sha256WithRSAEncryption	rsa	2048	65537	-	www.example.org	-	-	-	F	-	T	F
1700000175.599011	45267d48156b662ca38c7c628313bd88e04bf160a21e4e042e41b295c4f33025	3	45E7D59B	CN=updates.example.com	CN=updates.example.com	1697408175.000000	1728944175.000000	rsaEncryption	sha256WithRSAEncryption	rsa	2048	65537	-	updates.example.com	-	-	-	F	-	T	F
1700000176.740016	0e102e34ceea536ce982ced1194d08cf60de5b407bae3516a7ed68619d2493f9	3	0989B560	CN=portal.example.io	CN=portal.example.io	1697408176.000000	1728944176.000000	rsaEncryption	sha256WithRSAEncryption	rsa	2048	65537	-	portal.example.io	-	-	-	F	-	T	F
1700000185.293201	2b631324e5ab13cd30eeb80f6254331f69e3408d260277d32a9230015e022949	3	63455E70	CN=portal.example.io	CN=portal.example.io	1697408185.000000	1728944185.000000	rsaEncryption	sha256WithRSAEncryption	rsa	2048	65537	-	portal.example.io	-	-	-	F	-	T	F
1700000185.498611	96137274c731ec94ad1da1dbaeeb7fa54cc3961a50da65c9e2ddaab715d3782c	3	2C05430B	CN=cdn.example.net	CN=cdn.example.net	1697408185.000000	1728944185.000000	rsaEncryption	sha256WithRSAEncryption	rsa	2048	65537	-	cdn.example.net	-	-	-	F	-	T	F
1700000187.651895	a51fd40b1a05790c70fdaaa8efeb9d303a7d5eefc725a272c8a868dd7cf5d3c6	3	6B9D2440	CN=assets.example.co	CN=assets.example.co	1697408187.000000	1728944187.000000	rsaEncryption	sha256WithRSAEncryption	rsa	2048	65537	-	assets.example.co	-	-	-	F	-	T	F
1700000187.722416	348e66c7f5ec6de91e1f34d20bbb28a0159727b867057c07ff9cd792de90ddf8	3	4CBCFFE8	CN=portal.example.io	CN=portal.example.io	1697408187.000000	1728944187.000000	rsaEncryption	sha256WithRSAEncryption	rsa	2048	65537	-	portal.example.io	-	-	-	F	-	T	F
1700000188.067554	68c4ea2393d63f71d872fe88c7cc3a2bad0c3ba5e7ea9924af93093ade16e095	3	1768BE03	CN=www.example.org	CN=www.example.org	1697408187.000000	1728944187.000000	rsaEncryption	sha256WithRSAEncryption	rsa	2048	65537	-	www.example.org	-	-	-	F	-	T	F
1700000218.657122	a11b6699a17b598efe5b5a6b01885661a6438de2d97e8b2a717517478fd45a4b	3	5FB1FB1E	CN=updates.example.com	CN=updates.example.com	1697408218.000000	1728944218.000000	rsaEncryption	sha256WithRSAEncryption	rsa	2048	65537	-	updates.example.com	-	-	-	F	-	T	F
1700000222.237017	e0849d2009bcd5792374bafd3668e63b57f08ca199b031e15bb0b7be59c6043d	3	7AA02976	CN=cdn.example.net	CN=cdn.example.net	1697408222.000000	1728944222.000000	rsaEncryption	sha256WithRSAEncryption	rsa	2048	65537	-	cdn.example.net	-	-	-	F	-	T	F
1700000225.415318	8cb0883c44808f6fc1baec4599a70451c7221c2734abcfe7895ff85d7a143414	3	77B54477	CN=api.github.com	CN=api.github.com	1697408225.000000	1728944225.000000	rsaEncryption	sha256WithRSAEncryption	rsa	2048	65537	-	api.github.com	-	-	-	F	-	T	F
1700000229.375114	2405b3ed074bc391f6daa2a52894c0268cb9eebbcbc41d411da3152893fbd3d5	3	783640CC	CN=portal.example.io	CN=portal.example.io	1697408229.000000	1728944229.000000	rsaEncryption	sha256WithRSAEncryption	rsa	2048	65537	-	portal.example.io	-	-	-	F	-	T	F
1700000229.555122	d62a9dca329a74e5fdf599689d52111d712c98865fc9e04e92af9e0f4746a894	3	7114BE93	CN=cdn.example.net	CN=cdn.example.net	1697408229.000000	1728944229.000000	rsaEncryption	sha256WithRSAEncryption	rsa	2048	65537	-	cdn.example.net	-	-	-	F	-	T	F
1700000230.190325	96981b4cb66f9bdc1f5407511129993bc81bbb8bbd419d33329211faccd517db	3	2F768335	CN=portal.example.io	CN=portal.example.io	1697408230.000000	1728944230.000000	rsaEncryption	sha256WithRSAEncryption	rsa	2048	65537	-	portal.example.io	-	-	-	F	-	T	F
1700000230.950351	515101d6c3f6f6cb2d3d60869aca7c4794daea5effb7609a0070bee86d3d928b	3	7EC60487	CN=api.github.com	CN=api.github.com	1697408230.000000	1728944230.000000	rsaEncryption	sha256WithRSAEncryption	rsa	2048	65537	-	api.github.com	-	-	-	F	-	T	F
1700000231.295305	e2538c45ad48e18c6be3b44d6487878c10db4db04c856c1c1414daa04141404d	3	38174B9C	CN=www.example.org	CN=www.example.org	1697408231.000000	1728944231.000000	rsaEncryption	sha256WithRSAEncryption	rsa	2048	65537	-	www.example.org	-	-	-	F	-	T	F
1700000231.312362	b10cd4617f99f1ceaf0d313e32aaae9e69de9ccec4bae55f4ade902ccfcc807a	3	36571F28	CN=assets.example.co	CN=assets.example.co	1697408231.000000	1728944231.000000	rsaEncryption	sha256WithRSAEncryption	rsa	2048	65537	-	assets.example.co	-	-	-	F	-	T	F
1700000231.949074	e80a3161a9d0bca08d9a26a58102880e6471b9f0e201aa96074dedf928e537a4	3	17AEB21E	CN=api.github.com	CN=api.github.com	1697408231.000000	1728944231.000000	rsaEncryption	sha256WithRSAEncryption	rsa	2048	65537	-	api.github.com	-	-	-	F	-	T	F
1700000233.005064	31a0143595fd0638bf6472aa13091c90fb31b9ec2356c31e72afd01e49ca02b0	3	7A47C1E8	CN=updates.example.com	CN=updates.example.com	1697408232.000000	1728944232.000000	rsaEncryption	sha256WithRSAEncryption	rsa	2048	65537	-	updates.example.com	-	-	-	F	-	T	F
1700000233.455548	45206a0ee2596d594fb60f0af9640a58cffd5d16588642c8274941e7dbc6ccd6	3	77180121	CN=api.github.com	CN=api.github.com	1697408233.000000	1728944233.000000	rsaEncryption	sha256WithRSAEncryption	rsa	2048	65537	-	api.github.com	-	-	-	F	-	T	F
1700000238.954157	15a5b4bb659a06e592b510a57da5ade9a17717a90639e96c1c06eddb234a6a9b	3	76F918B8	CN=updates.example.com	CN=updates.example.com	1697408238.000000	1728944238.000000	rsaEncryption	sha256WithRSAEncryption	rsa	2048	65537	-	updates.example.com	-	-	-	F	-	T	F
1700000240.251035	2cd44e1d077311746485e33e3e5a65661f09c7cb7bc3a41be612b71fafd3105c	3	16501CC6	CN=portal.example.io	CN=portal.example.io	1697408240.000000	1728944240.000000	rsaEncryption	sha256WithRSAEncryption	rsa	2048	65537	-	portal.example.io	-	-	-	F	-	T	F
1700000250.632630	cb1eae68e8dd825b1947081ae77863edade51f174fa101d96e20eaaa7d0e7196	3	3F75DBB4	CN=assets.example.co	CN=assets.example.co	1697408250.000000	1728944250.000000	rsaEncryption	sha256WithRSAEncryption	rsa	2048	65537	-	assets.example.co	-	-	-	F	-	T	F
1700000252.225316	94b6237e85fad4353c69d529648f7f401ce9e93a75884c07a8b2d5e5485cdd6e	3	7D750625	CN=portal.example.io	CN=portal.example.io	1697408252.000000	1728944252.000000	rsaEncryption	sha256WithRSAEncryption	rsa	2048	65537	-	portal.example.io	-	-	-	F	-	T	F
1700000253.793236	4222bde259ecd1e4c4b64760d4b49c11024126644b3423b044a0a24bc5864c62	3	2AD34557	CN=updates.example.com	CN=updates.example.com	1697408253.000000	1728944253.000000	rsaEncryption	sha256WithRSAEncryption	rsa	2048	65537	-	updates.example.com	-	-	-	F	-	T	F
1700000255.126367	efa27b2dea21fe81ac04c2fb1a7bb236caae4556e17eb7b69c1438eba7722845	3	7441B5B0	CN=cdn.example.net	CN=cdn.example.net	1697408255.000000	1728944255.000000	rsaEncryption	sha256WithRSAEncryption	rsa	2048	65537	-	cdn.example.net	-	-	-	F	-	T	F
1700000255.790190	7076090d95e8effd2d4b0fd5385fdd81d400e96b98423140e46f303734336f19	3	3E0D3287	CN=portal.example.io	CN=portal.example.io	1697408255.000000	1728944255.000000	rsaEncryption	sha256WithRSAEncryption	rsa	2048	65537	-	portal.example.io	-	-	-	F	-	T	F
1700000258.983947	9cc75012101986e561e78a75254de044f1bd81a071978063c87dcf056a6761cc	3	725DE9D1	CN=www.example.org	CN=www.example.org	1697408258.000000	1728944258.000000	rsaEncryption	sha256WithRSAEncryption	rsa	2048	65537	-	www.example.org	-	-	-	F	-	T	F
1700000259.758248	4142df7153e669eadc4e7abc64294ce221d8f2ecf6cde5c96ae5d56b4a5f23ae	3	44F99451	CN=assets.example.co	CN=assets.example.co	1697408259.000000	1728944259.000000	rsaEncryption	sha256WithRSAEncryption	rsa	2048	65537	-	assets.example.co	-	-	-	F	-	T	F
1700000261.442129	ed40b9ab491ec376d2723539c38649e0310cc807095c9558d3aced2a3aedeb62	3	0C4395D2	CN=updates.example.com	CN=updates.example.com	1697408261.000000	1728944261.000000	rsaEncryption	sha256WithRSAEncryption	rsa	2048	65537	-	updates.example.com	-	-	-	F	-	T	F
1700000275.044929	02f06b460b9fc194361b06e8b78a4ff63548c0cedda56ce31d89a5d3aeed786d	3	3C742F3B	CN=assets.example.co	CN=assets.example.co	1697408274.000000	1728944274.000000	rsaEncryption	sha256WithRSAEncryption	rsa	2048	65537	-	assets.example.co	-	-	-	F	-	T	F
1700000276.692572	6661dc775f55ae19e130d9d93a321ff30f47f051e50a14903be382b87563fe74	3	7D901C92	CN=www.example.org	CN=www.example.org	1697408276.000000	1728944276.000000	rsaEncryption	sha256WithRSAEncryption	rsa	2048	65537	-	www.example.org	-	-	-	F	-	T	F
1700000277.421430	fec14d3b3ca36c37770ec9e6df26afe095672c5f474b21bfccbe22369d90b1cc	3	0C2EF7E7	CN=api.github.com	CN=api.github.com	1697408277.000000	1728944277.000000	rsaEncryption	sha256WithRSAEncryption	rsa	2048	65537	-	api.github.com	-	-	-	F	-	T	F
1700000279.274732	9cd8c1baa55aba8c9ccc2625faf8f0b3c5fe1115c70cd0414c0f43c74491af73	3	4CCB0442	CN=assets.example.co	CN=assets.example.co	1697408279.000000	1728944279.000000	rsaEncryption	sha256WithRSAEncryption	rsa	2048	65537	-	assets.example.co	-	-	-	F	-	T	F
1700000280.761674	a3abf4c38c411666a2540ab3f82add78880002a26c239421d9868a4f7e592be9	3	3ADC15B0	CN=cdn.example.net	CN=cdn.example.net	1697408280.000000	1728944280.000000	rsaEncryption	sha256WithRSAEncryption	rsa	2048	65537	-	cdn.example.net	-	-	-	F	-	T	F
1700000284.476511	d7512ce05785d857a4f00e08d7d3f525577d69761bc7cf7a9d8db79dd4ad91ee	3	7D020C8F	CN=www.example.org	CN=www.example.org	1697408284.000000	1728944284.000000	rsaEncryption	sha256WithRSAEncryption	rsa	2048	65537	-	www.example.org	-	-	-	F	-	T	F
1700000285.609483	8d8ff2965050b86b3dba23d493c307bb39af550e69767c8aa9d3362201dfc4c6	3	6180FAA3	CN=assets.example.co	CN=assets.example.co	1697408285.000000	1728944285.000000	rsaEncryption	sha256WithRSAEncryption	rsa	2048	65537	-	assets.example.co	-	-	-	F	-	T	F
1700000285.775696	c019cdb4cf3fc1bb9827e38ccec777aa2f277cc0f428ef3cb27335821f3a62df	3	67F26D7C	CN=www.example.org	CN=www.example.org	1697408285.000000	1728944285.000000	rsaEncryption	sha256WithRSAEncryption	rsa	2048	65537	-	www.example.org	-	-	-	F	-	T	F
1700000286.495551	cce8ce14bfe246e145bead55cbd9365ff2a595030e5cfc4dd35629631357d603	3	6DBAB380	CN=portal.example.io	CN=portal.example.io	1697408286.000000	1728944286.000000	rsaEncryption	sha256WithRSAEncryption	rsa	2048	65537	-	portal.example.io	-	-	-	F	-	T	F
1700000306.896031	e85207156aa9c384b7fd3fe555f5066c3300d1a1f02267fcafd99a7baa3da159	3	72177CAF	CN=cdn.example.net	CN=cdn.example.net	1697408306.000000	1728944306.000000	rsaEncryption	sha256WithRSAEncryption	rsa	2048	65537	-	cdn.example.net	-	-	-	F	-	T	F
1700000309.081457	1ae8f821dd6c9edc2d2bb23b5be614f117a4730c14d094f33d3cee35cd81e46b	3	0E5E61A0	CN=updates.example.com	CN=updates.example.com	1697408309.000000	1728944309.000000	rsaEncryption	sha256WithRSAEncryption	rsa	2048	65537	-	updates.example.com	-	-	-	F	-	T	F
1700000309.430135	c67a4a5eb3493658dd6c828bfe330d913901e92871672da7eaeebc88e24609ae	3	606378A5	CN=portal.example.io	CN=portal.example.io	1697408309.000000	1728944309.000000	rsaEncryption	sha256WithRSAEncryption	rsa	2048	65537	-	portal.example.io	-	-	-	F	-	T	F
1700000311.303539	9b8e46cc9b2442dc03f4bfd1f56c5fee387569285304df9b0ec7ee156967ac4a	3	4CB12D3F	CN=portal.example.io	CN=portal.example.io	1697408311.000000	1728944311.000000	rsaEncryption	sha256WithRSAEncryption	rsa	2048	65537	-	portal.example.io	-	-	-	F	-	T	F
1700000316.412354	809ff5672fad857b650ed176b1308bea3e877ecfc020caa75327e43d261e71fa	3	09A4C0B6	CN=assets.example.co	CN=assets.example.co	1697408316.000000	1728944316.000000	rsaEncryption	sha256WithRSAEncryption	rsa	2048	65537	-	assets.example.co	-	-	-	F	-	T	F
1700000374.110944	d60a8b9ad144f8845e4f93ca4c9ca2875c68e98dbbaebbe28190b525ab0302eb	3	604B0306	CN=assets.example.co	CN=assets.example.co	1697408374.000000	1728944374.000000	rsaEncryption	sha256WithRSAEncryption	rsa	2048	65537	-	assets.example.co	-	-	-	F	-	T	F
1700000374.698679	35b07eaf9f1a4e560da176e341b8bb3e86d6433367a01be421428abb38f119e2	3	68FDE333	CN=assets.example.co	CN=assets.example.co	1697408374.000000	1728944374.000000	rsaEncryption	sha256WithRSAEncryption	rsa	2048	65537	-	assets.example.co	-	-	-	F	-	T	F
1700000376.156657	28bd2607a3076d71c8fc41c953c127852d5ee59e0976d53ab4303b02aea643b0	3	328DFB3A	CN=portal.example.io	CN=portal.example.io	1697408376.000000	1728944376.000000	rsaEncryption	sha256WithRSAEncryption	rsa	2048	65537	-	portal.example.io	-	-	-	F	-	T	F
1700000377.396436	1ce8e48cd5c1a766bb34b81b1bd08404f9f887c22691d7e584e29970d2306a2a	3	25364016	CN=www.example.org	CN=www.example.org	1697408377.000000	1728944377.000000	rsaEncryption	sha256WithRSAEncryption	rsa	2048	65537	-	www.example.org	-	-	-	F	-	T	F
1700000378.021462	955d68c9ffada8b01dab630d0f7181bd1adcf39dcb30c527852f741fc937d5cb	3	67CC55DC	CN=cdn.example.net	CN=cdn.example.net	1697408377.000000	1728944377.000000	rsaEncryption	sha256WithRSAEncryption	rsa	2048	65537	-	cdn.example.net	-	-	-	F	-	T	F
1700000380.624698	61941d4206a44a037749ddc7e0b80bd9ca4916c71fef492f6d1579b2406be567	3	306CDA83	CN=cdn.example.net	CN=cdn.example.net	1697408380.000000	1728944380.000000	rsaEncryption	sha256WithRSAEncryption	rsa	2048	65537	-	cdn.example.net	-	-	-	F	-	T	F
1700000392.141987	1981c410cc8e7ec9862740ea8c4c18653399d01a09d9ccf8f94581c721a5f9f7	3	319ECA02	CN=assets.example.co	CN=assets.example.co	1697408392.000000	1728944392.000000	rsaEncryption	sha256WithRSAEncryption	rsa	2048	65537	-	assets.example.co	-	-	-	F	-	T	F
1700000394.022173	a5903c593dc32d77a23c2b32f70816dbf749c18a5f14f5dd321bf9ababee97ec	3	4D9FF867	CN=www.example.org	CN=www.example.org	1697408393.000000	1728944393.000000	rsaEncryption	sha256WithRSAEncryption	rsa	2048	65537	-	www.example.org	-	-	-	F	-	T	F
1700000394.249991	ab09a56122fa6d04a9d35e0c0c4c2e7bbed81a60a3973138f3ddc59a7f0e32b1	3	3D4E5CD5	CN=www.example.org	CN=www.example.org	1697408394.000000	1728944394.000000	rsaEncryption	sha256WithRSAEncryption	rsa	2048	65537	-	www.example.org	-	-	-	F	-	T	F
1700000396.799287	c28c934e93a3db9a0bc1920e72d57d1c2db164cbf53d44904d183dc3d78c8731	3	2D345DA8	CN=cdn.example.net	CN=cdn.example.net	1697408396.000000	1728944396.000000	rsaEncryption	sha256WithRSAEncryption	rsa	2048	65537	-	cdn.example.net	-	-	-	F	-	T	F
1700000399.528706	7b5078f8f1c9f84484a9cee2a708fb434782c3e4eacf0927bdb066aab08d1ddb	3	0CA087C4	CN=portal.example.io	CN=portal.example.io	1697408399.000000	1728944399.000000	rsaEncryption	sha256WithRSAEncryption	rsa	2048	65537	-	portal.example.io	-	-	-	F	-	T	F
1700000399.865406	b9236f32d3863a7708a612c2f631776629f8cb68cc6db8dbb5d0f2bfe2a47a8a	3	488D79B1	CN=api.github.com	CN=api.github.com	1697408399.000000	1728944399.000000	rsaEncryption	sha256WithRSAEncryption	rsa	2048	65537	-	api.github.com	-	-	-	F	-	T	F
1700000401.768547	8da074b1d69eed3041f6a291ec01fd486e09cb8ccba33fa97a5ec65adfa0824f	3	34340BA3	CN=portal.example.io	CN=portal.example.io	1697408401.000000	1728944401.000000	rsaEncryption	sha256WithRSAEncryption	rsa	2048	65537	-	portal.example.io	-	-	-	F	-	T	F
1700000402.101157	193c2df584679a78a9246cc7c87626e45f0bc7bcc9cc7ebef5561c036fc653e7	3	1C74CC6A	CN=www.example.org	CN=www.example.org	1697408402.000000	1728944402.000000	rsaEncryption	sha256WithRSAEncryption	rsa	2048	65537	-	www.example.org	-	-	-	F	-	T	F
1700000402.162464	f51cf5eed5d4de9a274a4bc55a7bb597cc3c830a41c6fbe4d7bf03ef024b00b4	3	6705E6D8	CN=cdn.example.net	CN=cdn.example.net	1697408402.000000	1728944402.000000	rsaEncryption	sha256WithRSAEncryption	rsa	2048	65537	-	cdn.example.net	-	-	-	F	-	T	F
1700000423.892224	f7b0306c2f72e3219654502b60f71c45be8081a58cd3375b089233a19e2fc09a	3	53FB23BB	CN=assets.example.co	CN=assets.example.co	1697408423.000000	1728944423.000000	rsaEncryption	sha256WithRSAEncryption	rsa	2048	65537	-	assets.example.co	-	-	-	F	-	T	F
1700000448.081825	d428489c404d55e0afe9578137525dd3710da01b80318f660d154507f6843bd6	3	72AF7F3E	CN=updates.example.com	CN=updates.example.com	1697408448.000000	1728944448.000000	rsaEncryption	sha256WithRSAEncryption	rsa	2048	65537	-	updates.example.com	-	-	-	F	-	T	F
1700000448.682066	370c214ce9cb3cc748d8304b44dc71c3cd594db6cb5b99014b7813fc4d8cf7f8	3	55705F85	CN=api.github.com	CN=api.github.com	1697408448.000000	1728944448.000000	rsaEncryption	sha256WithRSAEncryption	rsa	2048	65537	-	api.github.com	-	-	-	F	-	T	F
1700000450.149346	8a356918b1e90d3998db5abd1e247d00725e2998b54e21e09118d883262079d9	3	720D52D1	CN=portal.example.io	CN=portal.example.io	1697408450.000000	1728944450.000000	rsaEncryption	sha256WithRSAEncryption	rsa	2048	65537	-	portal.example.io	-	-	-	F	-	T	F
1700000453.401755	0884f2b911e80ca734e83f22fd63b0a9f32375ea0c4d8f2e7206aa7951c722fd	3	3EA0C105	CN=cdn.example.net	CN=cdn.example.net	1697408453.000000	1728944453.000000	rsaEncryption	sha256WithRSAEncryption	rsa	2048	65537	-	cdn.example.net	-	-	-	F	-	T	F
1700000455.505445	3147722597193cc6723c98995cffc16c44cb5c186a32158f2e8b153a7244aa89	3	0D73EA42	CN=assets.example.co	CN=assets.example.co	1697408455.000000	1728944455.000000	rsaEncryption	sha256WithRSAEncryption	rsa	2048	65537	-	assets.example.co	-	-	-	F	-	T	F
1700000457.614725	fe2ded15f3697c5c32cec09282a8cc1b870d08f5a765e58d7de34546ae6897f5	3	5D80FC0E	CN=updates.example.com	CN=updates.example.com	1697408457.000000	1728944457.000000	rsaEncryption	sha256WithRSAEncryption	rsa	2048	65537	-	updates.example.com	-	-	-	F	-	T	F
1700000458.865454	28dcdc22d3eb2a5abb1585296564fe7917564009468e3bb25102dc1af27ec23d	3	2B425A34	CN=api.github.com	CN=api.github.com	1697408458.000000	1728944458.000000	rsaEncryption	sha256WithRSAEncryption	rsa	2048	65537	-	api.github.com	-	-	-	F	-	T	F
1700000462.230408	29d9b9e77cf3fc71db8c73d9d6c6cf2ed696879197c9cbe944815d13ed125cae	3	13D89091	CN=assets.example.co	CN=assets.example.co	1697408462.000000	1728944462.000000	rsaEncryption	sha256WithRSAEncryption	rsa	2048	65537	-	assets.example.co	-	-	-	F	-	T	F
1700000493.654320	b8d5203c5b70c74a6c12e27ceb48895ffcfe811c6c16305dd51f32cb679db977	3	23098961	CN=assets.example.co	CN=assets.example.co	1697408493.000000	1728944493.000000	rsaEncryption	sha256WithRSAEncryption	rsa	2048	65537	-	assets.example.co	-	-	-	F	-	T	F
1700000495.049111	2f20f0ef2a57dbb0914151657470acb59a01d4a44a09efc110e1212bd28e458d	3	307AC183	CN=www.example.org	CN=www.example.org	1697408494.000000	1728944494.000000	rsaEncryption	sha256WithRSAEncryption	rsa	2048	65537	-	www.example.org	-	-	-	F	-	T	F
1700000496.539707	579a959551dcc54dbf2439597a3f9208c5fb0011ee21ce8faae0afb4d55219b8	3	0B18B811	CN=updates.example.com	CN=updates.example.com	1697408496.000000	1728944496.000000	rsaEncryption	sha256WithRSAEncryption	rsa	2048	65537	-	updates.example.com	-	-	-	F	-	T	F
1700000500.036257	d2a4d666059a596329dcbb856b5180953c6619d06d586c7518d9c329217e0aa4	3	2BBDDF01	CN=cdn.example.net	CN=cdn.example.net	1697408499.000000	1728944499.000000	rsaEncryption	sha256WithRSAEncryption	rsa	2048	65537	-	cdn.example.net	-	-	-	F	-	T	F
1700000533.271338	e835409981cfd88cb8398c8d7366a6eaecb0c7df3a3f3abe08dbbd570e5ee52a	3	0BB59C42	CN=assets.example.co	CN=assets.example.co	1697408533.000000	1728944533.000000	rsaEncryption	sha256WithRSAEncryption	rsa	2048	65537	-	assets.example.co	-	-	-	F	-	T	F
1700000534.246324	751895a2f64dc771d9f8886d78daede3fcbe037683522671043a69178507ad23	3	264B5429	CN=www.example.org	CN=www.example.org	1697408534.000000	1728944534.000000	rsaEncryption	sha256WithRSAEncryption	rsa	2048	65537	-	www.example.org	-	-	-	F	-	T	F
1700000537.301927	8906828d6bf5df85f412267e88c9c49e48d55519e59edee0b8ad8c5ed6f389a0	3	2EBA0273	CN=www.example.org	CN=www.example.org	1697408537.000000	1728944537.000000	rsaEncryption	sha256WithRSAEncryption	rsa	2048	65537	-	www.example.org	-	-	-	F	-	T	F
1700000540.569817	11119657b76b80624b7d513eb1d5b89cde24569be05e9ec065821775db0cd717	3	7A54A613	CN=www.example.org	CN=www.example.org	1697408540.000000	1728944540.000000	rsaEncryption	sha256WithRSAEncryption	rsa	2048	65537	-	www.example.org	-	-	-	F	-	T	F
1700000565.848724	29b44ca3c8fd426331621709c5b5563d0ef9ab7d284d5de1fc86394a064e9880	3	1FE6392D	CN=www.example.org	CN=www.example.org	1697408565.000000	1728944565.000000	rsaEncryption	sha256WithRSAEncryption	rsa	2048	65537	-	www.example.org	-	-	-	F	-	T	F
1700000570.015253	665805f54e60ec4f3e93fe42d0a31858bb421e003cdf176bb3a46dacb9261d7b	3	2F5500FB	CN=cdn.example.net	CN=cdn.example.net	1697408569.000000	1728944569.000000	rsaEncryption	sha256WithRSAEncryption	rsa	2048	65537	-	cdn.example.net	-	-	-	F	-	T	F
1700000570.622740	c1af73015ea8d6a546f123ac4b79188f2fdf30fcf0cc457e1ea7dcd46ccf3e2e	3	1FAE4C6E	CN=api.github.com	CN=api.github.com	1697408570.000000	1728944570.000000	rsaEncryption	sha256WithRSAEncryption	rsa	2048	65537	-	api.github.com	-	-	-	F	-	T	F
1700000571.553503	7d38864044d124512d47e61e8e7c64785bd17e378bc45e9b9325120ea504f28c	3	2D514458	CN=www.example.org	CN=www.example.org	1697408571.000000	1728944571.000000	rsaEncryption	sha256WithRSAEncryption	rsa	2048	65537	-	www.example.org	-	-	-	F	-	T	F
1700000576.905077	4b180f49773485ec1e79981e94025cd0dbfa58f2268606662c3a79a1ef8019b0	3	182A17B9	CN=api.github.com	CN=api.github.com	1697408576.000000	1728944576.000000	rsaEncryption	sha256WithRSAEncryption	rsa	2048	65537	-	api.github.com	-	-	-	F	-	T	F
#close	2026-07-16-17-52-23
