#separator \x09
#set_separator	,
#empty_field	(empty)
#unset_field	-
#path	x509
#open	2026-07-17-13-27-09
#fields	ts	fingerprint	certificate.version	certificate.serial	certificate.subject	certificate.issuer	certificate.not_valid_before	certificate.not_valid_after	certificate.key_alg	certificate.sig_alg	certificate.key_type	certificate.key_length	certificate.exponent	certificate.curve	san.dns	san.uri	san.email	san.ip	basic_constraints.ca	basic_constraints.path_len	host_cert	client_cert
#types	time	string	count	string	string	string	time	time	string	string	string	count	string	string	vector[string]	vector[string]	vector[string]	vector[addr]	bool	count	bool	bool
1700000036.870355	fc70ce31755c22aaaadde7bb84f679d9e365f45217e2977bae704c16424b6013	3	47434B87	CN=cdn.example.net	CN=cdn.example.net	1697408036.000000	1728944036.000000	rsaEncryption	sha256WithRSAEncryption	rsa	2048	65537	-	cdn.example.net	-	-	-	F	-	T	F
1700000038.336625	d2e2ca6740a118fcbb4296fa6cd32d00daf0add54f07ba9b0ff0186a5a77a609	3	1557A35E	CN=portal.example.io	CN=portal.example.io	1697408038.000000	1728944038.000000	rsaEncryption	sha256WithRSAEncryption	rsa	2048	65537	-	portal.example.io	-	-	-	F	-	T	F
1700000038.917818	7fb2a9d92a88e75ae05481e8c6ed850db0e7cfb0580981b3f63eda16a9bae89b	3	1574C463	CN=api.github.com	CN=api.github.com	1697408038.000000	1728944038.000000	rsaEncryption	sha256WithRSAEncryption	rsa	2048	65537	-	api.github.com	-	-	-	F	-	T	F
1700000040.009869	676d2c7edcfa9fc540a6c2067ca373b1153fc84b95ede18e00bab44ccdc54cc9	3	5F9F90A7	CN=updates.example.com	CN=updates.example.com	1697408039.000000	1728944039.000000	rsaEncryption	sha256WithRSAEncryption	rsa	2048	65537	-	updates.example.com	-	-	-	F	-	T	F
1700000040.611441	e34a01a2290ce204eb98c93ab97f9f086573df4fec7508aadaca336c068d05df	3	49DB9149	CN=cdn.example.net	CN=cdn.example.net	1697408040.000000	1728944040.000000	rsaEncryption	sha256WithRSAEncryption	rsa	2048	65537	-	cdn.example.net	-	-	-	F	-	T	F
1700000041.337205	d1e013e9a9e0872e9a19c61b26d6a03ab425298b5064c3604b4463c74f3a6b5c	3	2B5268DF	CN=assets.example.co	CN=assets.example.co	1697408041.000000	1728944041.000000	rsaEncryption	sha256WithRSAEncryption	rsa	2048	65537	-	assets.example.co	-	-	-	F	-	T	F
1700000042.612928	2e116164ee79533046cfc02489981e8b252978f44c0306b1fec27b9d74722abf	3	5C7A913F	CN=assets.example.co	CN=assets.example.co	1697408042.000000	1728944042.000000	rsaEncryption	sha256WithRSAEncryption	rsa	2048	65537	-	assets.example.co	-	-	-	F	-	T	F
1700000043.061515	99e577a55c03aa73f01c0b0ec6b8b43bdf685bc764c43e18ff4e3084979a39cc	3	3DB8BC8C	CN=www.example.org	CN=www.example.org	1697408042.000000	1728944042.000000	rsaEncryption	sha256WithRSAEncryption	rsa	2048	65537	-	www.example.org	-	-	-	F	-	T	F
1700000043.807904	8865971866ff540a9df9bfc3d72ca452968a7c074908bae97cd4d659bcf25c79	3	32C57A39	CN=portal.example.io	CN=portal.example.io	1697408043.000000	1728944043.000000	rsaEncryption	sha256WithRSAEncryption	rsa	2048	65537	-	portal.example.io	-	-	-	F	-	T	F
1700000044.288893	3f26a254ec91c9e013822f607f071e4de2a1fe3e6f26df87a40a38085eec674e	3	77CA44C7	CN=portal.example.io	CN=portal.example.io	1697408044.000000	1728944044.000000	rsaEncryption	sha256WithRSAEncryption	rsa	2048	65537	-	portal.example.io	-	-	-	F	-	T	F
1700000044.578053	3aedaf3eeabf4926fd8d1b7a1291315d06f78f17f67882ca84ce41817f2b3882	3	258A870B	CN=www.example.org	CN=www.example.org	1697408044.000000	1728944044.000000	rsaEncryption	sha256WithRSAEncryption	rsa	2048	65537	-	www.example.org	-	-	-	F	-	T	F
1700000044.721570	a4d1d0f72b64132ae1128c316ef62a0c142798f2e5d0b54b233b813c5ccb4e29	3	028F5AAA	CN=assets.example.co	CN=assets.example.co	1697408044.000000	1728944044.000000	rsaEncryption	sha256WithRSAEncryption	rsa	2048	65537	-	assets.example.co	-	-	-	F	-	T	F
1700000045.425189	67b354f843724d9e319f9887a08d4f88d5e43504c1ca89fa502fb9dcc847202e	3	7255F767	CN=cdn.example.net	CN=cdn.example.net	1697408045.000000	1728944045.000000	rsaEncryption	sha256WithRSAEncryption	rsa	2048	65537	-	cdn.example.net	-	-	-	F	-	T	F
1700000045.593852	1d99d109d13e9dc4a940c89201db6be53956797d5d7d0ba3d3bdc6c6d2be2e93	3	517FFF48	CN=cdn.example.net	CN=cdn.example.net	1697408045.000000	1728944045.000000	rsaEncryption	sha256WithRSAEncryption	rsa	2048	65537	-	cdn.example.net	-	-	-	F	-	T	F
1700000046.469651	927d8be9f0f6e6186c4914d4519c5dab6023e4279076d1d83a47a463be2be882	3	2FA6748F	CN=assets.example.co	CN=assets.example.co	1697408046.000000	1728944046.000000	rsaEncryption	sha256WithRSAEncryption	rsa	2048	65537	-	assets.example.co	-	-	-	F	-	T	F
1700000047.125581	fc7b380046239761c4352e6f9be4506dd5c0c568fe372bbcbe03720ab37802f2	3	0BC1A79A	CN=updates.example.com	CN=updates.example.com	1697408047.000000	1728944047.000000	rsaEncryption	sha256WithRSAEncryption	rsa	2048	65537	-	updates.example.com	-	-	-	F	-	T	F
1700000055.420046	666675aa9a2fe0a63915643ec375a6a098fa8ed37e423f8bc3b31d150c291acd	3	2DCA6674	CN=assets.example.co	CN=assets.example.co	1697408055.000000	1728944055.000000	rsaEncryption	sha256WithRSAEncryption	rsa	2048	65537	-	assets.example.co	-	-	-	F	-	T	F
1700000056.198548	44bd98f667dc23a5c7aa138165f9553f7176e067b35da1b99af68b0061a42946	3	40E2BB93	CN=www.example.org	CN=www.example.org	1697408056.000000	1728944056.000000	rsaEncryption	sha256WithRSAEncryption	rsa	2048	65537	-	www.example.org	-	-	-	F	-	T	F
1700000056.973861	8dc4796591e085a2d33b9a03424e76644866ebd81f1032d3afac0410443e2b7f	3	197692CE	CN=portal.example.io	CN=portal.example.io	1697408056.000000	1728944056.000000	rsaEncryption	sha256WithRSAEncryption	rsa	2048	65537	-	portal.example.io	-	-	-	F	-	T	F
1700000058.765928	6521154d72603d4fd63818fffc9990de2cb89c4dc394336fbae2a0b4b2d82d73	3	2F2A5831	CN=www.example.org	CN=www.example.org	1697408058.000000	1728944058.000000	rsaEncryption	sha256WithRSAEncryption	rsa	2048	65537	-	www.example.org	-	-	-	F	-	T	F
1700000071.692498	6e6de6cfcd8c6cf6d9c77647ea5b084eef7ccebbc8b3294e228d75b99d7e08a2	3	19E56A3F	CN=api.github.com	CN=api.github.com	1697408071.000000	1728944071.000000	rsaEncryption	sha256WithRSAEncryption	rsa	2048	65537	-	api.github.com	-	-	-	F	-	T	F
1700000071.791978	9c828a9951658191f1d988439f2952568dceb62e9729389e91aaea45c0e5dd5a	3	1B778C4E	CN=portal.example.io	CN=portal.example.io	1697408071.000000	1728944071.000000	rsaEncryption	sha256WithRSAEncryption	rsa	2048	65537	-	portal.example.io	-	-	-	F	-	T	F
1700000081.400231	7e313b5900bc3524d42d04aa70e7b0f325a3ac9c8487d5eb0f05f39756afaded	3	181DB7F5	CN=portal.example.io	CN=portal.example.io	1697408081.000000	1728944081.000000	rsaEncryption	sha256WithRSAEncryption	rsa	2048	65537	-	portal.example.io	-	-	-	F	-	T	F
1700000082.652017	38c3d1a74bb7cbb0e9a474f161b361a94947ee8fefd10af9ef7fe06e2f0cecad	3	1062C6D8	CN=api.github.com	CN=api.github.com	1697408082.000000	1728944082.000000	rsaEncryption	sha256WithRSAEncryption	rsa	2048	65537	-	api.github.com	-	-	-	F	-	T	F
1700000083.685433	16a4fbb771dc545bdbb846dcac602d455bea90d8cebf5b629f6e435c758658e7	3	6871DA90	CN=www.example.org	CN=www.example.org	1697408083.000000	1728944083.000000	rsaEncryption	sha256WithRSAEncryption	rsa	2048	65537	-	www.example.org	-	-	-	F	-	T	F
1700000100.070662	d1f6d4700d00104c8bb51300438d783764dcddad8e1dcdf755936a5c957e5ae5	3	420286AD	CN=update.evil.example	CN=update.evil.example	1697408100.000000	1728944100.000000	rsaEncryption	sha256WithRSAEncryption	rsa	2048	65537	-	update.evil.example	-	-	-	F	-	T	F
1700000111.644871	6857e65103b6eccb1f377c24782a2993107c48aa47fe4036f366c8c0d9b1b4af	3	61627C46	CN=updates.example.com	CN=updates.example.com	1697408111.000000	1728944111.000000	rsaEncryption	sha256WithRSAEncryption	rsa	2048	65537	-	updates.example.com	-	-	-	F	-	T	F
1700000113.295973	ebc8f4f9011da0399dcc3d1e7f73797b22a76ce8b7b778e42c163218e0b23768	3	30BF5396	CN=updates.example.com	CN=updates.example.com	1697408113.000000	1728944113.000000	rsaEncryption	sha256WithRSAEncryption	rsa	2048	65537	-	updates.example.com	-	-	-	F	-	T	F
1700000114.127414	6ee21944dc5169a10eeb014bbe70192bf153e2fb6e0fbfdab1f5e854624c5823	3	207D6C64	CN=api.github.com	CN=api.github.com	1697408114.000000	1728944114.000000	rsaEncryption	sha256WithRSAEncryption	rsa	2048	65537	-	api.github.com	-	-	-	F	-	T	F
1700000116.971387	290f643f22d6c3475ab076bcb790c356db0d39b8d1545221409ab5fe6f6534b3	3	7B30DF22	CN=www.example.org	CN=www.example.org	1697408116.000000	1728944116.000000	rsaEncryption	sha256WithRSAEncryption	rsa	2048	65537	-	www.example.org	-	-	-	F	-	T	F
1700000118.141197	db0adc2c51f16c417571a94b1cdbb35dabd94f1f2c1b04628f90c26a9fec2a8a	3	C87DA5	CN=portal.example.io	CN=portal.example.io	1697408118.000000	1728944118.000000	rsaEncryption	sha256WithRSAEncryption	rsa	2048	65537	-	portal.example.io	-	-	-	F	-	T	F
1700000122.228890	6aca055d3897c15d6d8d27f1346ff95bad3e0fb3bea4dc873e89a6856e3e6b7f	3	54492D09	CN=portal.example.io	CN=portal.example.io	1697408122.000000	1728944122.000000	rsaEncryption	sha256WithRSAEncryption	rsa	2048	65537	-	portal.example.io	-	-	-	F	-	T	F
1700000122.570622	cd56ce4b653c2544962a4090312b77d0f429cd8eec1903e25a0729bc741f1e9c	3	513E58EF	CN=cdn.example.net	CN=cdn.example.net	1697408122.000000	1728944122.000000	rsaEncryption	sha256WithRSAEncryption	rsa	2048	65537	-	cdn.example.net	-	-	-	F	-	T	F
1700000123.539589	47201ffcbdb0440072ff316eaefdf0d882610c66c41b9b44d466b1fdea9f9ec9	3	51A62C89	CN=updates.example.com	CN=updates.example.com	1697408123.000000	1728944123.000000	rsaEncryption	sha256WithRSAEncryption	rsa	2048	65537	-	updates.example.com	-	-	-	F	-	T	F
1700000124.199338	b34560f3ab65b1793a24e0fc9f141ea6f7dd82e7b46a52d7df0f5e45f0df7e95	3	70445C4C	CN=updates.example.com	CN=updates.example.com	1697408124.000000	1728944124.000000	rsaEncryption	sha256WithRSAEncryption	rsa	2048	65537	-	updates.example.com	-	-	-	F	-	T	F
1700000124.778994	3ae9a156304d269a06d735b2c8a71073fe792382f848fca49b94452ad516b87a	3	043C8983	CN=assets.example.co	CN=assets.example.co	1697408124.000000	1728944124.000000	rsaEncryption	sha256WithRSAEncryption	rsa	2048	65537	-	assets.example.co	-	-	-	F	-	T	F
1700000127.775676	29c17edbd1e89ea706e3563a2ecfb5c21e43139ab64d5ccb3622817fb28cffd9	3	24B6D08A	CN=api.github.com	CN=api.github.com	1697408127.000000	1728944127.000000	rsaEncryption	sha256WithRSAEncryption	rsa	2048	65537	-	api.github.com	-	-	-	F	-	T	F
1700000163.018080	f76231e881a47b62b5558e4e0958a2b6f1aab0d208f3546981ab7c87ab459345	3	5179A812	CN=assets.example.co	CN=assets.example.co	1697408162.000000	1728944162.000000	rsaEncryption	sha256WithRSAEncryption	rsa	2048	65537	-	assets.example.co	-	-	-	F	-	T	F
1700000167.237517	6d35c71478fb0c1cc972237ba46a73f3a07542c765e440c8e1a904602cf99a25	3	49249130	CN=api.github.com	CN=api.github.com	1697408167.000000	1728944167.000000	rsaEncryption	sha256WithRSAEncryption	rsa	2048	65537	-	api.github.com	-	-	-	F	-	T	F
1700000174.050703	545c27c89f554a76e3bc4ba665bf2db1dc37493ca761ef66c37018b3cc9f7895	3	6D6DFDD3	CN=updates.example.com	CN=updates.example.com	1697408173.000000	1728944173.000000	rsaEncryption	sha256WithRSAEncryption	rsa	2048	65537	-	updates.example.com	-	-	-	F	-	T	F
1700000174.584725	699a52dc7d5b6d1c56e333a90fc1671328b211bcbe3a95cb4d1c2e127e6bb5c1	3	43A1C1E9	CN=www.example.org	CN=www.example.org	1697408174.000000	1728944174.000000	rsaEncryption	sha256WithRSAEncryption	rsa	2048	65537	-	www.example.org	-	-	-	F	-	T	F
1700000176.604055	c6e377408fbfcb0139c768d446f1850940d6ce319dada2c85d7d46e791e10a39	3	06D6FCF4	CN=api.github.com	CN=api.github.com	1697408176.000000	1728944176.000000	rsaEncryption	sha256WithRSAEncryption	rsa	2048	65537	-	api.github.com	-	-	-	F	-	T	F
1700000177.879723	a3567f4d8e1050562a6f9ec41aa7bf071c47dc082c12ff3f61081d1b656dddda	3	4750AC01	CN=api.github.com	CN=api.github.com	1697408177.000000	1728944177.000000	rsaEncryption	sha256WithRSAEncryption	rsa	2048	65537	-	api.github.com	-	-	-	F	-	T	F
1700000178.001355	b4a9b8d9a29fbb1945359b28abeabf9e0959ad05eb02c3dd15c88e80c7527fd0	3	57735193	CN=assets.example.co	CN=assets.example.co	1697408177.000000	1728944177.000000	rsaEncryption	sha256WithRSAEncryption	rsa	2048	65537	-	assets.example.co	-	-	-	F	-	T	F
#close	2026-07-17-13-27-09
