#separator \x09
#set_separator	,
#empty_field	(empty)
#unset_field	-
#path	x509
#open	2026-07-18-00-54-52
#fields	ts	fingerprint	certificate.version	certificate.serial	certificate.subject	certificate.issuer	certificate.not_valid_before	certificate.not_valid_after	certificate.key_alg	certificate.sig_alg	certificate.key_type	certificate.key_length	certificate.exponent	certificate.curve	san.dns	san.uri	san.email	san.ip	basic_constraints.ca	basic_constraints.path_len	host_cert	client_cert
#types	time	string	count	string	string	string	time	time	string	string	string	count	string	string	vector[string]	vector[string]	vector[string]	vector[addr]	bool	count	bool	bool
1700000032.144528	9bcc6a641d402ba177a84c91a23f176c4a72ed868c7c404257a3c5211052d642	3	23AEA2A4	CN=static.cdn-telemetry.example	CN=static.cdn-telemetry.example	1697408032.000000	1728944032.000000	rsaEncryption	sha256WithRSAEncryption	rsa	2048	65537	-	static.cdn-telemetry.example	-	-	-	F	-	T	F
1700000038.490474	e9a8887f753685ce989eaf531a11c1a3754e6f76e76d4be1b353fb0f3b62ff9c	3	712DD505	CN=updates.example.com	CN=updates.example.com	1697408038.000000	1728944038.000000	rsaEncryption	sha256WithRSAEncryption	rsa	2048	65537	-	updates.example.com	-	-	-	F	-	T	F
1700000041.747659	6d1f20d7d5e191729638b983379431c26d585fbf0946b435b898db502e4a29cd	3	2477352A	CN=cdn.example.net	CN=cdn.example.net	1697408041.000000	1728944041.000000	rsaEncryption	sha256WithRSAEncryption	rsa	2048	65537	-	cdn.example.net	-	-	-	F	-	T	F
1700000058.619491	adc461d908e9e9d3316b0e5693c49af60bb1ab1b043f524585ab780a4a71e002	3	0CB22412	CN=static.cdn-telemetry.example	CN=static.cdn-telemetry.example	1697408058.000000	1728944058.000000	rsaEncryption	sha256WithRSAEncryption	rsa	2048	65537	-	static.cdn-telemetry.example	-	-	-	F	-	T	F
1700000067.311356	311411072c0f2dd566b1c465b5f291b66078f2f5a7b743804f8194bd82a5168d	3	0CFBA20F	CN=www.example.org	CN=www.example.org	1697408067.000000	1728944067.000000	rsaEncryption	sha256WithRSAEncryption	rsa	2048	65537	-	www.example.org	-	-	-	F	-	T	F
1700000069.624188	8ec0a97c43eb6bcc161967b5da9e1d653fd20ac6028a6f763cad661a862d975f	3	08EEAB29	CN=updates.example.com	CN=updates.example.com	1697408069.000000	1728944069.000000	rsaEncryption	sha256WithRSAEncryption	rsa	2048	65537	-	updates.example.com	-	-	-	F	-	T	F
1700000075.452076	f7d23c3b15b770d66233c95e159f6b3f8fdc993b6905b267110ab08e3848bae4	3	29BE8A3C	CN=www.example.org	CN=www.example.org	1697408075.000000	1728944075.000000	rsaEncryption	sha256WithRSAEncryption	rsa	2048	65537	-	www.example.org	-	-	-	F	-	T	F
1700000076.722904	9417837712508ca7ee2c9086d247d281b777fa886023bdabf090f7a5ca59109d	3	69BC5226	CN=api.github.com	CN=api.github.com	1697408076.000000	1728944076.000000	rsaEncryption	sha256WithRSAEncryption	rsa	2048	65537	-	api.github.com	-	-	-	F	-	T	F
1700000086.362552	2d3bb76c783e3569e91c47a1238469cb9484b35e8e85cc77f088b5db066f2b58	3	3ABEB3C6	CN=api.github.com	CN=api.github.com	1697408086.000000	1728944086.000000	rsaEncryption	sha256WithRSAEncryption	rsa	2048	65537	-	api.github.com	-	-	-	F	-	T	F
1700000089.500798	2d8810021ced7568cc95fd5f09d85d2d525b991d8ce0659a5ccc5a185d1082f0	3	368481BC	CN=static.cdn-telemetry.example	CN=static.cdn-telemetry.example	1697408089.000000	1728944089.000000	rsaEncryption	sha256WithRSAEncryption	rsa	2048	65537	-	static.cdn-telemetry.example	-	-	-	F	-	T	F
1700000119.931118	a3fa035070dce2ddf91ae17e9c62da47bddac80915f816dda056e132159b41a6	3	4DCD5A2B	CN=static.cdn-telemetry.example	CN=static.cdn-telemetry.example	1697408119.000000	1728944119.000000	rsaEncryption	sha256WithRSAEncryption	rsa	2048	65537	-	static.cdn-telemetry.example	-	-	-	F	-	T	F
1700000152.523117	5af45efa20c5eaa9dd6000db0443fd7b4476b202152f19660e22f3785a85f434	3	71F371E0	CN=static.cdn-telemetry.example	CN=static.cdn-telemetry.example	1697408152.000000	1728944152.000000	rsaEncryption	sha256WithRSAEncryption	rsa	2048	65537	-	static.cdn-telemetry.example	-	-	-	F	-	T	F
1700000159.904202	9c23d74fd89561274eb2475503a6422f5d7d45ba2475c4a8f7f2f6e2f41656f5	3	36126802	CN=api.github.com	CN=api.github.com	1697408159.000000	1728944159.000000	rsaEncryption	sha256WithRSAEncryption	rsa	2048	65537	-	api.github.com	-	-	-	F	-	T	F
1700000170.319311	3715001b34e7700c0c0411e71873e73b91a14e7ad6a9b579abece9d058c97eba	3	44F417CC	CN=cdn.example.net	CN=cdn.example.net	1697408170.000000	1728944170.000000	rsaEncryption	sha256WithRSAEncryption	rsa	2048	65537	-	cdn.example.net	-	-	-	F	-	T	F
1700000172.457061	73f16e851f1da0261bf0ac80f9c198d7aab612323a04e61c2c725756d1491b42	3	3392A4C8	CN=assets.example.co	CN=assets.example.co	1697408172.000000	1728944172.000000	rsaEncryption	sha256WithRSAEncryption	rsa	2048	65537	-	assets.example.co	-	-	-	F	-	T	F
1700000178.770588	94671cfb2e6b3d06e2877b47d7b68d29df7ffd97442372759992b30d4e4bc7c1	3	63335280	CN=static.cdn-telemetry.example	CN=static.cdn-telemetry.example	1697408178.000000	1728944178.000000	rsaEncryption	sha256WithRSAEncryption	rsa	2048	65537	-	static.cdn-telemetry.example	-	-	-	F	-	T	F
1700000211.861019	6527f1fc5a86be9c6415e43272f25da6f98b0b3d115ecf9a9c6194ff98d6a1f4	3	0801AF06	CN=static.cdn-telemetry.example	CN=static.cdn-telemetry.example	1697408211.000000	1728944211.000000	rsaEncryption	sha256WithRSAEncryption	rsa	2048	65537	-	static.cdn-telemetry.example	-	-	-	F	-	T	F
1700000216.105402	148e31f077eb99484c0ab0b44f2688b6e9c49eace253755f24f1b975fa57c7e0	3	4CCBB0B3	CN=cdn.example.net	CN=cdn.example.net	1697408216.000000	1728944216.000000	rsaEncryption	sha256WithRSAEncryption	rsa	2048	65537	-	cdn.example.net	-	-	-	F	-	T	F
1700000234.675543	81c39c1efdf7a8b2bc76c8752fca864907f140c69e62e55e6a5ca1728f589775	3	2BF43007	CN=cdn.example.net	CN=cdn.example.net	1697408234.000000	1728944234.000000	rsaEncryption	sha256WithRSAEncryption	rsa	2048	65537	-	cdn.example.net	-	-	-	F	-	T	F
1700000238.374389	bb78bc3539453a012a7dae4458867fa1d8692a7720017f38f1b591e97e43fc38	3	358F47AF	CN=www.example.org	CN=www.example.org	1697408238.000000	1728944238.000000	rsaEncryption	sha256WithRSAEncryption	rsa	2048	65537	-	www.example.org	-	-	-	F	-	T	F
1700000241.928523	805a6c925b9ffb9e1dabe49acac4be51b19dcfc4b81cb09e67ce54292f2dce5b	3	271E5522	CN=static.cdn-telemetry.example	CN=static.cdn-telemetry.example	1697408241.000000	1728944241.000000	rsaEncryption	sha256WithRSAEncryption	rsa	2048	65537	-	static.cdn-telemetry.example	-	-	-	F	-	T	F
1700000242.282961	3b141e6799489db710f8913551dad78c4f393f8ac0cf860994d447d24ebcae95	3	3C78825C	CN=assets.example.co	CN=assets.example.co	1697408242.000000	1728944242.000000	rsaEncryption	sha256WithRSAEncryption	rsa	2048	65537	-	assets.example.co	-	-	-	F	-	T	F
1700000257.547657	32f77e5c79c7ce6cab9f1954b2e0f3e0da9b6a63132470cb9a8dbff025b4381c	3	598BFF96	CN=updates.example.com	CN=updates.example.com	1697408257.000000	1728944257.000000	rsaEncryption	sha256WithRSAEncryption	rsa	2048	65537	-	updates.example.com	-	-	-	F	-	T	F
1700000263.475973	c4b0543990fca3de4d32703c14d5501cce74f09bfd4743681443e5d8c13c8247	3	2F5BD8BD	CN=api.github.com	CN=api.github.com	1697408263.000000	1728944263.000000	rsaEncryption	sha256WithRSAEncryption	rsa	2048	65537	-	api.github.com	-	-	-	F	-	T	F
1700000267.663572	c1fa750159ca1cb25d6c8f2c8a503ef7a158623d5164705b24ac45a4f05d5121	3	400F4B97	CN=static.cdn-telemetry.example	CN=static.cdn-telemetry.example	1697408267.000000	1728944267.000000	rsaEncryption	sha256WithRSAEncryption	rsa	2048	65537	-	static.cdn-telemetry.example	-	-	-	F	-	T	F
1700000283.213788	dec3a9eba3b450f322543b650da9332108202d2291aeaa132c95ac436b7955a6	3	1DADA0E6	CN=www.example.org	CN=www.example.org	1697408283.000000	1728944283.000000	rsaEncryption	sha256WithRSAEncryption	rsa	2048	65537	-	www.example.org	-	-	-	F	-	T	F
1700000302.181081	e237ad74770ca671567c440375b723d56b7250ccfa1f95f9e247dc3837e0ffa7	3	5392F20E	CN=static.cdn-telemetry.example	CN=static.cdn-telemetry.example	1697408302.000000	1728944302.000000	rsaEncryption	sha256WithRSAEncryption	rsa	2048	65537	-	static.cdn-telemetry.example	-	-	-	F	-	T	F
1700000330.435293	c69ce213316f8cdcf5ca17d70add1a2aac181addc8f8f73e00d9eb735c6a4b49	3	4B59EBE9	CN=static.cdn-telemetry.example	CN=static.cdn-telemetry.example	1697408330.000000	1728944330.000000	rsaEncryption	sha256WithRSAEncryption	rsa	2048	65537	-	static.cdn-telemetry.example	-	-	-	F	-	T	F
1700000358.967828	c18225626c15788445f7e7295192659876567e81e1a48581c142fe501938a90e	3	7CF8BA93	CN=static.cdn-telemetry.example	CN=static.cdn-telemetry.example	1697408358.000000	1728944358.000000	rsaEncryption	sha256WithRSAEncryption	rsa	2048	65537	-	static.cdn-telemetry.example	-	-	-	F	-	T	F
1700000516.940795	a1ee10c06c11faa2e736e58fb363605ee2112cfce578b2c674dc1b5ad6cc725e	3	12A4E7B3	CN=portal.example.io	CN=portal.example.io	1697408516.000000	1728944516.000000	rsaEncryption	sha256WithRSAEncryption	rsa	2048	65537	-	portal.example.io	-	-	-	F	-	T	F
1700000521.700584	7188f19cda308e96accb3a7ae339c35802e2c7f7901d6d30ca261c5fa6a96616	3	0AEC4898	CN=assets.example.co	CN=assets.example.co	1697408521.000000	1728944521.000000	rsaEncryption	sha256WithRSAEncryption	rsa	2048	65537	-	assets.example.co	-	-	-	F	-	T	F
1700000555.221054	c0d1fc973cfa39835552e2f4cdab152b23222a5100c630254ee9fda21c356555	3	0C3E0881	CN=cdn.example.net	CN=cdn.example.net	1697408555.000000	1728944555.000000	rsaEncryption	sha256WithRSAEncryption	rsa	2048	65537	-	cdn.example.net	-	-	-	F	-	T	F
1700000579.235276	704cceeb6d1961d075b347e600c7c3aa668baa0415f1a753dd803b0feba1be6b	3	33192EDF	CN=assets.example.co	CN=assets.example.co	1697408579.000000	1728944579.000000	rsaEncryption	sha256WithRSAEncryption	rsa	2048	65537	-	assets.example.co	-	-	-	F	-	T	F
1700000590.064455	e13c7257e7a197d2d6ba22641db01c6c37b900fa3bb328882b848ed00e8ab292	3	23392277	CN=assets.example.co	CN=assets.example.co	1697408589.000000	1728944589.000000	rsaEncryption	sha256WithRSAEncryption	rsa	2048	65537	-	assets.example.co	-	-	-	F	-	T	F
1700000591.325552	ff804e1f9969730a188a828ad7b4f5a62c8ea6b632d8666930da2625e7fb2726	3	5185371B	CN=cdn.example.net	CN=cdn.example.net	1697408591.000000	1728944591.000000	rsaEncryption	sha256WithRSAEncryption	rsa	2048	65537	-	cdn.example.net	-	-	-	F	-	T	F
1700000592.813190	5fab968d53f1aab58b22dbbe3ede9738eb91c7ec8db5c15f5d3ad50fc09bea10	3	5E57A441	CN=api.github.com	CN=api.github.com	1697408592.000000	1728944592.000000	rsaEncryption	sha256WithRSAEncryption	rsa	2048	65537	-	api.github.com	-	-	-	F	-	T	F
1700000599.215420	789b96ae0959a60899f79559a94cb6b51cc05b9fefc298a95584c3852ffd9088	3	5E639B15	CN=portal.example.io	CN=portal.example.io	1697408599.000000	1728944599.000000	rsaEncryption	sha256WithRSAEncryption	rsa	2048	65537	-	portal.example.io	-	-	-	F	-	T	F
1700000600.071481	e28acb41806e5ecc4094a4d6c456228c4909ed496cdd7b538467419dec483d18	3	5D8D2F11	CN=api.github.com	CN=api.github.com	1697408600.000000	1728944600.000000	rsaEncryption	sha256WithRSAEncryption	rsa	2048	65537	-	api.github.com	-	-	-	F	-	T	F
#close	2026-07-18-00-54-52
