#separator \x09
#set_separator	,
#empty_field	(empty)
#unset_field	-
#path	x509
#open	2026-07-18-00-54-45
#fields	ts	fingerprint	certificate.version	certificate.serial	certificate.subject	certificate.issuer	certificate.not_valid_before	certificate.not_valid_after	certificate.key_alg	certificate.sig_alg	certificate.key_type	certificate.key_length	certificate.exponent	certificate.curve	san.dns	san.uri	san.email	san.ip	basic_constraints.ca	basic_constraints.path_len	host_cert	client_cert
#types	time	string	count	string	string	string	time	time	string	string	string	count	string	string	vector[string]	vector[string]	vector[string]	vector[addr]	bool	count	bool	bool
1700000006.828139	a6b4e0e32f3702395925426f9e5a047265acc8b9493efd4a1675ef50b087dc24	3	7ECD249C	CN=updates.example.com	CN=updates.example.com	1697408006.000000	1728944006.000000	rsaEncryption	sha256WithRSAEncryption	rsa	2048	65537	-	updates.example.com	-	-	-	F	-	T	F
1700000007.053114	5f276692d35d6e9aa115f20f473a4f90e4e7a58a7fb03130f15610f8e68e1720	3	32B371ED	CN=www.example.org	CN=www.example.org	1697408006.000000	1728944006.000000	rsaEncryption	sha256WithRSAEncryption	rsa	2048	65537	-	www.example.org	-	-	-	F	-	T	F
1700000007.721090	4c925ce4c5d60de273b584a69605e4c596dfa56bc27399c57e711ddf97c7e4ca	3	487BB92D	CN=portal.example.io	CN=portal.example.io	1697408007.000000	1728944007.000000	rsaEncryption	sha256WithRSAEncryption	rsa	2048	65537	-	portal.example.io	-	-	-	F	-	T	F
1700000007.768046	5ab8c5d04565ada38b165a629d66747f75ccd17263343ce952553fe4d816d73c	3	3AACAB52	CN=api.github.com	CN=api.github.com	1697408007.000000	1728944007.000000	rsaEncryption	sha256WithRSAEncryption	rsa	2048	65537	-	api.github.com	-	-	-	F	-	T	F
1700000009.278144	dd303c413f5328942510baa107e67da6bedcc6a11abb15dbc489ca27974e671d	3	7F41C94B	CN=cdn.example.net	CN=cdn.example.net	1697408009.000000	1728944009.000000	rsaEncryption	sha256WithRSAEncryption	rsa	2048	65537	-	cdn.example.net	-	-	-	F	-	T	F
1700000009.342283	c110847269209ff4e5ee920b3ec147c9908df10a343d6aa9fad2237a8d360679	3	6E997276	CN=cdn.example.net	CN=cdn.example.net	1697408009.000000	1728944009.000000	rsaEncryption	sha256WithRSAEncryption	rsa	2048	65537	-	cdn.example.net	-	-	-	F	-	T	F
1700000010.406590	217449f49d31b3056c337a1ccac04376745300249f06c214ad4df484bdf74e81	3	32C77D	CN=portal.example.io	CN=portal.example.io	1697408010.000000	1728944010.000000	rsaEncryption	sha256WithRSAEncryption	rsa	2048	65537	-	portal.example.io	-	-	-	F	-	T	F
1700000030.752385	38a19b0693548b74458c9d1f7f483e5ab917d577603a0c1286ecdff0e2d4c501	3	6EFEAFDD	CN=updates.example.com	CN=updates.example.com	1697408030.000000	1728944030.000000	rsaEncryption	sha256WithRSAEncryption	rsa	2048	65537	-	updates.example.com	-	-	-	F	-	T	F
1700000031.356069	dfc598e6d6c1bcd6435267ba371c481a077b9541147f07c60577de309a7358db	3	1AD7AC6A	CN=api.github.com	CN=api.github.com	1697408031.000000	1728944031.000000	rsaEncryption	sha256WithRSAEncryption	rsa	2048	65537	-	api.github.com	-	-	-	F	-	T	F
1700000032.065103	5885679a8457d4ad7accd28f2418585f62cde60db45be2492ba6bdc2485c608b	3	1812C325	CN=www.example.org	CN=www.example.org	1697408031.000000	1728944031.000000	rsaEncryption	sha256WithRSAEncryption	rsa	2048	65537	-	www.example.org	-	-	-	F	-	T	F
1700000032.812520	64e3701df5779a0b6e20baa2afb2b99a1bd35d655356b21795cdb97514703deb	3	23039BA3	CN=portal.example.io	CN=portal.example.io	1697408032.000000	1728944032.000000	rsaEncryption	sha256WithRSAEncryption	rsa	2048	65537	-	portal.example.io	-	-	-	F	-	T	F
1700000033.040312	535708ee929913c962863ada2f82e0f8ff0412699e7847d073696609116fc7fa	3	0EC7675B	CN=cdn.example.net	CN=cdn.example.net	1697408032.000000	1728944032.000000	rsaEncryption	sha256WithRSAEncryption	rsa	2048	65537	-	cdn.example.net	-	-	-	F	-	T	F
1700000033.348051	6463ad9e04bc9d4d462ce7aef13b4ccfa26a640f7cbe42a7a1df385ca4689abc	3	0A631B22	CN=portal.example.io	CN=portal.example.io	1697408033.000000	1728944033.000000	rsaEncryption	sha256WithRSAEncryption	rsa	2048	65537	-	portal.example.io	-	-	-	F	-	T	F
1700000034.530524	ced997a884cb4e30a9e89898451701ec3cb78f6f655aa363e9f910860d55ebc7	3	031EAD80	CN=portal.example.io	CN=portal.example.io	1697408034.000000	1728944034.000000	rsaEncryption	sha256WithRSAEncryption	rsa	2048	65537	-	portal.example.io	-	-	-	F	-	T	F
1700000034.874834	c5fe45a462e1c1608f48181b1aa1ed814db0a6cb7ad2e0137809d97d2340e39e	3	17446696	CN=www.example.org	CN=www.example.org	1697408034.000000	1728944034.000000	rsaEncryption	sha256WithRSAEncryption	rsa	2048	65537	-	www.example.org	-	-	-	F	-	T	F
1700000035.163485	75243aaf01fe52edcef8773ac2d3143dfc552aca76a9c6e181aacd1cac93ea04	3	7701FED8	CN=portal.example.io	CN=portal.example.io	1697408035.000000	1728944035.000000	rsaEncryption	sha256WithRSAEncryption	rsa	2048	65537	-	portal.example.io	-	-	-	F	-	T	F
1700000035.242487	8f786677a04b0484b221b2c98496e509b2d6bd0f8f89fadf3b84284592cb9064	3	3AE13E20	CN=assets.example.co	CN=assets.example.co	1697408035.000000	1728944035.000000	rsaEncryption	sha256WithRSAEncryption	rsa	2048	65537	-	assets.example.co	-	-	-	F	-	T	F
1700000035.640444	a84fd23963ec9cf90f54bd75be9ff3ff57cdca2931fd6913641fcd71424995f3	3	75A21D8D	CN=www.example.org	CN=www.example.org	1697408035.000000	1728944035.000000	rsaEncryption	sha256WithRSAEncryption	rsa	2048	65537	-	www.example.org	-	-	-	F	-	T	F
1700000035.866673	c2f11e71ed8542d728f0d4b339c82dc94055c7ebc688b880e4e73432350d72ca	3	0DE25B34	CN=cdn.example.net	CN=cdn.example.net	1697408035.000000	1728944035.000000	rsaEncryption	sha256WithRSAEncryption	rsa	2048	65537	-	cdn.example.net	-	-	-	F	-	T	F
1700000058.814271	2356acaa5ffd6b43d17cef5d0dbf3e36227247a5ccf19a694898163c538d0c4b	3	37E8BED1	CN=api.github.com	CN=api.github.com	1697408058.000000	1728944058.000000	rsaEncryption	sha256WithRSAEncryption	rsa	2048	65537	-	api.github.com	-	-	-	F	-	T	F
1700000061.260533	5e6f850e3139102836e183e0f564a99ba853b5398693d51d47b8e3873130fecc	3	3A6F2022	CN=portal.example.io	CN=portal.example.io	1697408061.000000	1728944061.000000	rsaEncryption	sha256WithRSAEncryption	rsa	2048	65537	-	portal.example.io	-	-	-	F	-	T	F
1700000061.440609	dd257df8d284ce76cbea7c87a354b4250739a1cfb6c84a94d8330c2267d912eb	3	3AB699AC	CN=www.example.org	CN=www.example.org	1697408061.000000	1728944061.000000	rsaEncryption	sha256WithRSAEncryption	rsa	2048	65537	-	www.example.org	-	-	-	F	-	T	F
1700000061.800020	68a85dde9b9faa816e65ee70a47cf6cc78e76a07d67d82325a6f78dc5218eee9	3	2F8A6591	CN=www.example.org	CN=www.example.org	1697408061.000000	1728944061.000000	rsaEncryption	sha256WithRSAEncryption	rsa	2048	65537	-	www.example.org	-	-	-	F	-	T	F
1700000062.618407	c2c7b56cbe0d221db346b6e9b64d61b88c01dbed729a0be1ba633341230cd41f	3	11CCD277	CN=cdn.example.net	CN=cdn.example.net	1697408062.000000	1728944062.000000	rsaEncryption	sha256WithRSAEncryption	rsa	2048	65537	-	cdn.example.net	-	-	-	F	-	T	F
1700000062.858998	a926abc74c18f79832fe43c11e4e39859a42748c94a276680f8b877c04e5f2ca	3	02908675	CN=assets.example.co	CN=assets.example.co	1697408062.000000	1728944062.000000	rsaEncryption	sha256WithRSAEncryption	rsa	2048	65537	-	assets.example.co	-	-	-	F	-	T	F
1700000062.959668	ae51119ba2d029bf0107e03647732f17ad5ccb9c6ea84cbae2959c8b840dbb7c	3	441DAFB5	CN=www.example.org	CN=www.example.org	1697408062.000000	1728944062.000000	rsaEncryption	sha256WithRSAEncryption	rsa	2048	65537	-	www.example.org	-	-	-	F	-	T	F
1700000064.199479	6b54b0c6486b290ca65d55032350fd1826649d796709dc610069f76c6a8efd29	3	11ED9B7C	CN=portal.example.io	CN=portal.example.io	1697408064.000000	1728944064.000000	rsaEncryption	sha256WithRSAEncryption	rsa	2048	65537	-	portal.example.io	-	-	-	F	-	T	F
1700000064.769305	8192d18778abd8540eab6d9ce8c61d1b0f4896406cb9ae7bc122049c4903a459	3	433456CC	CN=api.github.com	CN=api.github.com	1697408064.000000	1728944064.000000	rsaEncryption	sha256WithRSAEncryption	rsa	2048	65537	-	api.github.com	-	-	-	F	-	T	F
1700000066.527753	1e24bf146666c2eae5313ce8e4a9cd53d3e30ad294ed06d77409b055b4c57366	3	3AB32194	CN=assets.example.co	CN=assets.example.co	1697408066.000000	1728944066.000000	rsaEncryption	sha256WithRSAEncryption	rsa	2048	65537	-	assets.example.co	-	-	-	F	-	T	F
1700000073.232507	6671d2434997d8da566f5d75fec828021c494f24dd720e38616c3c37ea21d63e	3	498D7C7F	CN=api.github.com	CN=api.github.com	1697408073.000000	1728944073.000000	rsaEncryption	sha256WithRSAEncryption	rsa	2048	65537	-	api.github.com	-	-	-	F	-	T	F
1700000073.790334	3e69198eaa6cae131717e1909094d1bdad1f67d0eb1eb7a78be1c086db1764ac	3	216201D1	CN=cdn.example.net	CN=cdn.example.net	1697408073.000000	1728944073.000000	rsaEncryption	sha256WithRSAEncryption	rsa	2048	65537	-	cdn.example.net	-	-	-	F	-	T	F
1700000074.162383	9fac0aa2a077c94e3b876e8e4e57ca6788cc6dc53988495c2def938d83ee83f7	3	340475D5	CN=cdn.example.net	CN=cdn.example.net	1697408074.000000	1728944074.000000	rsaEncryption	sha256WithRSAEncryption	rsa	2048	65537	-	cdn.example.net	-	-	-	F	-	T	F
1700000074.388415	b31a5b071eb7c07d8d53aa5fde2dfdf1ea31cc3dcfe96140d203751d41f155eb	3	6B903669	CN=cdn.example.net	CN=cdn.example.net	1697408074.000000	1728944074.000000	rsaEncryption	sha256WithRSAEncryption	rsa	2048	65537	-	cdn.example.net	-	-	-	F	-	T	F
1700000075.263995	c8d67a11afe4211171f58c050f4341fe5972a71b9a41c3c41972b6089e1aa957	3	5762B44C	CN=assets.example.co	CN=assets.example.co	1697408075.000000	1728944075.000000	rsaEncryption	sha256WithRSAEncryption	rsa	2048	65537	-	assets.example.co	-	-	-	F	-	T	F
1700000076.523594	b85b85f99a4f66851001f852369adc2c276ba88b32d4dd75b5d0b891f3014fe2	3	3593B880	CN=api.github.com	CN=api.github.com	1697408076.000000	1728944076.000000	rsaEncryption	sha256WithRSAEncryption	rsa	2048	65537	-	api.github.com	-	-	-	F	-	T	F
1700000076.644972	33b4f5b9577d4b8559a6c82263f03de363d4f885a8080a5c80521286daaf4bca	3	4ADF9FB0	CN=cdn.example.net	CN=cdn.example.net	1697408076.000000	1728944076.000000	rsaEncryption	sha256WithRSAEncryption	rsa	2048	65537	-	cdn.example.net	-	-	-	F	-	T	F
1700000076.740098	4f0718fe5125c8f63cc61e943b82929d8426c86f141a1071012d2345a1f7a80c	3	60F112B7	CN=api.github.com	CN=api.github.com	1697408076.000000	1728944076.000000	rsaEncryption	sha256WithRSAEncryption	rsa	2048	65537	-	api.github.com	-	-	-	F	-	T	F
1700000077.703333	e3302e856e3e6dc8faa52e09ef1d5280cb22884d2a9f207673ce83d6d776df09	3	095F37E2	CN=cdn.example.net	CN=cdn.example.net	1697408077.000000	1728944077.000000	rsaEncryption	sha256WithRSAEncryption	rsa	2048	65537	-	cdn.example.net	-	-	-	F	-	T	F
1700000077.936245	c9b3c079ab73ffdfab20a099b7fe6077bf5d70645669ffbce07ea7a60cf0b021	3	1428999F	CN=www.example.org	CN=www.example.org	1697408077.000000	1728944077.000000	rsaEncryption	sha256WithRSAEncryption	rsa	2048	65537	-	www.example.org	-	-	-	F	-	T	F
1700000079.587068	fe685392740159a49e96d0d3e16daf588ad449edba9dc798591d8828b821501f	3	3C10CA6D	CN=www.example.org	CN=www.example.org	1697408079.000000	1728944079.000000	rsaEncryption	sha256WithRSAEncryption	rsa	2048	65537	-	www.example.org	-	-	-	F	-	T	F
1700000079.826097	7af3d03a34f5c3456f67d6c47018df994fee3169753ccf3ae85f38c797672cd6	3	57AED0BE	CN=assets.example.co	CN=assets.example.co	1697408079.000000	1728944079.000000	rsaEncryption	sha256WithRSAEncryption	rsa	2048	65537	-	assets.example.co	-	-	-	F	-	T	F
1700000080.069263	f108abc4df04bf96e72402c2f9d2b65fe819936f2a239fe0f18b8a00bdabb6e6	3	5CD684F0	CN=assets.example.co	CN=assets.example.co	1697408080.000000	1728944080.000000	rsaEncryption	sha256WithRSAEncryption	rsa	2048	65537	-	assets.example.co	-	-	-	F	-	T	F
1700000080.738348	858332a02655c8af294881693adf917eb1d9e6191b6b6ff4e3fa5b90e03d6558	3	1F0B1A7D	CN=assets.example.co	CN=assets.example.co	1697408080.000000	1728944080.000000	rsaEncryption	sha256WithRSAEncryption	rsa	2048	65537	-	assets.example.co	-	-	-	F	-	T	F
1700000081.963083	f9d422ca3c3de3e17600801f8550c3e7f99148a6629ff1a90930c1323b57e12d	3	23DF25BE	CN=updates.example.com	CN=updates.example.com	1697408081.000000	1728944081.000000	rsaEncryption	sha256WithRSAEncryption	rsa	2048	65537	-	updates.example.com	-	-	-	F	-	T	F
1700000082.589030	db1a73818d0357cbc683ee5d79c3a88cf64b7660abeffa944cc15159d6798e71	3	306C07F8	CN=assets.example.co	CN=assets.example.co	1697408082.000000	1728944082.000000	rsaEncryption	sha256WithRSAEncryption	rsa	2048	65537	-	assets.example.co	-	-	-	F	-	T	F
1700000095.411205	de81604738c40445559da998c098f5d298505e94e1cea0da6da3bdc525c00057	3	5B3C7147	CN=cdn.example.net	CN=cdn.example.net	1697408095.000000	1728944095.000000	rsaEncryption	sha256WithRSAEncryption	rsa	2048	65537	-	cdn.example.net	-	-	-	F	-	T	F
1700000097.373224	e08ecdec5796e5b077b0bf60ab40a2770d4241138bf1c1ef50d8b8f00976eadf	3	3C244D35	CN=updates.example.com	CN=updates.example.com	1697408097.000000	1728944097.000000	rsaEncryption	sha256WithRSAEncryption	rsa	2048	65537	-	updates.example.com	-	-	-	F	-	T	F
1700000098.708048	0d3c29ec03577c0330b8fe459a063d598e3bf89823045bdc7cf7f94d0fcbd188	3	204C1C2E	CN=cdn.example.net	CN=cdn.example.net	1697408098.000000	1728944098.000000	rsaEncryption	sha256WithRSAEncryption	rsa	2048	65537	-	cdn.example.net	-	-	-	F	-	T	F
1700000098.797953	130947f68e4c9a6d8565032b1c81924ff264e9ab8dafe3c5cbf72dadaa33ccf0	3	7F2C6712	CN=updates.example.com	CN=updates.example.com	1697408098.000000	1728944098.000000	rsaEncryption	sha256WithRSAEncryption	rsa	2048	65537	-	updates.example.com	-	-	-	F	-	T	F
1700000099.074714	6cd1340c0991540cf64ef53725a4f3d8b683b1fecbe5b1cfdbfe97bf067ee92f	3	1C299DE2	CN=updates.example.com	CN=updates.example.com	1697408099.000000	1728944099.000000	rsaEncryption	sha256WithRSAEncryption	rsa	2048	65537	-	updates.example.com	-	-	-	F	-	T	F
1700000099.372999	12dc9c8d2da78bd9768eeb9a32058f3a6263190905a35b134567840c1e548f77	3	2015908D	CN=portal.example.io	CN=portal.example.io	1697408099.000000	1728944099.000000	rsaEncryption	sha256WithRSAEncryption	rsa	2048	65537	-	portal.example.io	-	-	-	F	-	T	F
1700000099.646580	7dd3d58b17e5d2dea3922118743248d980f1dc99b0623864e0ac3990b7e79c46	3	3FD1943C	CN=portal.example.io	CN=portal.example.io	1697408099.000000	1728944099.000000	rsaEncryption	sha256WithRSAEncryption	rsa	2048	65537	-	portal.example.io	-	-	-	F	-	T	F
1700000100.020492	73b33976f14bef071e528b33726672fbc31e57f235f73b995cb9718769422bc1	3	0D59B27F	CN=www.example.org	CN=www.example.org	1697408099.000000	1728944099.000000	rsaEncryption	sha256WithRSAEncryption	rsa	2048	65537	-	www.example.org	-	-	-	F	-	T	F
1700000100.917173	a19fb0d37bc3ff4c37a3e0cf8de2bd8473187154d87f9da6e2877daf6a719059	3	3F8625C6	CN=www.example.org	CN=www.example.org	1697408100.000000	1728944100.000000	rsaEncryption	sha256WithRSAEncryption	rsa	2048	65537	-	www.example.org	-	-	-	F	-	T	F
1700000101.803010	a8759590f35d4b2924b7a62011eadaeb3aeb82fc31e3d6eb658b0eb641cfca38	3	13E2CD23	CN=portal.example.io	CN=portal.example.io	1697408101.000000	1728944101.000000	rsaEncryption	sha256WithRSAEncryption	rsa	2048	65537	-	portal.example.io	-	-	-	F	-	T	F
1700000134.009407	6231a8c4abe098af0f912676708e419dbe84ca1de4ebe77da5da4a01063cd0f5	3	23DAD673	CN=updates.example.com	CN=updates.example.com	1697408133.000000	1728944133.000000	rsaEncryption	sha256WithRSAEncryption	rsa	2048	65537	-	updates.example.com	-	-	-	F	-	T	F
1700000137.627227	4000037583971074b6d9ace2c2849ee644897d1580e38765989de180f69a3ee3	3	1F2804B2	CN=assets.example.co	CN=assets.example.co	1697408137.000000	1728944137.000000	rsaEncryption	sha256WithRSAEncryption	rsa	2048	65537	-	assets.example.co	-	-	-	F	-	T	F
1700000138.927026	8dac6dc9ea89e366a16d762634c56ca5a14c8b1faf81801d3939e1dca90dab27	3	1A94B9A6	CN=assets.example.co	CN=assets.example.co	1697408138.000000	1728944138.000000	rsaEncryption	sha256WithRSAEncryption	rsa	2048	65537	-	assets.example.co	-	-	-	F	-	T	F
1700000139.205861	356aaffceab3486e04af13f35f9de9a5381c5686d6a9a4775c560a20ce461e68	3	14519BB8	CN=updates.example.com	CN=updates.example.com	1697408139.000000	1728944139.000000	rsaEncryption	sha256WithRSAEncryption	rsa	2048	65537	-	updates.example.com	-	-	-	F	-	T	F
1700000139.749668	089633584c18d6e82d6bf0a6c9cd8bbcaf24ae0ab7d9f10d615ebb8dce4d0365	3	553577B7	CN=assets.example.co	CN=assets.example.co	1697408139.000000	1728944139.000000	rsaEncryption	sha256WithRSAEncryption	rsa	2048	65537	-	assets.example.co	-	-	-	F	-	T	F
1700000139.955305	b0529a2ec3ae583ae415a9e7a3979067539247602d2e0cc96c0210573b7b1fd3	3	7C52D664	CN=updates.example.com	CN=updates.example.com	1697408139.000000	1728944139.000000	rsaEncryption	sha256WithRSAEncryption	rsa	2048	65537	-	updates.example.com	-	-	-	F	-	T	F
1700000140.145440	9776a3fcad129b12c97001ef7e2080904d0ed87b3121126a7f5c49828084197b	3	14314B51	CN=www.example.org	CN=www.example.org	1697408140.000000	1728944140.000000	rsaEncryption	sha256WithRSAEncryption	rsa	2048	65537	-	www.example.org	-	-	-	F	-	T	F
1700000140.409583	f71b2428ca877634fec0bbd0c5a3b473c151d527958e9484d3686bd6864b9135	3	25A709AB	CN=www.example.org	CN=www.example.org	1697408140.000000	1728944140.000000	rsaEncryption	sha256WithRSAEncryption	rsa	2048	65537	-	www.example.org	-	-	-	F	-	T	F
1700000140.900971	1c74a80a826642225443f1a61005bfb0a75cc9d3e6b5c1a7bb73e57619a80676	3	2FBF2EF3	CN=cdn.example.net	CN=cdn.example.net	1697408140.000000	1728944140.000000	rsaEncryption	sha256WithRSAEncryption	rsa	2048	65537	-	cdn.example.net	-	-	-	F	-	T	F
1700000147.923727	3848d796f682faad2c006fa1ce8cd22bbfc7b9f4646a92c7ffd65e9fd8f3b01e	3	17CED2DD	CN=cdn.example.net	CN=cdn.example.net	1697408147.000000	1728944147.000000	rsaEncryption	sha256WithRSAEncryption	rsa	2048	65537	-	cdn.example.net	-	-	-	F	-	T	F
1700000148.470870	a78377a12057cb1a97766899ebbc49064b575d65dd8be28b03357d181b67732a	3	764457CC	CN=assets.example.co	CN=assets.example.co	1697408148.000000	1728944148.000000	rsaEncryption	sha256WithRSAEncryption	rsa	2048	65537	-	assets.example.co	-	-	-	F	-	T	F
1700000148.506438	1b73efafdf218c9019612885425324fb5eb8c49e0d9910ade551cd13eb6139a5	3	26C4EE80	CN=updates.example.com	CN=updates.example.com	1697408148.000000	1728944148.000000	rsaEncryption	sha256WithRSAEncryption	rsa	2048	65537	-	updates.example.com	-	-	-	F	-	T	F
1700000148.879736	204e7862a4dfa814d5965527e4679aa4da26f8b4a54b1cc72167ea2a2e3cc29b	3	53C805AF	CN=www.example.org	CN=www.example.org	1697408148.000000	1728944148.000000	rsaEncryption	sha256WithRSAEncryption	rsa	2048	65537	-	www.example.org	-	-	-	F	-	T	F
1700000149.616155	d0dcd1b761592d1159bcf90efeaf1785ce0b742e002280b8a3f0b7626b2a25a8	3	6EB5A482	CN=assets.example.co	CN=assets.example.co	1697408149.000000	1728944149.000000	rsaEncryption	sha256WithRSAEncryption	rsa	2048	65537	-	assets.example.co	-	-	-	F	-	T	F
1700000149.768899	8022d4f811c87f50373502f29811841134f7db5451728f5f0128bf8f91deab6a	3	6E326CD9	CN=portal.example.io	CN=portal.example.io	1697408149.000000	1728944149.000000	rsaEncryption	sha256WithRSAEncryption	rsa	2048	65537	-	portal.example.io	-	-	-	F	-	T	F
1700000150.867815	835fcf790a426af316cfa91c34973920f9ab7b8c5736cd91c4ee62729c87891b	3	528AA4DB	CN=assets.example.co	CN=assets.example.co	1697408150.000000	1728944150.000000	rsaEncryption	sha256WithRSAEncryption	rsa	2048	65537	-	assets.example.co	-	-	-	F	-	T	F
1700000151.058264	221539359f83158c6e78b05332e111e85230d90c90a9694159caafba162b375e	3	6B1D0F0D	CN=www.example.org	CN=www.example.org	1697408150.000000	1728944150.000000	rsaEncryption	sha256WithRSAEncryption	rsa	2048	65537	-	www.example.org	-	-	-	F	-	T	F
1700000153.817950	0bb258a17ee5c0c7601ceab3c0aad4ddfbd965f6565586f7824f017dd53f8961	3	11650315	CN=www.example.org	CN=www.example.org	1697408153.000000	1728944153.000000	rsaEncryption	sha256WithRSAEncryption	rsa	2048	65537	-	www.example.org	-	-	-	F	-	T	F
1700000154.088354	be8726e180876225ab7b54278e6913fe64aa5e5b4ce55a421c2368ae1dfc1c9b	3	5655006E	CN=updates.example.com	CN=updates.example.com	1697408154.000000	1728944154.000000	rsaEncryption	sha256WithRSAEncryption	rsa	2048	65537	-	updates.example.com	-	-	-	F	-	T	F
1700000154.294533	99fd2e005cdb436b0c48f1d759e9949a2d103acbea1cb90ac6a00340a1ec08c2	3	4787877E	CN=www.example.org	CN=www.example.org	1697408154.000000	1728944154.000000	rsaEncryption	sha256WithRSAEncryption	rsa	2048	65537	-	www.example.org	-	-	-	F	-	T	F
1700000154.826645	20f0a732c738f97dc8674766f7099dcab891dff7387ae1ea585f5d176fbc54d1	3	0403E152	CN=updates.example.com	CN=updates.example.com	1697408154.000000	1728944154.000000	rsaEncryption	sha256WithRSAEncryption	rsa	2048	65537	-	updates.example.com	-	-	-	F	-	T	F
1700000161.030110	56e646edeaaba492527d9e00ae974552c67b1c26d4fe7ec32122b86c81680f74	3	6E67F6D2	CN=cdn.example.net	CN=cdn.example.net	1697408160.000000	1728944160.000000	rsaEncryption	sha256WithRSAEncryption	rsa	2048	65537	-	cdn.example.net	-	-	-	F	-	T	F
1700000161.848851	801fa3ccaaa0c6f1c06b7aaecdb48a8a6145e5e8e5c8351585d8f9d63fd97bdc	3	4E52F9D4	CN=www.example.org	CN=www.example.org	1697408161.000000	1728944161.000000	rsaEncryption	sha256WithRSAEncryption	rsa	2048	65537	-	www.example.org	-	-	-	F	-	T	F
1700000161.854012	3ae130536565d3ec7899c1a6f1c34bef85551cda5f6dfa7189e79ca8132f26e2	3	1500A582	CN=www.example.org	CN=www.example.org	1697408161.000000	1728944161.000000	rsaEncryption	sha256WithRSAEncryption	rsa	2048	65537	-	www.example.org	-	-	-	F	-	T	F
1700000162.219782	1e5dfeb8985d6469e262f2325050e217cb53751d132902ac944b31782d588115	3	76F45296	CN=portal.example.io	CN=portal.example.io	1697408162.000000	1728944162.000000	rsaEncryption	sha256WithRSAEncryption	rsa	2048	65537	-	portal.example.io	-	-	-	F	-	T	F
1700000162.610291	e917019d716bd609d0f0b2cb6c04a6b6c28b879b20b9263b09f37b49c9485965	3	5E15CD81	CN=cdn.example.net	CN=cdn.example.net	1697408162.000000	1728944162.000000	rsaEncryption	sha256WithRSAEncryption	rsa	2048	65537	-	cdn.example.net	-	-	-	F	-	T	F
1700000163.200372	20a24c3a865c02b5cf13b5eff26a9d2d60fb27919a703ae43d8b7ad162a59ab4	3	596B68C5	CN=portal.example.io	CN=portal.example.io	1697408163.000000	1728944163.000000	rsaEncryption	sha256WithRSAEncryption	rsa	2048	65537	-	portal.example.io	-	-	-	F	-	T	F
1700000163.546869	cd358af0e5ef31495d21329c2947e21f56efcfcaf0b0c3908e687622b1a143cd	3	421B07D6	CN=www.example.org	CN=www.example.org	1697408163.000000	1728944163.000000	rsaEncryption	sha256WithRSAEncryption	rsa	2048	65537	-	www.example.org	-	-	-	F	-	T	F
1700000163.848165	056ced7431fde1ca4e08f2d36ca78d43c66f8f8ecc7aa1187d22aeaf74086a40	3	65499725	CN=assets.example.co	CN=assets.example.co	1697408163.000000	1728944163.000000	rsaEncryption	sha256WithRSAEncryption	rsa	2048	65537	-	assets.example.co	-	-	-	F	-	T	F
1700000164.659020	7c2cc86a03d4f4e1a8d4c616026024fe49ff8250aeb3b7391a8caf9e7769d515	3	2C41BA0A	CN=api.github.com	CN=api.github.com	1697408164.000000	1728944164.000000	rsaEncryption	sha256WithRSAEncryption	rsa	2048	65537	-	api.github.com	-	-	-	F	-	T	F
1700000164.961977	16d92db3dcf3d932db03a6afd939fe370711693545cd5c6ddf67ed05da890290	3	6BE697B5	CN=portal.example.io	CN=portal.example.io	1697408164.000000	1728944164.000000	rsaEncryption	sha256WithRSAEncryption	rsa	2048	65537	-	portal.example.io	-	-	-	F	-	T	F
1700000165.820153	d67a440fe371d6e12ab2022e6f709457c0860a663087716b68baeb7b8a8e1470	3	3E3E72BB	CN=api.github.com	CN=api.github.com	1697408165.000000	1728944165.000000	rsaEncryption	sha256WithRSAEncryption	rsa	2048	65537	-	api.github.com	-	-	-	F	-	T	F
1700000166.217973	f7022a49edc988e27265a939691ee1425f9e8a33619c29b918f2b88430593564	3	7278D5CD	CN=assets.example.co	CN=assets.example.co	1697408166.000000	1728944166.000000	rsaEncryption	sha256WithRSAEncryption	rsa	2048	65537	-	assets.example.co	-	-	-	F	-	T	F
1700000167.150602	7ea452a71cc68385067516dd2e9173ae1d0250bbd0365b1d091dc2566eadb3c7	3	77329485	CN=api.github.com	CN=api.github.com	1697408167.000000	1728944167.000000	rsaEncryption	sha256WithRSAEncryption	rsa	2048	65537	-	api.github.com	-	-	-	F	-	T	F
1700000167.561075	247512f521b289a803f89843bd5f36be80b5e60e56d44188b707b85f40bbfc49	3	1DC27542	CN=portal.example.io	CN=portal.example.io	1697408167.000000	1728944167.000000	rsaEncryption	sha256WithRSAEncryption	rsa	2048	65537	-	portal.example.io	-	-	-	F	-	T	F
1700000167.599877	9bef81c3a6bd9be2db43dd8c293aa24696afa4bb1547d611ce9e8de4b1dee2c3	3	1D40F2E7	CN=updates.example.com	CN=updates.example.com	1697408167.000000	1728944167.000000	rsaEncryption	sha256WithRSAEncryption	rsa	2048	65537	-	updates.example.com	-	-	-	F	-	T	F
1700000167.636113	14fe627cbaa837f6a361d491df7ab020c86d6b22b073df609dc7d6792a3b766f	3	788A30A7	CN=portal.example.io	CN=portal.example.io	1697408167.000000	1728944167.000000	rsaEncryption	sha256WithRSAEncryption	rsa	2048	65537	-	portal.example.io	-	-	-	F	-	T	F
1700000167.724852	65aa778cfa1c001e7ed10fccf112da7feb746fa9f72096ada7253ee407948798	3	21616D1A	CN=updates.example.com	CN=updates.example.com	1697408167.000000	1728944167.000000	rsaEncryption	sha256WithRSAEncryption	rsa	2048	65537	-	updates.example.com	-	-	-	F	-	T	F
1700000167.998730	3984b3e81a99af092712e5b557cf423449dba9d455aff6a03f3ff90d38823f0e	3	0D0F790A	CN=www.example.org	CN=www.example.org	1697408167.000000	1728944167.000000	rsaEncryption	sha256WithRSAEncryption	rsa	2048	65537	-	www.example.org	-	-	-	F	-	T	F
1700000168.131299	1e43e55f0b77ad2a81c2405260848b7b78718d87e5d67654d11b3e50ab69d57e	3	158B175A	CN=assets.example.co	CN=assets.example.co	1697408168.000000	1728944168.000000	rsaEncryption	sha256WithRSAEncryption	rsa	2048	65537	-	assets.example.co	-	-	-	F	-	T	F
1700000168.157036	8210111680618868a401d4749e23c87d716d55f96de59e92ab7441ea9bd32cc7	3	0ADB0CA8	CN=assets.example.co	CN=assets.example.co	1697408168.000000	1728944168.000000	rsaEncryption	sha256WithRSAEncryption	rsa	2048	65537	-	assets.example.co	-	-	-	F	-	T	F
1700000168.235934	50193159a0f333e920922bd983412c3295688c12f6e5c637c6dc646adf769cd2	3	5640119C	CN=api.github.com	CN=api.github.com	1697408168.000000	1728944168.000000	rsaEncryption	sha256WithRSAEncryption	rsa	2048	65537	-	api.github.com	-	-	-	F	-	T	F
1700000168.489405	7890c2cf5cf5eb8977a18a46da91f6495c019047b773c562a27c3a1f97fdfbe0	3	6C32A687	CN=api.github.com	CN=api.github.com	1697408168.000000	1728944168.000000	rsaEncryption	sha256WithRSAEncryption	rsa	2048	65537	-	api.github.com	-	-	-	F	-	T	F
1700000168.511628	d750b844e93885bbacdbcc51db54f19631fc748142d004be6a7cb19b2b855efd	3	2EBB0EC0	CN=api.github.com	CN=api.github.com	1697408168.000000	1728944168.000000	rsaEncryption	sha256WithRSAEncryption	rsa	2048	65537	-	api.github.com	-	-	-	F	-	T	F
1700000168.704219	3ccae047cbee818d533d760e63b9a847a13a7fd23f837a84f6999fb6be75ddfd	3	41D9D04F	CN=portal.example.io	CN=portal.example.io	1697408168.000000	1728944168.000000	rsaEncryption	sha256WithRSAEncryption	rsa	2048	65537	-	portal.example.io	-	-	-	F	-	T	F
1700000168.879185	5d2e36671002396553d7d4f6f91c293311c753dbc9d0791fe1754989d6ab1fdc	3	2D329B42	CN=api.github.com	CN=api.github.com	1697408168.000000	1728944168.000000	rsaEncryption	sha256WithRSAEncryption	rsa	2048	65537	-	api.github.com	-	-	-	F	-	T	F
1700000169.770452	e9824fecaa53ce3be59c40c80c5f4781d557f6f4c1b9430fb6eec015bd07a553	3	6E85AB13	CN=www.example.org	CN=www.example.org	1697408169.000000	1728944169.000000	rsaEncryption	sha256WithRSAEncryption	rsa	2048	65537	-	www.example.org	-	-	-	F	-	T	F
1700000169.997646	c225f58d83b9fa9a4206da0a385f064b6f336e05588f7c642a7e819f40d6b1db	3	24A6FB5D	CN=www.example.org	CN=www.example.org	1697408169.000000	1728944169.000000	rsaEncryption	sha256WithRSAEncryption	rsa	2048	65537	-	www.example.org	-	-	-	F	-	T	F
1700000170.145905	861c49944f9eab32b88f31a9d63e63041c0a49c1490755c3042f2837e7ef0dc7	3	7B52AB05	CN=updates.example.com	CN=updates.example.com	1697408170.000000	1728944170.000000	rsaEncryption	sha256WithRSAEncryption	rsa	2048	65537	-	updates.example.com	-	-	-	F	-	T	F
1700000170.238934	7ffb99d7cbc67af733a471d5cbc64fc9e1bd83a334cccf99c52d4f690a4d71a5	3	3D8B34C9	CN=api.github.com	CN=api.github.com	1697408170.000000	1728944170.000000	rsaEncryption	sha256WithRSAEncryption	rsa	2048	65537	-	api.github.com	-	-	-	F	-	T	F
1700000170.313589	6db8e132225fec736a155033d8b7feb7fcc7e6a9800c1b384a6aa2c9dc749d6b	3	721225AE	CN=api.github.com	CN=api.github.com	1697408170.000000	1728944170.000000	rsaEncryption	sha256WithRSAEncryption	rsa	2048	65537	-	api.github.com	-	-	-	F	-	T	F
1700000171.435870	214e8f0bf0371e0a2af6e23cfa7c65e697f25befcb51cfcc2a71c22780bd2c11	3	76E7C8B1	CN=portal.example.io	CN=portal.example.io	1697408171.000000	1728944171.000000	rsaEncryption	sha256WithRSAEncryption	rsa	2048	65537	-	portal.example.io	-	-	-	F	-	T	F
1700000171.504845	adf1392ec57ba601909bd7e160100699c225bc9bb2e87e522b341081992b2fb8	3	370F0039	CN=cdn.example.net	CN=cdn.example.net	1697408171.000000	1728944171.000000	rsaEncryption	sha256WithRSAEncryption	rsa	2048	65537	-	cdn.example.net	-	-	-	F	-	T	F
1700000171.703683	21e08e74621e91b7fc35a496ba9ad63962869a6ec9ceacaf94ee2ee69fc7c14d	3	63F2EDFC	CN=portal.example.io	CN=portal.example.io	1697408171.000000	1728944171.000000	rsaEncryption	sha256WithRSAEncryption	rsa	2048	65537	-	portal.example.io	-	-	-	F	-	T	F
1700000172.583055	4275c2291e5e8d5527d03eba2759736058c3ffc831e6eee33517e85c440b7672	3	77C3AB7C	CN=updates.example.com	CN=updates.example.com	1697408172.000000	1728944172.000000	rsaEncryption	sha256WithRSAEncryption	rsa	2048	65537	-	updates.example.com	-	-	-	F	-	T	F
1700000173.329707	0cd7356b80577850ae9d3e16027fabec009424c24ed6512dd0d42860d06e56e7	3	5922D077	CN=portal.example.io	CN=portal.example.io	1697408173.000000	1728944173.000000	rsaEncryption	sha256WithRSAEncryption	rsa	2048	65537	-	portal.example.io	-	-	-	F	-	T	F
1700000173.529819	ff90d4edb845a34d41b3a844f8b5f490520aea02b21431e6b6b5ac1589549ca0	3	1E7E912E	CN=www.example.org	CN=www.example.org	1697408173.000000	1728944173.000000	rsaEncryption	sha256WithRSAEncryption	rsa	2048	65537	-	www.example.org	-	-	-	F	-	T	F
1700000174.216892	f67736f8b4c60d202369c6a12f9a1f8f9af3d36612bbb7b74f978f9e9a4f8414	3	255A5B4D	CN=www.example.org	CN=www.example.org	1697408174.000000	1728944174.000000	rsaEncryption	sha256WithRSAEncryption	rsa	2048	65537	-	www.example.org	-	-	-	F	-	T	F
1700000174.415893	5b719721b84eb53f18f1ae5ad58c77e0de7e5bfdd487a03590cbc7df93c7e398	3	2C86B666	CN=assets.example.co	CN=assets.example.co	1697408174.000000	1728944174.000000	rsaEncryption	sha256WithRSAEncryption	rsa	2048	65537	-	assets.example.co	-	-	-	F	-	T	F
1700000175.934296	a75898e17cb9f12cc6da19741a5350c043af796ee6dea4232479de71d7c642ad	3	47A44ED7	CN=portal.example.io	CN=portal.example.io	1697408175.000000	1728944175.000000	rsaEncryption	sha256WithRSAEncryption	rsa	2048	65537	-	portal.example.io	-	-	-	F	-	T	F
1700000186.261694	f27f84226072d986f5e802a46a20c3b9264493ea20a97da9c2b8cbde8ba6d177	3	6F397E3A	CN=www.example.org	CN=www.example.org	1697408186.000000	1728944186.000000	rsaEncryption	sha256WithRSAEncryption	rsa	2048	65537	-	www.example.org	-	-	-	F	-	T	F
1700000186.418311	b78e82913f4c756dd940875a25491743c7b009a976756d5756b2965b2c4252ab	3	5AA8166A	CN=www.example.org	CN=www.example.org	1697408186.000000	1728944186.000000	rsaEncryption	sha256WithRSAEncryption	rsa	2048	65537	-	www.example.org	-	-	-	F	-	T	F
1700000190.258319	01ba4eabe1822ba2dba6c22f201b018043b084c8cd1c8cd92f6148c7bced6514	3	6C945C28	CN=portal.example.io	CN=portal.example.io	1697408190.000000	1728944190.000000	rsaEncryption	sha256WithRSAEncryption	rsa	2048	65537	-	portal.example.io	-	-	-	F	-	T	F
1700000190.497431	40ec8385ff88b9c6809b23566e54d10cd12bafbb813198b8849a4051cfc6d479	3	4B2528D9	CN=api.github.com	CN=api.github.com	1697408190.000000	1728944190.000000	rsaEncryption	sha256WithRSAEncryption	rsa	2048	65537	-	api.github.com	-	-	-	F	-	T	F
1700000191.025888	35cbdba17a316e9a716f343ad7243d5f9929e4f803dbf953e02262a0c4463c61	3	34875449	CN=updates.example.com	CN=updates.example.com	1697408190.000000	1728944190.000000	rsaEncryption	sha256WithRSAEncryption	rsa	2048	65537	-	updates.example.com	-	-	-	F	-	T	F
1700000191.156459	032954f0dbbb413674548195a31ef27d7d4dee316d25c747f15c0ccdba40adb4	3	743337DC	CN=assets.example.co	CN=assets.example.co	1697408191.000000	1728944191.000000	rsaEncryption	sha256WithRSAEncryption	rsa	2048	65537	-	assets.example.co	-	-	-	F	-	T	F
#close	2026-07-18-00-54-45
