#separator \x09
#set_separator	,
#empty_field	(empty)
#unset_field	-
#path	x509
#open	0000-00-00-00-00-00
#fields	ts	fingerprint	certificate.version	certificate.serial	certificate.subject	certificate.issuer	certificate.not_valid_before	certificate.not_valid_after	certificate.key_alg	certificate.sig_alg	certificate.key_type	certificate.key_length	certificate.exponent	certificate.curve	san.dns	san.uri	san.email	san.ip	basic_constraints.ca	basic_constraints.path_len	host_cert	client_cert
#types	time	string	count	string	string	string	time	time	string	string	string	count	string	string	vector[string]	vector[string]	vector[string]	vector[addr]	bool	count	bool	bool
1700000017.273049	3c69bc1c2cff86f29580c4e61cda6cbfd104c865d9d71fd6969feeb02deec73a	3	11E8683C	CN=portal.example.io	CN=PacketForge Synthetic CA	1697408017.000000	1728944017.000000	rsaEncryption	sha256WithRSAEncryption	rsa	2048	65537	-	portal.example.io	-	-	-	F	-	T	F
1700000017.273049	c0c4a51bcf95a81486a5bcb053d0ec2447c5eb8d389014c182694d4ccc8348e6	3	50465F4341	O=PacketForge,CN=PacketForge Synthetic CA	O=PacketForge,CN=PacketForge Synthetic CA	1600000000.000000	1915360000.000000	rsaEncryption	sha256WithRSAEncryption	rsa	2048	65537	-	-	-	-	-	T	0	F	F
1700000046.144918	479f2dab5b7b34d58574b2a514aa66f1cb7637149b7392be138ffdc049074b8e	3	67769BD0	CN=www.example.org	CN=PacketForge Synthetic CA	1697408046.000000	1728944046.000000	rsaEncryption	sha256WithRSAEncryption	rsa	2048	65537	-	www.example.org	-	-	-	F	-	T	F
1700000100.072753	a6cf42f5b360369485b0de7ed05e1a3acb86c6e053b9364ae05ef1ffaad0e2c3	3	420286AD	CN=update.evil.example	CN=PacketForge Synthetic CA	1697408100.000000	1728944100.000000	rsaEncryption	sha256WithRSAEncryption	rsa	2048	65537	-	update.evil.example	-	-	-	F	-	T	F
1700000157.040165	5238aec933a11e7bddfb9d4456ea3ee48c9238637db8cd6b8fcc8b4ba9303739	3	50E35FAF	CN=assets.example.co	CN=PacketForge Synthetic CA	1697408156.000000	1728944156.000000	rsaEncryption	sha256WithRSAEncryption	rsa	2048	65537	-	assets.example.co	-	-	-	F	-	T	F
1700000158.161554	c89c70f9cc582cc109978a4c40bf13ecda5f3fe87ded7096c098c48b11a31154	3	7648A2BE	CN=cdn.example.net	CN=PacketForge Synthetic CA	1697408158.000000	1728944158.000000	rsaEncryption	sha256WithRSAEncryption	rsa	2048	65537	-	cdn.example.net	-	-	-	F	-	T	F
1700000158.584259	12d81656974b30104e1dc3e1b6bc7d0c20d9c83d8b6d461bc7cb27053a1088da	3	6781E80E	CN=assets.example.co	CN=PacketForge Synthetic CA	1697408158.000000	1728944158.000000	rsaEncryption	sha256WithRSAEncryption	rsa	2048	65537	-	assets.example.co	-	-	-	F	-	T	F
1700000158.798130	9486ae7bff105fa1791fd6f1041ee698b4d29e0450f3383f6b91461a3299bb9b	3	0DACCEB1	CN=www.example.org	CN=PacketForge Synthetic CA	1697408158.000000	1728944158.000000	rsaEncryption	sha256WithRSAEncryption	rsa	2048	65537	-	www.example.org	-	-	-	F	-	T	F
1700000159.070197	36533b093d0b282cbeddf9f0327039d2e9f9ac3f4cf47f8c9b66fadf6feacd93	3	07D65ABE	CN=www.example.org	CN=PacketForge Synthetic CA	1697408158.000000	1728944158.000000	rsaEncryption	sha256WithRSAEncryption	rsa	2048	65537	-	www.example.org	-	-	-	F	-	T	F
1700000159.112620	99a03e545b8b5787e86973e585a910afe677eb80bb16fdbdf37e1eb388041523	3	0950366C	CN=www.example.org	CN=PacketForge Synthetic CA	1697408159.000000	1728944159.000000	rsaEncryption	sha256WithRSAEncryption	rsa	2048	65537	-	www.example.org	-	-	-	F	-	T	F
1700000159.588779	776b2c04cd5575be44640f6ac8a18af7747f38a2293418963720977b9aca3ca5	3	474E47FD	CN=api.github.com	CN=PacketForge Synthetic CA	1697408159.000000	1728944159.000000	rsaEncryption	sha256WithRSAEncryption	rsa	2048	65537	-	api.github.com	-	-	-	F	-	T	F
1700000161.367590	1f68f51317cd0097a809713a4935e9192b4d224a44382aca6b7120a10f140667	3	78CA9980	CN=portal.example.io	CN=PacketForge Synthetic CA	1697408161.000000	1728944161.000000	rsaEncryption	sha256WithRSAEncryption	rsa	2048	65537	-	portal.example.io	-	-	-	F	-	T	F
1700000170.080653	79eedd08d068a957f40f9a5532419d736e493856a7d4909b424f8d86dc50d346	3	1A2098E7	CN=cdn.example.net	CN=PacketForge Synthetic CA	1697408170.000000	1728944170.000000	rsaEncryption	sha256WithRSAEncryption	rsa	2048	65537	-	cdn.example.net	-	-	-	F	-	T	F
1700000175.305696	3d61c39c7737bfb97efba9084da4667088e8bbb2a5b0485aecc65b9fbde3a992	3	3D65D20E	CN=updates.example.com	CN=PacketForge Synthetic CA	1697408175.000000	1728944175.000000	rsaEncryption	sha256WithRSAEncryption	rsa	2048	65537	-	updates.example.com	-	-	-	F	-	T	F
1700000175.364445	79d89283d8bf19c50e24f0d19888de3e7f2ace98b74f2bed7830d8b57a49dcda	3	5BDC7840	CN=portal.example.io	CN=PacketForge Synthetic CA	1697408175.000000	1728944175.000000	rsaEncryption	sha256WithRSAEncryption	rsa	2048	65537	-	portal.example.io	-	-	-	F	-	T	F
#close	0000-00-00-00-00-00
