#separator \x09
#set_separator	,
#empty_field	(empty)
#unset_field	-
#path	x509
#open	2026-07-18-00-54-33
#fields	ts	fingerprint	certificate.version	certificate.serial	certificate.subject	certificate.issuer	certificate.not_valid_before	certificate.not_valid_after	certificate.key_alg	certificate.sig_alg	certificate.key_type	certificate.key_length	certificate.exponent	certificate.curve	san.dns	san.uri	san.email	san.ip	basic_constraints.ca	basic_constraints.path_len	host_cert	client_cert
#types	time	string	count	string	string	string	time	time	string	string	string	count	string	string	vector[string]	vector[string]	vector[string]	vector[addr]	bool	count	bool	bool
1700000031.585110	b75a7f29b5ed73ec5528f7ce6a8cb4f62912f3f7b17a9b9e5a732b8687730b50	3	7F5B74E1	CN=updates.example.com	CN=updates.example.com	1697408031.000000	1728944031.000000	rsaEncryption	sha256WithRSAEncryption	rsa	2048	65537	-	updates.example.com	-	-	-	F	-	T	F
1700000031.628446	25cd496a78d6d724c88e6ffe3ed9ca9ef16990f1f709b6a09b7cbec1dbe100a2	3	39A661D4	CN=api.github.com	CN=api.github.com	1697408031.000000	1728944031.000000	rsaEncryption	sha256WithRSAEncryption	rsa	2048	65537	-	api.github.com	-	-	-	F	-	T	F
1700000031.851876	3cea606a3dcf560dbdb4c3b640759861f221a4ed75b67ac6c7661388691599da	3	248429	CN=api.github.com	CN=api.github.com	1697408031.000000	1728944031.000000	rsaEncryption	sha256WithRSAEncryption	rsa	2048	65537	-	api.github.com	-	-	-	F	-	T	F
1700000032.733497	2e7877d9bc22cd99830ffc818f9bba5c35a1503ac5a33b6d1e10ae7d5855356f	3	75895CF6	CN=www.example.org	CN=www.example.org	1697408032.000000	1728944032.000000	rsaEncryption	sha256WithRSAEncryption	rsa	2048	65537	-	www.example.org	-	-	-	F	-	T	F
1700000033.299801	17b4017bbf696224ea741d37fc945d695c3395ac178def2deda75ac176548345	3	072D3F4C	CN=updates.example.com	CN=updates.example.com	1697408033.000000	1728944033.000000	rsaEncryption	sha256WithRSAEncryption	rsa	2048	65537	-	updates.example.com	-	-	-	F	-	T	F
1700000033.497141	5f40d310d0b0f7537c39aba6a1b79562b974fa13f42e1c133c586015912e194c	3	5EB25DAA	CN=cdn.example.net	CN=cdn.example.net	1697408033.000000	1728944033.000000	rsaEncryption	sha256WithRSAEncryption	rsa	2048	65537	-	cdn.example.net	-	-	-	F	-	T	F
1700000033.942303	6c5e6fb6308ab196b35d349bbd09352952ef73af811a767c5f2ff1fdc94a0d12	3	1D806CF4	CN=api.github.com	CN=api.github.com	1697408033.000000	1728944033.000000	rsaEncryption	sha256WithRSAEncryption	rsa	2048	65537	-	api.github.com	-	-	-	F	-	T	F
1700000035.501497	222d7b08b4622f5d67979cca7ef4692b5e1f3abce68c90d52d17ed62690a0ae1	3	44504D80	CN=updates.example.com	CN=updates.example.com	1697408035.000000	1728944035.000000	rsaEncryption	sha256WithRSAEncryption	rsa	2048	65537	-	updates.example.com	-	-	-	F	-	T	F
1700000040.584694	d5b4dac87ecf2785de3e4aca87150e463c18e9d5cfc47a60311ebba5f0ff8f35	3	0E3100	CN=cdn.example.net	CN=cdn.example.net	1697408040.000000	1728944040.000000	rsaEncryption	sha256WithRSAEncryption	rsa	2048	65537	-	cdn.example.net	-	-	-	F	-	T	F
1700000040.958268	853524e06d947cee00b8a5160f3a60d918dbd4db514755c9d37901b26516ed58	3	1D82C572	CN=api.github.com	CN=api.github.com	1697408040.000000	1728944040.000000	rsaEncryption	sha256WithRSAEncryption	rsa	2048	65537	-	api.github.com	-	-	-	F	-	T	F
1700000041.611760	66020bbd6f63ab0a93968523e88904d523efe3d961dd175605ea9725e63808fe	3	7BBAD026	CN=updates.example.com	CN=updates.example.com	1697408041.000000	1728944041.000000	rsaEncryption	sha256WithRSAEncryption	rsa	2048	65537	-	updates.example.com	-	-	-	F	-	T	F
1700000041.617949	4b7efd49443a8b2c632b97f0c28dc5d819ca1e93459db893a25d82716b566dcd	3	5BB20309	CN=assets.example.co	CN=assets.example.co	1697408041.000000	1728944041.000000	rsaEncryption	sha256WithRSAEncryption	rsa	2048	65537	-	assets.example.co	-	-	-	F	-	T	F
1700000041.627426	0b117fdbdb80041e7b090cd8d84364fe2677f151070ccee6cbcc12e74a232a7f	3	14237A05	CN=api.github.com	CN=api.github.com	1697408041.000000	1728944041.000000	rsaEncryption	sha256WithRSAEncryption	rsa	2048	65537	-	api.github.com	-	-	-	F	-	T	F
1700000041.762251	a35f80a535feeecfde2264ec47820066d0a9d4099d886e7ce546b2706b34ecc7	3	3804FF7F	CN=assets.example.co	CN=assets.example.co	1697408041.000000	1728944041.000000	rsaEncryption	sha256WithRSAEncryption	rsa	2048	65537	-	assets.example.co	-	-	-	F	-	T	F
1700000041.891105	41d6900a868384127f11ef525c055f929744ad7cecf9c399cb79db5c293c67e4	3	582685F2	CN=www.example.org	CN=www.example.org	1697408041.000000	1728944041.000000	rsaEncryption	sha256WithRSAEncryption	rsa	2048	65537	-	www.example.org	-	-	-	F	-	T	F
1700000042.204453	df210b031eab1ef63bc2c8fc56882bedd25bd121f45275c8b8e00d5d42025de1	3	1D7A84A3	CN=www.example.org	CN=www.example.org	1697408042.000000	1728944042.000000	rsaEncryption	sha256WithRSAEncryption	rsa	2048	65537	-	www.example.org	-	-	-	F	-	T	F
1700000042.528889	de0a24384116b4eeb8f3ff9934e14e4d96b660767529c4fcd2804b16aaf3a34b	3	2E33E19A	CN=cdn.example.net	CN=cdn.example.net	1697408042.000000	1728944042.000000	rsaEncryption	sha256WithRSAEncryption	rsa	2048	65537	-	cdn.example.net	-	-	-	F	-	T	F
1700000046.027158	dbb0649c0f91df4fb7cf87241482237dca8e6c0fb3fb8f087299a1cd6066983b	3	3DE6FC5A	CN=api.github.com	CN=api.github.com	1697408045.000000	1728944045.000000	rsaEncryption	sha256WithRSAEncryption	rsa	2048	65537	-	api.github.com	-	-	-	F	-	T	F
1700000047.437335	851ef2fafb916602821a64a22163584a2601f44e1bc956f448133daf8f620470	3	4F653F70	CN=cdn.example.net	CN=cdn.example.net	1697408047.000000	1728944047.000000	rsaEncryption	sha256WithRSAEncryption	rsa	2048	65537	-	cdn.example.net	-	-	-	F	-	T	F
1700000047.807456	f6093bb7d87795510508e1ca9d4ce700a5d28e00c2236ea82318095b69a38b8b	3	4E80F7B7	CN=api.github.com	CN=api.github.com	1697408047.000000	1728944047.000000	rsaEncryption	sha256WithRSAEncryption	rsa	2048	65537	-	api.github.com	-	-	-	F	-	T	F
1700000047.947832	866f70781815d69d817e99cd8001e8c80264e3dda6e88d60c38b0d8cf5d67d0c	3	041932C8	CN=portal.example.io	CN=portal.example.io	1697408047.000000	1728944047.000000	rsaEncryption	sha256WithRSAEncryption	rsa	2048	65537	-	portal.example.io	-	-	-	F	-	T	F
1700000048.598854	acb79ce65bb387626a4646c1e02270480a1aad93ef0695d5b16c47b21d36a5a8	3	2E845062	CN=api.github.com	CN=api.github.com	1697408048.000000	1728944048.000000	rsaEncryption	sha256WithRSAEncryption	rsa	2048	65537	-	api.github.com	-	-	-	F	-	T	F
1700000048.729393	38d1a75dcda8a6517234f08e3fefbe64eb37e528ce130ad51ca806baf4529a9e	3	04F87D36	CN=api.github.com	CN=api.github.com	1697408048.000000	1728944048.000000	rsaEncryption	sha256WithRSAEncryption	rsa	2048	65537	-	api.github.com	-	-	-	F	-	T	F
1700000049.375965	7ef42a768308259d2bebaa916f22e1b56e12c275bbd86271c8ebe169eb3c2451	3	25A524EF	CN=cdn.example.net	CN=cdn.example.net	1697408049.000000	1728944049.000000	rsaEncryption	sha256WithRSAEncryption	rsa	2048	65537	-	cdn.example.net	-	-	-	F	-	T	F
1700000050.416025	471e173b85b3b619827acce06b24338644011e191475585e5807da6bd683537f	3	2DACD58B	CN=api.github.com	CN=api.github.com	1697408050.000000	1728944050.000000	rsaEncryption	sha256WithRSAEncryption	rsa	2048	65537	-	api.github.com	-	-	-	F	-	T	F
1700000051.728894	7eace393abdb9b530301f248163722333cd25784899db323af7bdba3f3ccd91b	3	08A12349	CN=portal.example.io	CN=portal.example.io	1697408051.000000	1728944051.000000	rsaEncryption	sha256WithRSAEncryption	rsa	2048	65537	-	portal.example.io	-	-	-	F	-	T	F
1700000051.907259	01e9fb1e9e11aa2c98bc87c683c9175cacffa8616cda8e18a6138def9a1621b9	3	4717E3D3	CN=portal.example.io	CN=portal.example.io	1697408051.000000	1728944051.000000	rsaEncryption	sha256WithRSAEncryption	rsa	2048	65537	-	portal.example.io	-	-	-	F	-	T	F
1700000052.036650	b593f1b7cf2dadaa596b874ec70ed33aaac546b3e244dfde421cdc8f29800e78	3	32A33F6D	CN=www.example.org	CN=www.example.org	1697408051.000000	1728944051.000000	rsaEncryption	sha256WithRSAEncryption	rsa	2048	65537	-	www.example.org	-	-	-	F	-	T	F
1700000052.453148	f0430f2ad8e0d0c155e3b556631dd6db51c615eb9d657240cfc2b81629bb309e	3	296E66FD	CN=cdn.example.net	CN=cdn.example.net	1697408052.000000	1728944052.000000	rsaEncryption	sha256WithRSAEncryption	rsa	2048	65537	-	cdn.example.net	-	-	-	F	-	T	F
1700000053.269694	1967127ff7e03bee1b0e029a5938c93eac76007f9285e78d5018e19bb771026d	3	0165B4D3	CN=portal.example.io	CN=portal.example.io	1697408053.000000	1728944053.000000	rsaEncryption	sha256WithRSAEncryption	rsa	2048	65537	-	portal.example.io	-	-	-	F	-	T	F
1700000053.927058	0e1a2241e66a3afaa839836bacba1acdcf7efe316f3e3ed15f3ae38e1ca66da1	3	5D0B8ECE	CN=www.example.org	CN=www.example.org	1697408053.000000	1728944053.000000	rsaEncryption	sha256WithRSAEncryption	rsa	2048	65537	-	www.example.org	-	-	-	F	-	T	F
1700000054.497958	d62a6023d4a6324023ca837062e421459af2f71932e2f2d43f30b00bd11324bc	3	0C240FBF	CN=portal.example.io	CN=portal.example.io	1697408054.000000	1728944054.000000	rsaEncryption	sha256WithRSAEncryption	rsa	2048	65537	-	portal.example.io	-	-	-	F	-	T	F
1700000055.297269	c17692b82dbab5a3034288129d141caff1c2172586832260e8e3f0718a2823fa	3	4EAB8378	CN=cdn.example.net	CN=cdn.example.net	1697408055.000000	1728944055.000000	rsaEncryption	sha256WithRSAEncryption	rsa	2048	65537	-	cdn.example.net	-	-	-	F	-	T	F
1700000055.860474	36313a5270e960c4487d13ad3e8893b188beb68fc6e5f75344e1e1afc4f4077d	3	10EB5A29	CN=api.github.com	CN=api.github.com	1697408055.000000	1728944055.000000	rsaEncryption	sha256WithRSAEncryption	rsa	2048	65537	-	api.github.com	-	-	-	F	-	T	F
1700000056.739873	69a31ef40e035f625291982e8b448d6425d79fe8013569022970ff56533795c6	3	412DAC19	CN=portal.example.io	CN=portal.example.io	1697408056.000000	1728944056.000000	rsaEncryption	sha256WithRSAEncryption	rsa	2048	65537	-	portal.example.io	-	-	-	F	-	T	F
1700000057.002589	aabc575ab77899aca5d8a7cef8b598e1289278f1439093519cae57d06bc52520	3	338941C6	CN=api.github.com	CN=api.github.com	1697408056.000000	1728944056.000000	rsaEncryption	sha256WithRSAEncryption	rsa	2048	65537	-	api.github.com	-	-	-	F	-	T	F
1700000057.216793	7a64d7fff782c980d376f8bfbfec397ef328683438298a302d38bfef967e39ce	3	2589B7B6	CN=assets.example.co	CN=assets.example.co	1697408057.000000	1728944057.000000	rsaEncryption	sha256WithRSAEncryption	rsa	2048	65537	-	assets.example.co	-	-	-	F	-	T	F
1700000057.742333	e823e553d2eba1639133a49f92d6898c56c7e613e17c2379c0a68de049c7fa9d	3	744CB13C	CN=updates.example.com	CN=updates.example.com	1697408057.000000	1728944057.000000	rsaEncryption	sha256WithRSAEncryption	rsa	2048	65537	-	updates.example.com	-	-	-	F	-	T	F
1700000058.634943	ffd5037e7246f6abad08775a2b1043ecfe4ea9a3ba4246acc20b4b91140c2cde	3	7FA63808	CN=portal.example.io	CN=portal.example.io	1697408058.000000	1728944058.000000	rsaEncryption	sha256WithRSAEncryption	rsa	2048	65537	-	portal.example.io	-	-	-	F	-	T	F
1700000058.960232	5766395bdc24545c6f07b214b8ac758d04eb8933f115d96c076cc5bac539be70	3	61338FB5	CN=assets.example.co	CN=assets.example.co	1697408058.000000	1728944058.000000	rsaEncryption	sha256WithRSAEncryption	rsa	2048	65537	-	assets.example.co	-	-	-	F	-	T	F
1700000059.626973	4f9eac39fe50aeedcb0975e232f70988f10e76ae22c3f03591d221d25cf50dea	3	4B295955	CN=cdn.example.net	CN=cdn.example.net	1697408059.000000	1728944059.000000	rsaEncryption	sha256WithRSAEncryption	rsa	2048	65537	-	cdn.example.net	-	-	-	F	-	T	F
1700000059.715715	f8ba89faa91bd8bdb1f58fb88581fcccaa4c8776fabdb714d489d0d0e8b93418	3	09C47021	CN=assets.example.co	CN=assets.example.co	1697408059.000000	1728944059.000000	rsaEncryption	sha256WithRSAEncryption	rsa	2048	65537	-	assets.example.co	-	-	-	F	-	T	F
1700000059.870775	541d0b578d8a6cd4b48fd7d1f4fffc5a5183d5bd902ef823bf2077f73783df71	3	274358C7	CN=api.github.com	CN=api.github.com	1697408059.000000	1728944059.000000	rsaEncryption	sha256WithRSAEncryption	rsa	2048	65537	-	api.github.com	-	-	-	F	-	T	F
1700000060.782049	5cb9823561b8bfa29c6fb004e850c2bd3c4fd44fd83997346c3a696aaaf60254	3	33905AB1	CN=assets.example.co	CN=assets.example.co	1697408060.000000	1728944060.000000	rsaEncryption	sha256WithRSAEncryption	rsa	2048	65537	-	assets.example.co	-	-	-	F	-	T	F
1700000067.114196	d8b93102b2038fb082d2b44e3fbc979802001b96a07ac07e262729ec66cecc73	3	0CD18157	CN=portal.example.io	CN=portal.example.io	1697408067.000000	1728944067.000000	rsaEncryption	sha256WithRSAEncryption	rsa	2048	65537	-	portal.example.io	-	-	-	F	-	T	F
1700000068.382507	a894ec2643fc690ffbe2f067654577bd6f057b6e0e352da4ae430ee740f9a550	3	52EE8846	CN=cdn.example.net	CN=cdn.example.net	1697408068.000000	1728944068.000000	rsaEncryption	sha256WithRSAEncryption	rsa	2048	65537	-	cdn.example.net	-	-	-	F	-	T	F
1700000069.950433	40cad385459b54be4dc61dbc2eb29d7c8d80a76e9f769d3dd6e23b214eace916	3	7A6C5785	CN=cdn.example.net	CN=cdn.example.net	1697408069.000000	1728944069.000000	rsaEncryption	sha256WithRSAEncryption	rsa	2048	65537	-	cdn.example.net	-	-	-	F	-	T	F
1700000070.081313	15811520c229ff5a24caf0b9476585c6990562ee03d4dc0a62c7cb30256fee97	3	4A6A1C19	CN=api.github.com	CN=api.github.com	1697408070.000000	1728944070.000000	rsaEncryption	sha256WithRSAEncryption	rsa	2048	65537	-	api.github.com	-	-	-	F	-	T	F
1700000070.803010	45ca1a8821df560b7bc5823ee9d81b9b5d858170efcf4af8d27f80545a5506a2	3	737D2387	CN=updates.example.com	CN=updates.example.com	1697408070.000000	1728944070.000000	rsaEncryption	sha256WithRSAEncryption	rsa	2048	65537	-	updates.example.com	-	-	-	F	-	T	F
1700000070.937492	57ff4b5e1581b0b71639e75144f7ca5524d375ea5eedd950f30421d034b67748	3	31FB1259	CN=api.github.com	CN=api.github.com	1697408070.000000	1728944070.000000	rsaEncryption	sha256WithRSAEncryption	rsa	2048	65537	-	api.github.com	-	-	-	F	-	T	F
1700000071.031216	c98e67d98f1e1f72ea4c1a0b58ec5905ff411925a24879b23c43b7514a1a419c	3	36D4E9AD	CN=cdn.example.net	CN=cdn.example.net	1697408070.000000	1728944070.000000	rsaEncryption	sha256WithRSAEncryption	rsa	2048	65537	-	cdn.example.net	-	-	-	F	-	T	F
1700000071.032256	b5a43c2decdcde2464f246cdd2f2e6a112143e49c289b899ae87008b122ae913	3	4CF6E75F	CN=www.example.org	CN=www.example.org	1697408070.000000	1728944070.000000	rsaEncryption	sha256WithRSAEncryption	rsa	2048	65537	-	www.example.org	-	-	-	F	-	T	F
1700000071.035801	57d281cf41de533519087da5e4dbe36d9ff370103af4da6e8b27b4af23043302	3	6C3ACDDE	CN=api.github.com	CN=api.github.com	1697408070.000000	1728944070.000000	rsaEncryption	sha256WithRSAEncryption	rsa	2048	65537	-	api.github.com	-	-	-	F	-	T	F
1700000071.209089	305554986d004269167417163cc5f648bc6415b198c2e48ae3bf674a4d52719f	3	252A09F5	CN=assets.example.co	CN=assets.example.co	1697408071.000000	1728944071.000000	rsaEncryption	sha256WithRSAEncryption	rsa	2048	65537	-	assets.example.co	-	-	-	F	-	T	F
1700000071.820839	383887d30aedd8aa3091fea6ed0df524bd648266fa4dde67d9f6aea4fad449c1	3	09DFF3E5	CN=assets.example.co	CN=assets.example.co	1697408071.000000	1728944071.000000	rsaEncryption	sha256WithRSAEncryption	rsa	2048	65537	-	assets.example.co	-	-	-	F	-	T	F
1700000071.964664	ea447bfc443087c4ad4488b47ccb31f4aed7f6bf93c4ea488931bffbe5b2a111	3	22857459	CN=api.github.com	CN=api.github.com	1697408071.000000	1728944071.000000	rsaEncryption	sha256WithRSAEncryption	rsa	2048	65537	-	api.github.com	-	-	-	F	-	T	F
1700000072.156307	47ed9f4ba26d97126d2f0ad2a22747c11a9f5810f491a37f93f32047dba6735a	3	290F78B4	CN=cdn.example.net	CN=cdn.example.net	1697408072.000000	1728944072.000000	rsaEncryption	sha256WithRSAEncryption	rsa	2048	65537	-	cdn.example.net	-	-	-	F	-	T	F
1700000072.525764	66ba636218e0d0fa8879e2efa060c1ece6fe4b944ba27aad59c6efa76e98eefd	3	2D599594	CN=portal.example.io	CN=portal.example.io	1697408072.000000	1728944072.000000	rsaEncryption	sha256WithRSAEncryption	rsa	2048	65537	-	portal.example.io	-	-	-	F	-	T	F
1700000072.574122	bb6eaa993ee24f59399766f0889dab3cc91cf3fc824876fd4db0d69ee5897de8	3	247503	CN=api.github.com	CN=api.github.com	1697408072.000000	1728944072.000000	rsaEncryption	sha256WithRSAEncryption	rsa	2048	65537	-	api.github.com	-	-	-	F	-	T	F
1700000072.944896	7d6fff784bafa2d8585b97fb09c550c268e2defce898c1ebe1ff6dc611e0be5d	3	0594000B	CN=www.example.org	CN=www.example.org	1697408072.000000	1728944072.000000	rsaEncryption	sha256WithRSAEncryption	rsa	2048	65537	-	www.example.org	-	-	-	F	-	T	F
1700000073.213026	ac5a51461e7e7ed74e2a601eddd67d94f522784b3b3d8a3c5cfddf01340dc42c	3	42FB9DF0	CN=api.github.com	CN=api.github.com	1697408073.000000	1728944073.000000	rsaEncryption	sha256WithRSAEncryption	rsa	2048	65537	-	api.github.com	-	-	-	F	-	T	F
1700000073.492225	45e41ce69d1358223a3646f762f85158e712e84fd48076b66b9caa7c97df2099	3	5DBD00CC	CN=cdn.example.net	CN=cdn.example.net	1697408073.000000	1728944073.000000	rsaEncryption	sha256WithRSAEncryption	rsa	2048	65537	-	cdn.example.net	-	-	-	F	-	T	F
1700000073.693918	fb9b14d147e2c69e2b0aa82ff4dcb3380f9efcce527e12c0e80f297fe37f8a70	3	4A972ED5	CN=updates.example.com	CN=updates.example.com	1697408073.000000	1728944073.000000	rsaEncryption	sha256WithRSAEncryption	rsa	2048	65537	-	updates.example.com	-	-	-	F	-	T	F
1700000073.811429	5cf1335840923573035fa4ed0c266afb1894af618088dcb9b8fbd64621addc4e	3	552D4B19	CN=assets.example.co	CN=assets.example.co	1697408073.000000	1728944073.000000	rsaEncryption	sha256WithRSAEncryption	rsa	2048	65537	-	assets.example.co	-	-	-	F	-	T	F
1700000074.002572	67e09156a1a56d9a5c282835f9a8cdfaab07fffa8fab2a3a0bf422024c67c620	3	700D5FDB	CN=cdn.example.net	CN=cdn.example.net	1697408073.000000	1728944073.000000	rsaEncryption	sha256WithRSAEncryption	rsa	2048	65537	-	cdn.example.net	-	-	-	F	-	T	F
1700000074.226290	d284f050322cae88caff8c91e6c4687f07f03bd0381694f210f6e7cf37b1ab75	3	64781218	CN=assets.example.co	CN=assets.example.co	1697408074.000000	1728944074.000000	rsaEncryption	sha256WithRSAEncryption	rsa	2048	65537	-	assets.example.co	-	-	-	F	-	T	F
1700000074.273747	6fcda3fa5f61d40b348ba727371229974522ccbae5f3f31deb00b5778ad2fe08	3	01C180CF	CN=api.github.com	CN=api.github.com	1697408074.000000	1728944074.000000	rsaEncryption	sha256WithRSAEncryption	rsa	2048	65537	-	api.github.com	-	-	-	F	-	T	F
1700000074.817691	424052e8b8653ec1546b1f7dffeeb889bd7a515c8d6f5021d722b29cb3358601	3	716115E4	CN=portal.example.io	CN=portal.example.io	1697408074.000000	1728944074.000000	rsaEncryption	sha256WithRSAEncryption	rsa	2048	65537	-	portal.example.io	-	-	-	F	-	T	F
1700000076.415919	23acbc7cb3ae5ccf9998f9d2a3c362c97f803d45309e1ec1fd4f12903d771e3e	3	6509DBAE	CN=cdn.example.net	CN=cdn.example.net	1697408076.000000	1728944076.000000	rsaEncryption	sha256WithRSAEncryption	rsa	2048	65537	-	cdn.example.net	-	-	-	F	-	T	F
1700000076.707664	64fee5e33a8f721c930cc768cc2978d2378e5b2a5c7c0a94373a47d8c30a679d	3	749375C9	CN=updates.example.com	CN=updates.example.com	1697408076.000000	1728944076.000000	rsaEncryption	sha256WithRSAEncryption	rsa	2048	65537	-	updates.example.com	-	-	-	F	-	T	F
1700000076.974743	dc0557e827205304c213147d75b0ef480b694b5f43396713d80c689b4d9eaf03	3	1B4F53C6	CN=assets.example.co	CN=assets.example.co	1697408076.000000	1728944076.000000	rsaEncryption	sha256WithRSAEncryption	rsa	2048	65537	-	assets.example.co	-	-	-	F	-	T	F
1700000079.048875	fc2e366e42dab39e7d651ba5042edc7a539108524e78c8881c134315f2404162	3	0E886D0E	CN=api.github.com	CN=api.github.com	1697408078.000000	1728944078.000000	rsaEncryption	sha256WithRSAEncryption	rsa	2048	65537	-	api.github.com	-	-	-	F	-	T	F
1700000079.179377	50fa5daf575c96b5bf10fac5980186d86fd5e228cbc20a764241b00db12079de	3	4812C7A7	CN=cdn.example.net	CN=cdn.example.net	1697408079.000000	1728944079.000000	rsaEncryption	sha256WithRSAEncryption	rsa	2048	65537	-	cdn.example.net	-	-	-	F	-	T	F
1700000080.555645	80e3be68bac37a8218800c8c4079e1e23cd2a3d93f247302b053844a1fd9e0c4	3	032EC64E	CN=api.github.com	CN=api.github.com	1697408080.000000	1728944080.000000	rsaEncryption	sha256WithRSAEncryption	rsa	2048	65537	-	api.github.com	-	-	-	F	-	T	F
1700000081.137897	b757641c43b7e807bf742b40920216ed6c6e0eb5d22a945fa7e0a8c6de14936f	3	51837777	CN=assets.example.co	CN=assets.example.co	1697408081.000000	1728944081.000000	rsaEncryption	sha256WithRSAEncryption	rsa	2048	65537	-	assets.example.co	-	-	-	F	-	T	F
1700000082.489010	702396e46ee1fef3c8d4614ecabbb3b51069ea1d926a424cedf66452654c760d	3	7F2AF920	CN=www.example.org	CN=www.example.org	1697408082.000000	1728944082.000000	rsaEncryption	sha256WithRSAEncryption	rsa	2048	65537	-	www.example.org	-	-	-	F	-	T	F
1700000083.807694	a3d7d49691a287479738f59851278e47e1b53d51730782cf575294ee26a5996f	3	35096E55	CN=portal.example.io	CN=portal.example.io	1697408083.000000	1728944083.000000	rsaEncryption	sha256WithRSAEncryption	rsa	2048	65537	-	portal.example.io	-	-	-	F	-	T	F
1700000084.141923	e533540d475b9783024a88b099cd3b7d92a2adc7ea2db7928baa445239f12b34	3	4604A3B8	CN=api.github.com	CN=api.github.com	1697408084.000000	1728944084.000000	rsaEncryption	sha256WithRSAEncryption	rsa	2048	65537	-	api.github.com	-	-	-	F	-	T	F
1700000084.185390	a0dcc3c9240d2e2fe636c2211f1da9beac222b077089e229b0ea800a85283e73	3	4283C375	CN=www.example.org	CN=www.example.org	1697408084.000000	1728944084.000000	rsaEncryption	sha256WithRSAEncryption	rsa	2048	65537	-	www.example.org	-	-	-	F	-	T	F
1700000086.991391	1d5f06688caa61151f68e4d0df7f2fa5ae805ca167a17b2d2c90bee9a0709947	3	0CADD0E7	CN=www.example.org	CN=www.example.org	1697408086.000000	1728944086.000000	rsaEncryption	sha256WithRSAEncryption	rsa	2048	65537	-	www.example.org	-	-	-	F	-	T	F
1700000133.744835	7bbb66502d037339c229a36c5b77dd07e44db9341a17f3bb0b27e5c6610258df	3	5C2DFD2E	CN=api.github.com	CN=api.github.com	1697408133.000000	1728944133.000000	rsaEncryption	sha256WithRSAEncryption	rsa	2048	65537	-	api.github.com	-	-	-	F	-	T	F
1700000133.877090	e1edea858f024678909ee6babbb51866f92ba7c7bd7cf190273733de19d00cec	3	31017D45	CN=assets.example.co	CN=assets.example.co	1697408133.000000	1728944133.000000	rsaEncryption	sha256WithRSAEncryption	rsa	2048	65537	-	assets.example.co	-	-	-	F	-	T	F
1700000134.637401	1cfa500223fba08f69080c4b4d7245dcdb0555acc1081b9e77ed5bc44ecd0430	3	571605C8	CN=cdn.example.net	CN=cdn.example.net	1697408134.000000	1728944134.000000	rsaEncryption	sha256WithRSAEncryption	rsa	2048	65537	-	cdn.example.net	-	-	-	F	-	T	F
1700000134.788567	6ebd83d60948df4ff4bb545fbb16977565f018c1dec35c98711d25429934016e	3	2B150EB0	CN=assets.example.co	CN=assets.example.co	1697408134.000000	1728944134.000000	rsaEncryption	sha256WithRSAEncryption	rsa	2048	65537	-	assets.example.co	-	-	-	F	-	T	F
1700000135.175596	5399b17789889b0deae8e13ce51b485882b8e7b0742e6c18d186095fc49a2c92	3	039B67BE	CN=cdn.example.net	CN=cdn.example.net	1697408135.000000	1728944135.000000	rsaEncryption	sha256WithRSAEncryption	rsa	2048	65537	-	cdn.example.net	-	-	-	F	-	T	F
1700000135.611825	6059fbb68a93b4a4bd2991697ab141b7c79741e94e990e0009e7dc27071a3417	3	58342A70	CN=api.github.com	CN=api.github.com	1697408135.000000	1728944135.000000	rsaEncryption	sha256WithRSAEncryption	rsa	2048	65537	-	api.github.com	-	-	-	F	-	T	F
1700000136.196790	20b167b879a466d7938a3c7c9a7eaad0a54e440702c74f3ba96664cd1d9ea07d	3	41568A04	CN=www.example.org	CN=www.example.org	1697408136.000000	1728944136.000000	rsaEncryption	sha256WithRSAEncryption	rsa	2048	65537	-	www.example.org	-	-	-	F	-	T	F
1700000158.384350	4b0e088e0917040a5dc85af7287edc1d44ec16ed1e745bf03c2f16acb69a310b	3	3F549D38	CN=portal.example.io	CN=portal.example.io	1697408158.000000	1728944158.000000	rsaEncryption	sha256WithRSAEncryption	rsa	2048	65537	-	portal.example.io	-	-	-	F	-	T	F
1700000160.577643	612d47b78f509e19cd70b294dd2372e3c3a049f3c7eafde213a322a5aefdb871	3	1DE1C776	CN=api.github.com	CN=api.github.com	1697408160.000000	1728944160.000000	rsaEncryption	sha256WithRSAEncryption	rsa	2048	65537	-	api.github.com	-	-	-	F	-	T	F
1700000160.745650	42aa93fd3605c90268b32c36a73c1f43b1f29330582bd4c5fc342c23e3686fa3	3	7DF0BEF5	CN=www.example.org	CN=www.example.org	1697408160.000000	1728944160.000000	rsaEncryption	sha256WithRSAEncryption	rsa	2048	65537	-	www.example.org	-	-	-	F	-	T	F
1700000162.995467	b1a9e310e7ea07211120d3674c91372ae2862dd671a247e491163f747f1a2304	3	2CCEF2FB	CN=api.github.com	CN=api.github.com	1697408162.000000	1728944162.000000	rsaEncryption	sha256WithRSAEncryption	rsa	2048	65537	-	api.github.com	-	-	-	F	-	T	F
1700000163.499510	386d314b4d599c9dd3b5589b4b4de80df3061e744877df1d3f9bd4da8d48b58e	3	67260A0C	CN=assets.example.co	CN=assets.example.co	1697408163.000000	1728944163.000000	rsaEncryption	sha256WithRSAEncryption	rsa	2048	65537	-	assets.example.co	-	-	-	F	-	T	F
1700000163.672005	dfccd0e5b113255709fad1c85c19e732e3ef3530f44b6ac0552dc5b6dc676344	3	09FF376F	CN=updates.example.com	CN=updates.example.com	1697408163.000000	1728944163.000000	rsaEncryption	sha256WithRSAEncryption	rsa	2048	65537	-	updates.example.com	-	-	-	F	-	T	F
1700000167.865624	5bb2a9f97a1c62cbed614e08ad0832ff5712dc701dca1db59fbb3eb49d81f968	3	3B0D3A76	CN=updates.example.com	CN=updates.example.com	1697408167.000000	1728944167.000000	rsaEncryption	sha256WithRSAEncryption	rsa	2048	65537	-	updates.example.com	-	-	-	F	-	T	F
1700000172.441637	5c2a99254a1f9735457f144695fd9442b4d3970baf18014fb6f49a9263dd213b	3	6ABC993C	CN=api.github.com	CN=api.github.com	1697408172.000000	1728944172.000000	rsaEncryption	sha256WithRSAEncryption	rsa	2048	65537	-	api.github.com	-	-	-	F	-	T	F
1700000174.033835	cfcda11a9015ea2bae2fb7170edae49b75cd42698bd1218bd964517030c3ee4a	3	6D4EB897	CN=assets.example.co	CN=assets.example.co	1697408173.000000	1728944173.000000	rsaEncryption	sha256WithRSAEncryption	rsa	2048	65537	-	assets.example.co	-	-	-	F	-	T	F
1700000174.804664	6934e9a2495d438577b1314db2c6d57b8a64e1cdeec687c7fa64d69b289fbc39	3	2333E2D3	CN=assets.example.co	CN=assets.example.co	1697408174.000000	1728944174.000000	rsaEncryption	sha256WithRSAEncryption	rsa	2048	65537	-	assets.example.co	-	-	-	F	-	T	F
1700000174.851676	cb4ca88c84f408bdfc2905831d252361dd0189c8123b201eb26e1eeda4edbc43	3	39AB7FAD	CN=portal.example.io	CN=portal.example.io	1697408174.000000	1728944174.000000	rsaEncryption	sha256WithRSAEncryption	rsa	2048	65537	-	portal.example.io	-	-	-	F	-	T	F
1700000177.661713	45ce2c9de1573bc99d4430cb58f8fddd1cd484e7e526c8fa8e9b1d05852946b8	3	5055F7D7	CN=www.example.org	CN=www.example.org	1697408177.000000	1728944177.000000	rsaEncryption	sha256WithRSAEncryption	rsa	2048	65537	-	www.example.org	-	-	-	F	-	T	F
1700000177.789107	17dda6e9390d2b3aa3d3d44d47a9fd6f4840b59ce52945d60c9bcc9ff1dfc00d	3	44692AC3	CN=www.example.org	CN=www.example.org	1697408177.000000	1728944177.000000	rsaEncryption	sha256WithRSAEncryption	rsa	2048	65537	-	www.example.org	-	-	-	F	-	T	F
1700000178.078608	f6dbc94e050def015c2d29b44676fa8e7fda0b847653ea177d244f5b8b074121	3	7266E15D	CN=assets.example.co	CN=assets.example.co	1697408178.000000	1728944178.000000	rsaEncryption	sha256WithRSAEncryption	rsa	2048	65537	-	assets.example.co	-	-	-	F	-	T	F
1700000178.600036	e34ea9f8ea2a2dd31dd3bb76140ecc52c42a58b524d7b5bdf3548be41e35af40	3	3EA5DB36	CN=updates.example.com	CN=updates.example.com	1697408178.000000	1728944178.000000	rsaEncryption	sha256WithRSAEncryption	rsa	2048	65537	-	updates.example.com	-	-	-	F	-	T	F
1700000179.806948	9ca74ee1606bb356999c99387121c37eda0cb1f88522dd8ce7818c3d79707aad	3	0A05C01A	CN=www.example.org	CN=www.example.org	1697408179.000000	1728944179.000000	rsaEncryption	sha256WithRSAEncryption	rsa	2048	65537	-	www.example.org	-	-	-	F	-	T	F
1700000180.466013	b67dfe4a72f76b8c65b23b2915e32540534ad3e642aab8196bb9174bfc7279b9	3	761B05C1	CN=www.example.org	CN=www.example.org	1697408180.000000	1728944180.000000	rsaEncryption	sha256WithRSAEncryption	rsa	2048	65537	-	www.example.org	-	-	-	F	-	T	F
1700000181.660933	521ef2fbf9cb63d674ab97eac52de71246b89bcb8831e4861b106158b897d0fd	3	75F0D1C6	CN=updates.example.com	CN=updates.example.com	1697408181.000000	1728944181.000000	rsaEncryption	sha256WithRSAEncryption	rsa	2048	65537	-	updates.example.com	-	-	-	F	-	T	F
1700000182.069853	4bf3ea74019ee7e75bb9bc88f79df63848a6b97be546adfd4064628db4523336	3	6C496416	CN=api.github.com	CN=api.github.com	1697408182.000000	1728944182.000000	rsaEncryption	sha256WithRSAEncryption	rsa	2048	65537	-	api.github.com	-	-	-	F	-	T	F
1700000183.052418	09525794a3d15e8d75c9455691d0553d83792a2d8f1dd47d246ffa0df19b7a09	3	18A25F	CN=updates.example.com	CN=updates.example.com	1697408182.000000	1728944182.000000	rsaEncryption	sha256WithRSAEncryption	rsa	2048	65537	-	updates.example.com	-	-	-	F	-	T	F
1700000183.336161	2dab761dccdab9fd925de4b326183f5a3100710d2f5bca01de26f7bfcf9b4327	3	2733FAA2	CN=cdn.example.net	CN=cdn.example.net	1697408183.000000	1728944183.000000	rsaEncryption	sha256WithRSAEncryption	rsa	2048	65537	-	cdn.example.net	-	-	-	F	-	T	F
1700000183.429599	4a02a12b124ff1ae1b30b5b71ada121360cd499a9ee01b678b9d29fa4d54d4f3	3	098D722C	CN=api.github.com	CN=api.github.com	1697408183.000000	1728944183.000000	rsaEncryption	sha256WithRSAEncryption	rsa	2048	65537	-	api.github.com	-	-	-	F	-	T	F
1700000183.960250	1e656964b52135446c818817e383f05a82a9cb7282d11bc71093c2bcd18df817	3	7ACF0E76	CN=www.example.org	CN=www.example.org	1697408183.000000	1728944183.000000	rsaEncryption	sha256WithRSAEncryption	rsa	2048	65537	-	www.example.org	-	-	-	F	-	T	F
1700000185.349016	d2bcf449613c56f83f7a1d30cbfcd606f4ab138b365933e9d555d93de75558ac	3	1CD12DE0	CN=assets.example.co	CN=assets.example.co	1697408185.000000	1728944185.000000	rsaEncryption	sha256WithRSAEncryption	rsa	2048	65537	-	assets.example.co	-	-	-	F	-	T	F
1700000185.480957	1e2e1b6fa6ab07664471a23a680a6d1aeb5f0f7deaadff67bac201e95a543d76	3	3FF44A2D	CN=updates.example.com	CN=updates.example.com	1697408185.000000	1728944185.000000	rsaEncryption	sha256WithRSAEncryption	rsa	2048	65537	-	updates.example.com	-	-	-	F	-	T	F
1700000186.019553	e116655f400a54811e2f3ece93049790cbb86646cdf07b573a5fb8f6c19e84af	3	2DC712C7	CN=cdn.example.net	CN=cdn.example.net	1697408185.000000	1728944185.000000	rsaEncryption	sha256WithRSAEncryption	rsa	2048	65537	-	cdn.example.net	-	-	-	F	-	T	F
#close	2026-07-18-00-54-33
