#separator \x09
#set_separator	,
#empty_field	(empty)
#unset_field	-
#path	x509
#open	2026-07-16-17-51-32
#fields	ts	fingerprint	certificate.version	certificate.serial	certificate.subject	certificate.issuer	certificate.not_valid_before	certificate.not_valid_after	certificate.key_alg	certificate.sig_alg	certificate.key_type	certificate.key_length	certificate.exponent	certificate.curve	san.dns	san.uri	san.email	san.ip	basic_constraints.ca	basic_constraints.path_len	host_cert	client_cert
#types	time	string	count	string	string	string	time	time	string	string	string	count	string	string	vector[string]	vector[string]	vector[string]	vector[addr]	bool	count	bool	bool
1700000000.068507	f7206b0b348efaea6bfaec631718e71ec82cd67f662753d2770a53e082fab341	3	38B1C3DA	CN=cdn.example.net	CN=cdn.example.net	1697408000.000000	1728944000.000000	rsaEncryption	sha256WithRSAEncryption	rsa	2048	65537	-	cdn.example.net	-	-	-	F	-	T	F
1700000000.073820	c86384708138b441e4fa09256156f66cb59d088ac901a1dc49b91caef76e01aa	3	4720D973	CN=assets.example.co	CN=assets.example.co	1697408000.000000	1728944000.000000	rsaEncryption	sha256WithRSAEncryption	rsa	2048	65537	-	assets.example.co	-	-	-	F	-	T	F
1700000000.074809	0ca5b30e2de304cd479f0428fd2a9e3a521acf8fa9966b1918f5f4ac773b0a9e	3	2EC64E1D	CN=updates.example.com	CN=updates.example.com	1697408000.000000	1728944000.000000	rsaEncryption	sha256WithRSAEncryption	rsa	2048	65537	-	updates.example.com	-	-	-	F	-	T	F
1700000007.455366	b77f0e547b28517273a23b08aa32ebd349fbe0a92a0ce3903fcbece2acca7665	3	700F7CD1	CN=assets.example.co	CN=assets.example.co	1697408007.000000	1728944007.000000	rsaEncryption	sha256WithRSAEncryption	rsa	2048	65537	-	assets.example.co	-	-	-	F	-	T	F
1700000013.144779	efe4a8df67e6ae6b8ebb20f6215f2552042a077d3b2dbe217f9e474ae9e1fb02	3	7FCA1A3F	CN=portal.example.io	CN=portal.example.io	1697408013.000000	1728944013.000000	rsaEncryption	sha256WithRSAEncryption	rsa	2048	65537	-	portal.example.io	-	-	-	F	-	T	F
1700000029.015459	e472675c43e8189f39d8eef282023e2a1a114b0d336c2aace332fd4f0d34cb81	3	23683BA6	CN=static.cdn-telemetry.example	CN=static.cdn-telemetry.example	1697408028.000000	1728944028.000000	rsaEncryption	sha256WithRSAEncryption	rsa	2048	65537	-	static.cdn-telemetry.example	-	-	-	F	-	T	F
1700000031.266500	2c5ebbac33701a8434f33ce15315277571305bbf9a2159494247301a7d5a9d6c	3	28F198	CN=cdn.example.net	CN=cdn.example.net	1697408031.000000	1728944031.000000	rsaEncryption	sha256WithRSAEncryption	rsa	2048	65537	-	cdn.example.net	-	-	-	F	-	T	F
1700000040.414957	df9256064093216b0301981e62d297e4e5977a5aa555b70f80eccb01ea0d7138	3	1FA77109	CN=updates.example.com	CN=updates.example.com	1697408040.000000	1728944040.000000	rsaEncryption	sha256WithRSAEncryption	rsa	2048	65537	-	updates.example.com	-	-	-	F	-	T	F
1700000046.555304	9f5407f6f2b9bc115a19bec84a413e10a5c7647f177f95cfeacb3c210a45d56e	3	024A70C7	CN=www.example.org	CN=www.example.org	1697408046.000000	1728944046.000000	rsaEncryption	sha256WithRSAEncryption	rsa	2048	65537	-	www.example.org	-	-	-	F	-	T	F
1700000058.929748	f231d5d45573207f153dd8876803107a422880f08e11623d3cf961411ec5fdb5	3	57D04D13	CN=assets.example.co	CN=assets.example.co	1697408058.000000	1728944058.000000	rsaEncryption	sha256WithRSAEncryption	rsa	2048	65537	-	assets.example.co	-	-	-	F	-	T	F
1700000060.972796	36fd5c12583e4a5bc5b73a220f756d673715537f3abfd8ac23db13ce1f30806e	3	4F523EC6	CN=static.cdn-telemetry.example	CN=static.cdn-telemetry.example	1697408060.000000	1728944060.000000	rsaEncryption	sha256WithRSAEncryption	rsa	2048	65537	-	static.cdn-telemetry.example	-	-	-	F	-	T	F
1700000065.825001	2d0918133a60c9f02f1bef9df2235b25a6688246284db30d54565a30cadc13c9	3	0F3CE60F	CN=cdn.example.net	CN=cdn.example.net	1697408065.000000	1728944065.000000	rsaEncryption	sha256WithRSAEncryption	rsa	2048	65537	-	cdn.example.net	-	-	-	F	-	T	F
1700000070.181703	980e2d9ad66be07fbe736f3b1382b9f33906aeb3042b2e8ec11f51ee271e6d1e	3	0D2D1558	CN=updates.example.com	CN=updates.example.com	1697408070.000000	1728944070.000000	rsaEncryption	sha256WithRSAEncryption	rsa	2048	65537	-	updates.example.com	-	-	-	F	-	T	F
1700000073.887073	dcb55299d90344ff66c01bd37285ce481520e192fdc476b6895e328ddbc2c55b	3	6DEDC0C7	CN=assets.example.co	CN=assets.example.co	1697408073.000000	1728944073.000000	rsaEncryption	sha256WithRSAEncryption	rsa	2048	65537	-	assets.example.co	-	-	-	F	-	T	F
1700000086.092162	d8366470ebe9beb46bca46296a8172aebb053b2b2b90ce75ecc92f409e12f0fc	3	09FE37EC	CN=updates.example.com	CN=updates.example.com	1697408086.000000	1728944086.000000	rsaEncryption	sha256WithRSAEncryption	rsa	2048	65537	-	updates.example.com	-	-	-	F	-	T	F
1700000090.290285	97e8dc4a309365e05c43a2ef6f93a28fa20c1f660986d546bf4c6692f5a29b19	3	625F03D0	CN=static.cdn-telemetry.example	CN=static.cdn-telemetry.example	1697408090.000000	1728944090.000000	rsaEncryption	sha256WithRSAEncryption	rsa	2048	65537	-	static.cdn-telemetry.example	-	-	-	F	-	T	F
1700000093.215894	644395e590a368b82fd6f383a7365aeb023404bf84508ab38d64ad8f31c2c1d5	3	7D607990	CN=www.example.org	CN=www.example.org	1697408093.000000	1728944093.000000	rsaEncryption	sha256WithRSAEncryption	rsa	2048	65537	-	www.example.org	-	-	-	F	-	T	F
1700000094.623440	f50ec80a452885a0ba1d4aff63efabf7fe854ba92678b5ad7bae7615b1b9b4c7	3	50E9893D	CN=cdn.example.net	CN=cdn.example.net	1697408094.000000	1728944094.000000	rsaEncryption	sha256WithRSAEncryption	rsa	2048	65537	-	cdn.example.net	-	-	-	F	-	T	F
1700000108.614197	b5eb1939bcee4d5d8cf36ecb5b2207a2cfca660735e77f11210ba6631fa5414f	3	2195C42C	CN=api.github.com	CN=api.github.com	1697408108.000000	1728944108.000000	rsaEncryption	sha256WithRSAEncryption	rsa	2048	65537	-	api.github.com	-	-	-	F	-	T	F
1700000110.236357	26358572aef3e1ccd0fa5cc464622c47f1bd5a19f805f25da895bb8026ff9dbf	3	6233425E	CN=updates.example.com	CN=updates.example.com	1697408110.000000	1728944110.000000	rsaEncryption	sha256WithRSAEncryption	rsa	2048	65537	-	updates.example.com	-	-	-	F	-	T	F
1700000112.842739	586eb21361a0f823add81a536256a156b470ad83b8113b0aa47af051fc4e2fcd	3	5A2D65E0	CN=updates.example.com	CN=updates.example.com	1697408112.000000	1728944112.000000	rsaEncryption	sha256WithRSAEncryption	rsa	2048	65537	-	updates.example.com	-	-	-	F	-	T	F
1700000117.419241	cc85912cf6d87d8a487578c5b9023a708e80df7b3e5b817ad48bb8fc5b7eee9b	3	0ABB0AD1	CN=static.cdn-telemetry.example	CN=static.cdn-telemetry.example	1697408117.000000	1728944117.000000	rsaEncryption	sha256WithRSAEncryption	rsa	2048	65537	-	static.cdn-telemetry.example	-	-	-	F	-	T	F
1700000123.364813	aaa06f496167751db9505f589bcd1132c2232d3780f78c6e1849c01e17aa8792	3	30EC8B0B	CN=portal.example.io	CN=portal.example.io	1697408123.000000	1728944123.000000	rsaEncryption	sha256WithRSAEncryption	rsa	2048	65537	-	portal.example.io	-	-	-	F	-	T	F
1700000144.796471	b24863805bc84f60d69dfe23d378dd74493920590ebe1ddd04cc488671804491	3	41C68443	CN=portal.example.io	CN=portal.example.io	1697408144.000000	1728944144.000000	rsaEncryption	sha256WithRSAEncryption	rsa	2048	65537	-	portal.example.io	-	-	-	F	-	T	F
1700000147.298489	3c6d7c8c4d42f2743eef2133ea1c6b398ce60378ca1b97a2ba1a2c9e64359b5d	3	6524D343	CN=static.cdn-telemetry.example	CN=static.cdn-telemetry.example	1697408147.000000	1728944147.000000	rsaEncryption	sha256WithRSAEncryption	rsa	2048	65537	-	static.cdn-telemetry.example	-	-	-	F	-	T	F
1700000177.489672	e0abec879cdda04efe697c7f58f508d2962ed19b855e3d16a3b2647c8fde5750	3	3B2DBDAB	CN=static.cdn-telemetry.example	CN=static.cdn-telemetry.example	1697408177.000000	1728944177.000000	rsaEncryption	sha256WithRSAEncryption	rsa	2048	65537	-	static.cdn-telemetry.example	-	-	-	F	-	T	F
1700000208.456536	d3b17512e5f5a40cd72a8fa7608ada799af7fd05efaf7a2e9705b2d19948227c	3	2555A97A	CN=cdn.example.net	CN=cdn.example.net	1697408208.000000	1728944208.000000	rsaEncryption	sha256WithRSAEncryption	rsa	2048	65537	-	cdn.example.net	-	-	-	F	-	T	F
1700000209.624318	63e9106c7d387d9a851bd203562601a0549118170522c48a44646255df9f5d8c	3	70018279	CN=static.cdn-telemetry.example	CN=static.cdn-telemetry.example	1697408209.000000	1728944209.000000	rsaEncryption	sha256WithRSAEncryption	rsa	2048	65537	-	static.cdn-telemetry.example	-	-	-	F	-	T	F
1700000211.622663	36dd3265cc3ac3f47450d05edb38cd601d784e3b666c80a39aedbf7874ebdfff	3	6EE7F697	CN=api.github.com	CN=api.github.com	1697408211.000000	1728944211.000000	rsaEncryption	sha256WithRSAEncryption	rsa	2048	65537	-	api.github.com	-	-	-	F	-	T	F
1700000242.751057	f1caeebfa6092cf7ad28062744bffc4059f294fc5b54ffc99e361529f65039d0	3	4E572B53	CN=static.cdn-telemetry.example	CN=static.cdn-telemetry.example	1697408242.000000	1728944242.000000	rsaEncryption	sha256WithRSAEncryption	rsa	2048	65537	-	static.cdn-telemetry.example	-	-	-	F	-	T	F
1700000270.570561	0ff993fe9fc3922c32ab967b8a389606856a40274fe8150b6392d5618e4a55e8	3	52ACD6EC	CN=static.cdn-telemetry.example	CN=static.cdn-telemetry.example	1697408270.000000	1728944270.000000	rsaEncryption	sha256WithRSAEncryption	rsa	2048	65537	-	static.cdn-telemetry.example	-	-	-	F	-	T	F
1700000300.591417	c7ada9feaa7c4588e4bcd70364122b3d44d1c330c9ed7374146e2a33ee940afa	3	10FA0712	CN=static.cdn-telemetry.example	CN=static.cdn-telemetry.example	1697408300.000000	1728944300.000000	rsaEncryption	sha256WithRSAEncryption	rsa	2048	65537	-	static.cdn-telemetry.example	-	-	-	F	-	T	F
1700000328.389741	f8814145735d2572ba0a9f5f480e5f59100e6875e85bea803cb553d73d9defe8	3	355DABAC	CN=static.cdn-telemetry.example	CN=static.cdn-telemetry.example	1697408328.000000	1728944328.000000	rsaEncryption	sha256WithRSAEncryption	rsa	2048	65537	-	static.cdn-telemetry.example	-	-	-	F	-	T	F
1700000332.893857	cc228a6f0102a7c68466d82477577cd60c665fde14034b11c9e9abba248b9d67	3	5444F2E2	CN=api.github.com	CN=api.github.com	1697408332.000000	1728944332.000000	rsaEncryption	sha256WithRSAEncryption	rsa	2048	65537	-	api.github.com	-	-	-	F	-	T	F
1700000333.973624	2fde9dc1d3341ada1b2a10ddd8a9519bdd3055cabb06b0e9f43dd7f237f20d4e	3	50D5B507	CN=portal.example.io	CN=portal.example.io	1697408333.000000	1728944333.000000	rsaEncryption	sha256WithRSAEncryption	rsa	2048	65537	-	portal.example.io	-	-	-	F	-	T	F
1700000355.874765	48daf6f09c8e1d9a87826c33e47fefa24ce0fca4720ff4707ce1f8fe0f069946	3	0182CD7A	CN=updates.example.com	CN=updates.example.com	1697408355.000000	1728944355.000000	rsaEncryption	sha256WithRSAEncryption	rsa	2048	65537	-	updates.example.com	-	-	-	F	-	T	F
1700000357.872191	8da9931618b7bfddee9da8216970c18345abc8ab946c1728de8a840aef2ca967	3	42865C43	CN=static.cdn-telemetry.example	CN=static.cdn-telemetry.example	1697408357.000000	1728944357.000000	rsaEncryption	sha256WithRSAEncryption	rsa	2048	65537	-	static.cdn-telemetry.example	-	-	-	F	-	T	F
1700000365.391162	0a7ceab7217393a69a3e0de774d31e7d6eda2a35bf882e97dd3b335f2a3033a1	3	3454CB4D	CN=api.github.com	CN=api.github.com	1697408365.000000	1728944365.000000	rsaEncryption	sha256WithRSAEncryption	rsa	2048	65537	-	api.github.com	-	-	-	F	-	T	F
1700000390.311181	947cc76c6e6386e2d792203f6040bfb4d5d37eb708e44fa4fec2afb828bcc34c	3	37568F98	CN=static.cdn-telemetry.example	CN=static.cdn-telemetry.example	1697408390.000000	1728944390.000000	rsaEncryption	sha256WithRSAEncryption	rsa	2048	65537	-	static.cdn-telemetry.example	-	-	-	F	-	T	F
1700000420.428742	e4f2eab671461363285b12e0b48081548cbea0d66dc875c0b93bcfde4e29e67b	3	0CF6F0DA	CN=static.cdn-telemetry.example	CN=static.cdn-telemetry.example	1697408420.000000	1728944420.000000	rsaEncryption	sha256WithRSAEncryption	rsa	2048	65537	-	static.cdn-telemetry.example	-	-	-	F	-	T	F
#close	2026-07-16-17-51-32
