#separator \x09
#set_separator	,
#empty_field	(empty)
#unset_field	-
#path	x509
#open	2026-07-18-02-04-28
#fields	ts	fingerprint	certificate.version	certificate.serial	certificate.subject	certificate.issuer	certificate.not_valid_before	certificate.not_valid_after	certificate.key_alg	certificate.sig_alg	certificate.key_type	certificate.key_length	certificate.exponent	certificate.curve	san.dns	san.uri	san.email	san.ip	basic_constraints.ca	basic_constraints.path_len	host_cert	client_cert
#types	time	string	count	string	string	string	time	time	string	string	string	count	string	string	vector[string]	vector[string]	vector[string]	vector[addr]	bool	count	bool	bool
1700000020.569369	3e6068eb1ed93ca87b86febb5c2622cd5b910b0f1f69abdb2ec91e372defde86	3	045D36E5	CN=www.example.org	CN=www.example.org	1697408020.000000	1728944020.000000	rsaEncryption	sha256WithRSAEncryption	rsa	2048	65537	-	www.example.org	-	-	-	F	-	T	F
1700000024.935604	f462f8284fdbdfb1a93508907426f942d5152c1db8f323d6c43e70cdc26dc8ce	3	4F25ABEF	CN=assets.example.co	CN=assets.example.co	1697408024.000000	1728944024.000000	rsaEncryption	sha256WithRSAEncryption	rsa	2048	65537	-	assets.example.co	-	-	-	F	-	T	F
1700000026.945569	c57a0c66b5b6271116ba45b728118915492609c247102c1a41d3d1139436b7a5	3	084D4A71	CN=portal.example.io	CN=portal.example.io	1697408026.000000	1728944026.000000	rsaEncryption	sha256WithRSAEncryption	rsa	2048	65537	-	portal.example.io	-	-	-	F	-	T	F
1700000034.532292	8b163fa07091966bf6c3a70ec999789644b95ed7614f5887f4444d4b6bd09e25	3	180DFA	CN=www.example.org	CN=www.example.org	1697408034.000000	1728944034.000000	rsaEncryption	sha256WithRSAEncryption	rsa	2048	65537	-	www.example.org	-	-	-	F	-	T	F
1700000045.636632	c1a2543a5033aeca034b51c738e7bd35a275274333fedfe31ac285d5b02e3418	3	4FE66BEA	CN=portal.example.io	CN=portal.example.io	1697408045.000000	1728944045.000000	rsaEncryption	sha256WithRSAEncryption	rsa	2048	65537	-	portal.example.io	-	-	-	F	-	T	F
1700000045.970879	5f291dd509dc124c04998eef2f4cc7774e6a84ad1413e5c8a5a6921aff729b91	3	6C57196B	CN=assets.example.co	CN=assets.example.co	1697408045.000000	1728944045.000000	rsaEncryption	sha256WithRSAEncryption	rsa	2048	65537	-	assets.example.co	-	-	-	F	-	T	F
1700000048.152936	f2cfaee8424590f5d35ca9541a4eb7710d1e88e5b97b95038e0c6e04430f58e9	3	2EE86F27	CN=www.example.org	CN=www.example.org	1697408048.000000	1728944048.000000	rsaEncryption	sha256WithRSAEncryption	rsa	2048	65537	-	www.example.org	-	-	-	F	-	T	F
1700000048.853833	ba5e3b073072751df98b531ffb47a340cced03dfe74128dd16b84d711bb64d0f	3	35EDECE0	CN=assets.example.co	CN=assets.example.co	1697408048.000000	1728944048.000000	rsaEncryption	sha256WithRSAEncryption	rsa	2048	65537	-	assets.example.co	-	-	-	F	-	T	F
1700000048.921457	32b39e71c2a03d53d3f423822ec4a602ee0e950fb4d39bfef63f39b6469a06f5	3	5DE6AF09	CN=www.example.org	CN=www.example.org	1697408048.000000	1728944048.000000	rsaEncryption	sha256WithRSAEncryption	rsa	2048	65537	-	www.example.org	-	-	-	F	-	T	F
1700000052.193670	30f8b5245a79713b27a924e0f887531ffcc34303c7d245b4e2e006f2f7f2ffdd	3	374328B0	CN=assets.example.co	CN=assets.example.co	1697408052.000000	1728944052.000000	rsaEncryption	sha256WithRSAEncryption	rsa	2048	65537	-	assets.example.co	-	-	-	F	-	T	F
1700000054.501131	dbdd05d2affda8c1e7e53ef341e44abf1ea0b19ee19c25f0a2ed51cf4d767288	3	2DA280EC	CN=assets.example.co	CN=assets.example.co	1697408054.000000	1728944054.000000	rsaEncryption	sha256WithRSAEncryption	rsa	2048	65537	-	assets.example.co	-	-	-	F	-	T	F
1700000055.147949	f8e2910b30b56216242d98650017653d648fa08c628ea325561083cefcb61538	3	0D8DE894	CN=cdn.example.net	CN=cdn.example.net	1697408055.000000	1728944055.000000	rsaEncryption	sha256WithRSAEncryption	rsa	2048	65537	-	cdn.example.net	-	-	-	F	-	T	F
1700000058.611702	8973f7f86b07f321a0fdd5e0f48e05dc505aae4916d0f394e5eb191bba7a8041	3	3FED7927	CN=cdn.example.net	CN=cdn.example.net	1697408058.000000	1728944058.000000	rsaEncryption	sha256WithRSAEncryption	rsa	2048	65537	-	cdn.example.net	-	-	-	F	-	T	F
1700000092.290838	78df860a351836b2c9edd4a2eb424a9baf6e52c67eb4c0d7f35f4d552bcd4646	3	45A06B35	CN=assets.example.co	CN=assets.example.co	1697408092.000000	1728944092.000000	rsaEncryption	sha256WithRSAEncryption	rsa	2048	65537	-	assets.example.co	-	-	-	F	-	T	F
1700000092.313737	25529d14d466f54e2d1b3d01a51edd8c3bceddd105d6920fe0797e18e61c4179	3	567EEEEE	CN=cdn.example.net	CN=cdn.example.net	1697408092.000000	1728944092.000000	rsaEncryption	sha256WithRSAEncryption	rsa	2048	65537	-	cdn.example.net	-	-	-	F	-	T	F
1700000094.160125	b8ef13c7a089a93aaafcbac2f61f60c92532328689e2d3e663868031b2ef7fa3	3	666997EB	CN=cdn.example.net	CN=cdn.example.net	1697408094.000000	1728944094.000000	rsaEncryption	sha256WithRSAEncryption	rsa	2048	65537	-	cdn.example.net	-	-	-	F	-	T	F
1700000104.266547	bcb2114c281f2bbcf7c5b5c257f7dd440fdc8d3aa685c429e31b4f4a69c47838	3	18202AB5	CN=portal.example.io	CN=portal.example.io	1697408104.000000	1728944104.000000	rsaEncryption	sha256WithRSAEncryption	rsa	2048	65537	-	portal.example.io	-	-	-	F	-	T	F
1700000104.288722	1e510fb08efc234110cfbc79907fae493f430334eb1b3b60a6fbe8ea2bfa9f34	3	571E822C	CN=api.github.com	CN=api.github.com	1697408104.000000	1728944104.000000	rsaEncryption	sha256WithRSAEncryption	rsa	2048	65537	-	api.github.com	-	-	-	F	-	T	F
1700000104.727618	e473f59650758e05bd0773d796d9d95a61b0919728ef7504fdd66a82170c99d5	3	04823E79	CN=cdn.example.net	CN=cdn.example.net	1697408104.000000	1728944104.000000	rsaEncryption	sha256WithRSAEncryption	rsa	2048	65537	-	cdn.example.net	-	-	-	F	-	T	F
1700000105.680953	ec9a6364751e135d4763212a00c92cf66e352ceaca488c3c0734a78c2fc2fbbc	3	7FEF6F1D	CN=assets.example.co	CN=assets.example.co	1697408105.000000	1728944105.000000	rsaEncryption	sha256WithRSAEncryption	rsa	2048	65537	-	assets.example.co	-	-	-	F	-	T	F
1700000106.435292	101b227f815147298937e47866f5648c4131a8ac4ad9ee467f73accef64cb362	3	6A837E9A	CN=www.example.org	CN=www.example.org	1697408106.000000	1728944106.000000	rsaEncryption	sha256WithRSAEncryption	rsa	2048	65537	-	www.example.org	-	-	-	F	-	T	F
1700000108.606672	eddf04a0c27d49a83ca19464eb328153ea5c34a3c9e2ebd4834ee41a66082023	3	3D9B6107	CN=cdn.example.net	CN=cdn.example.net	1697408108.000000	1728944108.000000	rsaEncryption	sha256WithRSAEncryption	rsa	2048	65537	-	cdn.example.net	-	-	-	F	-	T	F
1700000109.147413	19f39663fe459157413e17c9e3e766bcbb5a1bcfbfa3d58326466678ce20ff99	3	584E8ADA	CN=api.github.com	CN=api.github.com	1697408109.000000	1728944109.000000	rsaEncryption	sha256WithRSAEncryption	rsa	2048	65537	-	api.github.com	-	-	-	F	-	T	F
1700000169.196075	c3449f0dc50a9a79aa5e29a4015d5cff02333580083d9df4451fda2717bdc697	3	6B6A2A98	CN=www.example.org	CN=www.example.org	1697408169.000000	1728944169.000000	rsaEncryption	sha256WithRSAEncryption	rsa	2048	65537	-	www.example.org	-	-	-	F	-	T	F
1700000171.085196	af2f59ac38718056367a87a4a31b9fdc5946bea6eb5c1c3ddf2e740cd337e891	3	687FFA71	CN=www.example.org	CN=www.example.org	1697408171.000000	1728944171.000000	rsaEncryption	sha256WithRSAEncryption	rsa	2048	65537	-	www.example.org	-	-	-	F	-	T	F
1700000176.887729	300ee71c7a583fa3bf33a0b6e61bc4abe57ce35e17ede3bd671ae6933e471805	3	6B39435C	CN=assets.example.co	CN=assets.example.co	1697408176.000000	1728944176.000000	rsaEncryption	sha256WithRSAEncryption	rsa	2048	65537	-	assets.example.co	-	-	-	F	-	T	F
1700000180.632308	dc9ca1d1e5161c9b0552833287f12c1994adb3da6c318cc080a988e826371452	3	42425D4A	CN=cdn.example.net	CN=cdn.example.net	1697408180.000000	1728944180.000000	rsaEncryption	sha256WithRSAEncryption	rsa	2048	65537	-	cdn.example.net	-	-	-	F	-	T	F
#close	2026-07-18-02-04-28
