#separator \x09
#set_separator	,
#empty_field	(empty)
#unset_field	-
#path	x509
#open	2026-07-16-23-13-29
#fields	ts	fingerprint	certificate.version	certificate.serial	certificate.subject	certificate.issuer	certificate.not_valid_before	certificate.not_valid_after	certificate.key_alg	certificate.sig_alg	certificate.key_type	certificate.key_length	certificate.exponent	certificate.curve	san.dns	san.uri	san.email	san.ip	basic_constraints.ca	basic_constraints.path_len	host_cert	client_cert
#types	time	string	count	string	string	string	time	time	string	string	string	count	string	string	vector[string]	vector[string]	vector[string]	vector[addr]	bool	count	bool	bool
1700000003.058151	1504d9e7ce465a46d9beaf8ebacaa91ac8aa6929d75df75f477285e2662a1357	3	269EE296	CN=portal.example.io	CN=portal.example.io	1697408002.000000	1728944002.000000	rsaEncryption	sha256WithRSAEncryption	rsa	2048	65537	-	portal.example.io	-	-	-	F	-	T	F
1700000005.161230	08613ebf36edc5b69d97992b1975b240e4890dda1e6356f2e1302f37d45ab36c	3	64656CFC	CN=portal.example.io	CN=portal.example.io	1697408005.000000	1728944005.000000	rsaEncryption	sha256WithRSAEncryption	rsa	2048	65537	-	portal.example.io	-	-	-	F	-	T	F
1700000006.788074	86936c45fbfb5b8bdeb13680345eb467576299a7c4f5664fc17f91da2e014e58	3	0E92CB97	CN=api.github.com	CN=api.github.com	1697408006.000000	1728944006.000000	rsaEncryption	sha256WithRSAEncryption	rsa	2048	65537	-	api.github.com	-	-	-	F	-	T	F
1700000007.598186	0d1b329f4c08e1683f1a18a23b45f0e81ffd8931b71abef0eaa8e3eab2565559	3	4500C67E	CN=assets.example.co	CN=assets.example.co	1697408007.000000	1728944007.000000	rsaEncryption	sha256WithRSAEncryption	rsa	2048	65537	-	assets.example.co	-	-	-	F	-	T	F
1700000008.560526	b01ba854b1ec083375b1f259df43e386cefdd0a7fe00f4697f48473b31ce2541	3	555914C5	CN=www.example.org	CN=www.example.org	1697408008.000000	1728944008.000000	rsaEncryption	sha256WithRSAEncryption	rsa	2048	65537	-	www.example.org	-	-	-	F	-	T	F
1700000010.385928	4a570bfff5fc0f351ab5f0b9da7ab87e48c17bd898aa15fb5d1af733f24c57af	3	4966E61F	CN=cdn.example.net	CN=cdn.example.net	1697408010.000000	1728944010.000000	rsaEncryption	sha256WithRSAEncryption	rsa	2048	65537	-	cdn.example.net	-	-	-	F	-	T	F
1700000010.879014	7c22fb82cf9a2cc52d8d442dc916bb2932edb47af9b9dde83dc5e9f438a26f99	3	14BE8F7E	CN=www.example.org	CN=www.example.org	1697408010.000000	1728944010.000000	rsaEncryption	sha256WithRSAEncryption	rsa	2048	65537	-	www.example.org	-	-	-	F	-	T	F
1700000011.821380	296e9e24da097dd9849f6c0cbfb5f053032889a334abe13e4e8bb8866f3e38b9	3	214D53AD	CN=updates.example.com	CN=updates.example.com	1697408011.000000	1728944011.000000	rsaEncryption	sha256WithRSAEncryption	rsa	2048	65537	-	updates.example.com	-	-	-	F	-	T	F
1700000011.854235	f9c68c31a9bec6c04088297438e46656c05a7692721df214a3bc8b49b2b0d525	3	3718F17E	CN=portal.example.io	CN=portal.example.io	1697408011.000000	1728944011.000000	rsaEncryption	sha256WithRSAEncryption	rsa	2048	65537	-	portal.example.io	-	-	-	F	-	T	F
1700000013.230853	fa86032d4f6e3a66332a44819c103cc7497f5f0f7b9181ae0c3f5cd64f30bc71	3	28B8158B	CN=portal.example.io	CN=portal.example.io	1697408013.000000	1728944013.000000	rsaEncryption	sha256WithRSAEncryption	rsa	2048	65537	-	portal.example.io	-	-	-	F	-	T	F
1700000013.619438	443bb0895e1c1a112a0c6df6bdbeb443b4845361f2b6d606c0a0e469487edec3	3	52754489	CN=www.example.org	CN=www.example.org	1697408013.000000	1728944013.000000	rsaEncryption	sha256WithRSAEncryption	rsa	2048	65537	-	www.example.org	-	-	-	F	-	T	F
1700000017.582946	ebb778f1ab4bd73774c8df513eb2a4a16b65b5a6e0906ebf85d9760b3a5a9af5	3	4FB7C3D4	CN=cdn.example.net	CN=cdn.example.net	1697408017.000000	1728944017.000000	rsaEncryption	sha256WithRSAEncryption	rsa	2048	65537	-	cdn.example.net	-	-	-	F	-	T	F
1700000020.359532	230f6e8d3b52467dad2743da91509e46971423b86d1e76f3532c7b3c213177db	3	09F0477A	CN=updates.example.com	CN=updates.example.com	1697408020.000000	1728944020.000000	rsaEncryption	sha256WithRSAEncryption	rsa	2048	65537	-	updates.example.com	-	-	-	F	-	T	F
1700000020.758941	fb574445c2b3a7517f5da2f0a54d4639fd5853dcfbc46871377f4799b80b8690	3	2695AB1F	CN=portal.example.io	CN=portal.example.io	1697408020.000000	1728944020.000000	rsaEncryption	sha256WithRSAEncryption	rsa	2048	65537	-	portal.example.io	-	-	-	F	-	T	F
1700000022.138216	4b83f016be6f8e6df319cd4d1cc6f8a98a22e6ad296a02ec2c00af1443e2dfb8	3	081FAF83	CN=updates.example.com	CN=updates.example.com	1697408022.000000	1728944022.000000	rsaEncryption	sha256WithRSAEncryption	rsa	2048	65537	-	updates.example.com	-	-	-	F	-	T	F
1700000022.409875	5b3196f2bad44dc60f61ad316fac93cd1919574b0008ce32126656ce22c12345	3	50624F17	CN=www.example.org	CN=www.example.org	1697408022.000000	1728944022.000000	rsaEncryption	sha256WithRSAEncryption	rsa	2048	65537	-	www.example.org	-	-	-	F	-	T	F
1700000022.480635	64328e0dec7376e5a61c75bea391280dc7d681d30b98e456ee6f515de36fe506	3	741814C8	CN=updates.example.com	CN=updates.example.com	1697408022.000000	1728944022.000000	rsaEncryption	sha256WithRSAEncryption	rsa	2048	65537	-	updates.example.com	-	-	-	F	-	T	F
1700000025.450873	25d9182b250ddcdede7313340f50bb8b216b30f66ded4a37c7ed7808ea16ced3	3	53D572E3	CN=cdn.example.net	CN=cdn.example.net	1697408025.000000	1728944025.000000	rsaEncryption	sha256WithRSAEncryption	rsa	2048	65537	-	cdn.example.net	-	-	-	F	-	T	F
1700000026.741179	a210a0104fe47c971a9081695c24b359c5846661fccc5c99fa5289fb99fc93c1	3	0870F53A	CN=assets.example.co	CN=assets.example.co	1697408026.000000	1728944026.000000	rsaEncryption	sha256WithRSAEncryption	rsa	2048	65537	-	assets.example.co	-	-	-	F	-	T	F
1700000029.199408	a279f477faf93f28b5386bb3b46f68e421f1b1d9a524861f227688db3af247c7	3	727BDF83	CN=api.github.com	CN=api.github.com	1697408029.000000	1728944029.000000	rsaEncryption	sha256WithRSAEncryption	rsa	2048	65537	-	api.github.com	-	-	-	F	-	T	F
1700000029.582584	71c6a40ebbd95448d4c9bb864556906f7723c5154b87572123a60ef132ecbc97	3	1282069C	CN=api.github.com	CN=api.github.com	1697408029.000000	1728944029.000000	rsaEncryption	sha256WithRSAEncryption	rsa	2048	65537	-	api.github.com	-	-	-	F	-	T	F
1700000029.961023	6d785940aacf9d98379ab3ab6fc8a85897e84f74162f9cbc455bf579fc02e3c9	3	1C6D1787	CN=api.github.com	CN=api.github.com	1697408029.000000	1728944029.000000	rsaEncryption	sha256WithRSAEncryption	rsa	2048	65537	-	api.github.com	-	-	-	F	-	T	F
1700000030.100987	281100056259a0d68ba490baf8878cfa579c50ddfe88eea0a846e17337c3a484	3	3C5C8EA0	CN=updates.example.com	CN=updates.example.com	1697408030.000000	1728944030.000000	rsaEncryption	sha256WithRSAEncryption	rsa	2048	65537	-	updates.example.com	-	-	-	F	-	T	F
1700000031.487375	e78451b9ecfc055f35ee6917fb5c90784b9033d25bb297d7889fe22e2f383ce4	3	20982E11	CN=www.example.org	CN=www.example.org	1697408031.000000	1728944031.000000	rsaEncryption	sha256WithRSAEncryption	rsa	2048	65537	-	www.example.org	-	-	-	F	-	T	F
1700000037.353635	542eeeedd23a1299d3f073662fdd58b7a2d5283d20d2421163fcd1450801465f	3	3E03A36F	CN=updates.example.com	CN=updates.example.com	1697408037.000000	1728944037.000000	rsaEncryption	sha256WithRSAEncryption	rsa	2048	65537	-	updates.example.com	-	-	-	F	-	T	F
1700000037.856612	7ca113268fccb6235b25e754ce3f88bc9ab5fc6e79b0a16cd02d26af5083961c	3	1E3C4D69	CN=www.example.org	CN=www.example.org	1697408037.000000	1728944037.000000	rsaEncryption	sha256WithRSAEncryption	rsa	2048	65537	-	www.example.org	-	-	-	F	-	T	F
1700000039.637642	cec9c46c852122562be74c3e6630158d547ec9fb5f41d31d6557c187a240468c	3	1909A2A5	CN=cdn.example.net	CN=cdn.example.net	1697408039.000000	1728944039.000000	rsaEncryption	sha256WithRSAEncryption	rsa	2048	65537	-	cdn.example.net	-	-	-	F	-	T	F
1700000041.114222	db4e20fcc654e1ebfbe4094427665931ea20c595dbb21bdc113b597ec0fd4f1b	3	09085D3C	CN=portal.example.io	CN=portal.example.io	1697408041.000000	1728944041.000000	rsaEncryption	sha256WithRSAEncryption	rsa	2048	65537	-	portal.example.io	-	-	-	F	-	T	F
1700000041.272358	80bde084c67d0786483bcfa66f7f46a4c702026d7cf611d7b43dcffb199c19fd	3	19DF94CE	CN=www.example.org	CN=www.example.org	1697408041.000000	1728944041.000000	rsaEncryption	sha256WithRSAEncryption	rsa	2048	65537	-	www.example.org	-	-	-	F	-	T	F
1700000042.356132	0d1bf7c170c0da20c00a480ca0a46ce81bdae7198be8646081d8c0938b06ee3e	3	729F06AA	CN=updates.example.com	CN=updates.example.com	1697408042.000000	1728944042.000000	rsaEncryption	sha256WithRSAEncryption	rsa	2048	65537	-	updates.example.com	-	-	-	F	-	T	F
1700000042.360071	21d713f8e177b9cb7178de95f763bf994c3748719461acda751193487e057b39	3	4F09B617	CN=www.example.org	CN=www.example.org	1697408042.000000	1728944042.000000	rsaEncryption	sha256WithRSAEncryption	rsa	2048	65537	-	www.example.org	-	-	-	F	-	T	F
1700000042.938348	22cd563b97cfe04846bd5035600e1d83c0aaf4afb298796c9edc9208db7405e1	3	425212E3	CN=portal.example.io	CN=portal.example.io	1697408042.000000	1728944042.000000	rsaEncryption	sha256WithRSAEncryption	rsa	2048	65537	-	portal.example.io	-	-	-	F	-	T	F
1700000043.342816	d0269983809e585074fa96d3f4ff69565b8d067b2af0af29c53b1b73cf6c3e17	3	1DFFF067	CN=cdn.example.net	CN=cdn.example.net	1697408043.000000	1728944043.000000	rsaEncryption	sha256WithRSAEncryption	rsa	2048	65537	-	cdn.example.net	-	-	-	F	-	T	F
1700000044.071974	604e3c2d350d2cbc556d3433521d74eadbf60024cb81daf2b2994b31351989c1	3	5F5482A7	CN=www.example.org	CN=www.example.org	1697408044.000000	1728944044.000000	rsaEncryption	sha256WithRSAEncryption	rsa	2048	65537	-	www.example.org	-	-	-	F	-	T	F
1700000044.164036	0588436634e46244233cc079cfd321abe0042f1ed38e21baa4737cce740df3dc	3	59D7165D	CN=cdn.example.net	CN=cdn.example.net	1697408044.000000	1728944044.000000	rsaEncryption	sha256WithRSAEncryption	rsa	2048	65537	-	cdn.example.net	-	-	-	F	-	T	F
1700000044.212270	e8571785117eb5fef03fb1dadf9922e60ba82403ca682c24f4afce275df90b3a	3	47A2A513	CN=updates.example.com	CN=updates.example.com	1697408044.000000	1728944044.000000	rsaEncryption	sha256WithRSAEncryption	rsa	2048	65537	-	updates.example.com	-	-	-	F	-	T	F
1700000047.563283	a2765d23c9bb5938e2a0a03f7a6d81b5ebe231fb3e4d25b38b4efc820482541c	3	3391B3BD	CN=cdn.example.net	CN=cdn.example.net	1697408047.000000	1728944047.000000	rsaEncryption	sha256WithRSAEncryption	rsa	2048	65537	-	cdn.example.net	-	-	-	F	-	T	F
1700000048.408507	152cb307e810bc59b1c95e98a8fdafbe74e72b696fec44f3072dc41ecaf252be	3	5CCA8CE6	CN=updates.example.com	CN=updates.example.com	1697408048.000000	1728944048.000000	rsaEncryption	sha256WithRSAEncryption	rsa	2048	65537	-	updates.example.com	-	-	-	F	-	T	F
1700000049.725873	42733530b4a9f71d3216ebaae1f947bad7e3cd55debe20b702ad78f916c860db	3	45EACE06	CN=portal.example.io	CN=portal.example.io	1697408049.000000	1728944049.000000	rsaEncryption	sha256WithRSAEncryption	rsa	2048	65537	-	portal.example.io	-	-	-	F	-	T	F
1700000049.852488	3411313aa5a62d22180df6b4669aa3afc8d1192e72d857d58fd7030a57915440	3	6615A57F	CN=assets.example.co	CN=assets.example.co	1697408049.000000	1728944049.000000	rsaEncryption	sha256WithRSAEncryption	rsa	2048	65537	-	assets.example.co	-	-	-	F	-	T	F
1700000050.172339	481302a54d31b9d624ae82fae7a31f13396035a9bec95da7725d91a5f56ebf6d	3	79E5DE0D	CN=updates.example.com	CN=updates.example.com	1697408050.000000	1728944050.000000	rsaEncryption	sha256WithRSAEncryption	rsa	2048	65537	-	updates.example.com	-	-	-	F	-	T	F
1700000050.614252	e0cee057fd8043e76bc1978ccf79bf7955f9a77340b674f758b4fa81e1477656	3	24E84B21	CN=api.github.com	CN=api.github.com	1697408050.000000	1728944050.000000	rsaEncryption	sha256WithRSAEncryption	rsa	2048	65537	-	api.github.com	-	-	-	F	-	T	F
1700000050.692836	fb83564b24f046dd70b4e09d713eb83edaf71330c38316b5ad2619542d3bd43f	3	74C9D089	CN=api.github.com	CN=api.github.com	1697408050.000000	1728944050.000000	rsaEncryption	sha256WithRSAEncryption	rsa	2048	65537	-	api.github.com	-	-	-	F	-	T	F
1700000052.910422	8c104ff2ebe25a21d840cfe1cfa9e59b98b9e4ed59e41fac9cf1c8670fb276e0	3	70012E2A	CN=portal.example.io	CN=portal.example.io	1697408052.000000	1728944052.000000	rsaEncryption	sha256WithRSAEncryption	rsa	2048	65537	-	portal.example.io	-	-	-	F	-	T	F
1700000054.596242	ebc5cd9d073ebcbe35d2949db2f3817e615c7b5cce73a53af1e797b5d0926aad	3	7BD4267E	CN=cdn.example.net	CN=cdn.example.net	1697408054.000000	1728944054.000000	rsaEncryption	sha256WithRSAEncryption	rsa	2048	65537	-	cdn.example.net	-	-	-	F	-	T	F
1700000056.416400	8b88562fdee0b3686b72b9c77154433f584f2547caecb4f118779d7bb25f1e9f	3	380AC96A	CN=assets.example.co	CN=assets.example.co	1697408056.000000	1728944056.000000	rsaEncryption	sha256WithRSAEncryption	rsa	2048	65537	-	assets.example.co	-	-	-	F	-	T	F
1700000056.784967	666bb4129effc28455cf79aaa69e355a4f9c4cc3aa00966e1ec92599fa823ef0	3	47738824	CN=updates.example.com	CN=updates.example.com	1697408056.000000	1728944056.000000	rsaEncryption	sha256WithRSAEncryption	rsa	2048	65537	-	updates.example.com	-	-	-	F	-	T	F
1700000056.917464	11b87119118fb43bab7e2c87679b8352031d67a4a6d04cfe3f19e420a51c82d6	3	7D556B24	CN=cdn.example.net	CN=cdn.example.net	1697408056.000000	1728944056.000000	rsaEncryption	sha256WithRSAEncryption	rsa	2048	65537	-	cdn.example.net	-	-	-	F	-	T	F
1700000058.296498	842273b90bb728e3a6eb8116b3d6161a6ebf3d764b585f386f18bab8c5188a00	3	60AAD06D	CN=www.example.org	CN=www.example.org	1697408058.000000	1728944058.000000	rsaEncryption	sha256WithRSAEncryption	rsa	2048	65537	-	www.example.org	-	-	-	F	-	T	F
1700000058.361169	2d6aa82f3c11c590f06ba1f3575f5c4b71e6398c359355bf61527f8c4102e24f	3	29EC3EF5	CN=portal.example.io	CN=portal.example.io	1697408058.000000	1728944058.000000	rsaEncryption	sha256WithRSAEncryption	rsa	2048	65537	-	portal.example.io	-	-	-	F	-	T	F
1700000065.337411	7a4f500fe7fd6309590dea22bd935c8820e1622a54a4245010615753d1341c96	3	0516D9C4	CN=portal.example.io	CN=portal.example.io	1697408065.000000	1728944065.000000	rsaEncryption	sha256WithRSAEncryption	rsa	2048	65537	-	portal.example.io	-	-	-	F	-	T	F
1700000092.104518	c19bb5a5520fb76a5aec60dfb4f50f1c342022759bf68622902112add0d01b7a	3	15AB8B58	CN=www.example.org	CN=www.example.org	1697408092.000000	1728944092.000000	rsaEncryption	sha256WithRSAEncryption	rsa	2048	65537	-	www.example.org	-	-	-	F	-	T	F
1700000092.559895	250267f7563dc15aa6218e215dadbe86077d4ccfff6a6755f45cd58900d72af0	3	0C2D685B	CN=www.example.org	CN=www.example.org	1697408092.000000	1728944092.000000	rsaEncryption	sha256WithRSAEncryption	rsa	2048	65537	-	www.example.org	-	-	-	F	-	T	F
1700000093.037180	9414e8855a97f0e0907df8875ee2ec5c5eeb9783642e0dc5b22f6c3738f8abf3	3	711EE005	CN=updates.example.com	CN=updates.example.com	1697408092.000000	1728944092.000000	rsaEncryption	sha256WithRSAEncryption	rsa	2048	65537	-	updates.example.com	-	-	-	F	-	T	F
1700000093.860412	df2ea0bd625f70cf18d693ac3ed892694a9a10eeae8dfdd25a486257b3c9197f	3	0F9B75DA	CN=cdn.example.net	CN=cdn.example.net	1697408093.000000	1728944093.000000	rsaEncryption	sha256WithRSAEncryption	rsa	2048	65537	-	cdn.example.net	-	-	-	F	-	T	F
1700000094.567465	0e931ef0360c05736434cf51cc035e6790bc28174714b30fe491880f1b3d122b	3	3E9A5288	CN=www.example.org	CN=www.example.org	1697408094.000000	1728944094.000000	rsaEncryption	sha256WithRSAEncryption	rsa	2048	65537	-	www.example.org	-	-	-	F	-	T	F
1700000095.558721	8c153b1598392abeee5ff8945ac365864c1cf1a2541dc21dfabfa9b0eaaa1a20	3	3FEC6AFA	CN=api.github.com	CN=api.github.com	1697408095.000000	1728944095.000000	rsaEncryption	sha256WithRSAEncryption	rsa	2048	65537	-	api.github.com	-	-	-	F	-	T	F
1700000095.689421	9a1d65dcefea1fa4ca11dc118fc7f83489a734f88bc640abc15a34dda8a9ebce	3	2FA4FCA5	CN=api.github.com	CN=api.github.com	1697408095.000000	1728944095.000000	rsaEncryption	sha256WithRSAEncryption	rsa	2048	65537	-	api.github.com	-	-	-	F	-	T	F
1700000095.997463	969ef3277f3f4771d7da624cc564c2c810e3a38628acd8cc668dafacfca0bc9e	3	7189A929	CN=cdn.example.net	CN=cdn.example.net	1697408095.000000	1728944095.000000	rsaEncryption	sha256WithRSAEncryption	rsa	2048	65537	-	cdn.example.net	-	-	-	F	-	T	F
1700000096.652650	ae152aa41038b686ab257b961904fb37136bcec9a58930ef619a343f607a1c8d	3	7440E36A	CN=updates.example.com	CN=updates.example.com	1697408096.000000	1728944096.000000	rsaEncryption	sha256WithRSAEncryption	rsa	2048	65537	-	updates.example.com	-	-	-	F	-	T	F
1700000096.819958	56956ce2409fc46865bf83a9669127f226ebf738843ee4f4fc559e71d35aa84f	3	783598CC	CN=portal.example.io	CN=portal.example.io	1697408096.000000	1728944096.000000	rsaEncryption	sha256WithRSAEncryption	rsa	2048	65537	-	portal.example.io	-	-	-	F	-	T	F
1700000097.551631	3421bb7eb9195ee4af284938ffeeb542c3d4c6af59cfc219dd61d9c69096bca6	3	760769DE	CN=assets.example.co	CN=assets.example.co	1697408097.000000	1728944097.000000	rsaEncryption	sha256WithRSAEncryption	rsa	2048	65537	-	assets.example.co	-	-	-	F	-	T	F
1700000097.656735	83e8cff8a8365d9e4fc3fec18c05710a8c0d8696bb566c8760e52aa468f04681	3	2D937454	CN=cdn.example.net	CN=cdn.example.net	1697408097.000000	1728944097.000000	rsaEncryption	sha256WithRSAEncryption	rsa	2048	65537	-	cdn.example.net	-	-	-	F	-	T	F
1700000097.798257	d0afe91778966e9a0095d62d2b708da0a768fed5ed3f6fd383c91f4bc7eec3f9	3	2468184A	CN=updates.example.com	CN=updates.example.com	1697408097.000000	1728944097.000000	rsaEncryption	sha256WithRSAEncryption	rsa	2048	65537	-	updates.example.com	-	-	-	F	-	T	F
1700000097.976746	301574c9b5a8e303bc510ae5f8ccfed88a940608b1d1abf189a8d73530873b3f	3	209B38AC	CN=api.github.com	CN=api.github.com	1697408097.000000	1728944097.000000	rsaEncryption	sha256WithRSAEncryption	rsa	2048	65537	-	api.github.com	-	-	-	F	-	T	F
1700000098.222679	f3943f481fb4de887bad213eaf861c874d49ac7c8f8b85e34b4c52a987ce7e1f	3	1B03AE97	CN=cdn.example.net	CN=cdn.example.net	1697408098.000000	1728944098.000000	rsaEncryption	sha256WithRSAEncryption	rsa	2048	65537	-	cdn.example.net	-	-	-	F	-	T	F
1700000098.651842	b8198d04f0b30c4ca2454b5af5a7ea59632fda17fba9d35d998666ae952f6048	3	6BBC092A	CN=api.github.com	CN=api.github.com	1697408098.000000	1728944098.000000	rsaEncryption	sha256WithRSAEncryption	rsa	2048	65537	-	api.github.com	-	-	-	F	-	T	F
1700000098.878823	a802bba2685e49bbeead1a0e173ecef611cb7d8e7ad9a3d94e87b0829115c519	3	5A3F0A91	CN=www.example.org	CN=www.example.org	1697408098.000000	1728944098.000000	rsaEncryption	sha256WithRSAEncryption	rsa	2048	65537	-	www.example.org	-	-	-	F	-	T	F
1700000098.943662	6951152de83aa417603846905d0d29bb9e5f36d2df733f67f1aa5669b429673d	3	53807B8E	CN=cdn.example.net	CN=cdn.example.net	1697408098.000000	1728944098.000000	rsaEncryption	sha256WithRSAEncryption	rsa	2048	65537	-	cdn.example.net	-	-	-	F	-	T	F
1700000099.131402	0738c5387ce75d1eaf00002378c0ee8e62c84bd07b904f8c15a986d611e1d8a9	3	6FFB1CC5	CN=portal.example.io	CN=portal.example.io	1697408099.000000	1728944099.000000	rsaEncryption	sha256WithRSAEncryption	rsa	2048	65537	-	portal.example.io	-	-	-	F	-	T	F
1700000101.666696	3e76cb91f3939c69204de22f11df556aa8d56357f4945f97fb546c499c8ef26a	3	4C0882CA	CN=api.github.com	CN=api.github.com	1697408101.000000	1728944101.000000	rsaEncryption	sha256WithRSAEncryption	rsa	2048	65537	-	api.github.com	-	-	-	F	-	T	F
1700000101.777385	416dd3a9edf07e6cbd18a3f6e10a02f32506872752ea2611fab2c4e57cc476ea	3	1630EDA1	CN=updates.example.com	CN=updates.example.com	1697408101.000000	1728944101.000000	rsaEncryption	sha256WithRSAEncryption	rsa	2048	65537	-	updates.example.com	-	-	-	F	-	T	F
1700000102.662023	154221f885bd3ec669e00fd6a22242a7223ca90839470b9c0f0620d8662860eb	3	7345091F	CN=updates.example.com	CN=updates.example.com	1697408102.000000	1728944102.000000	rsaEncryption	sha256WithRSAEncryption	rsa	2048	65537	-	updates.example.com	-	-	-	F	-	T	F
1700000103.071168	e3427129835a9861370bd7712a249f951382ff1cf2d25942d844cd220209f657	3	0543F2F2	CN=www.example.org	CN=www.example.org	1697408102.000000	1728944102.000000	rsaEncryption	sha256WithRSAEncryption	rsa	2048	65537	-	www.example.org	-	-	-	F	-	T	F
1700000103.646964	eedf54cc52c55f98b6d85496a2414999b4935cee4637e2c0b14875b31d8571ab	3	35BD8808	CN=cdn.example.net	CN=cdn.example.net	1697408103.000000	1728944103.000000	rsaEncryption	sha256WithRSAEncryption	rsa	2048	65537	-	cdn.example.net	-	-	-	F	-	T	F
1700000104.481447	c7eb0805b98ae36f003098a5534783c956bfd153694357a77353ff07c01a94f5	3	231CCCD0	CN=cdn.example.net	CN=cdn.example.net	1697408104.000000	1728944104.000000	rsaEncryption	sha256WithRSAEncryption	rsa	2048	65537	-	cdn.example.net	-	-	-	F	-	T	F
1700000105.190056	60c61e9d6f2910644564dc28e6601676acab5073ec80f1c568732582e6ce7be1	3	1CAAF9C5	CN=assets.example.co	CN=assets.example.co	1697408105.000000	1728944105.000000	rsaEncryption	sha256WithRSAEncryption	rsa	2048	65537	-	assets.example.co	-	-	-	F	-	T	F
1700000105.934094	241e01f4cd2ea4f445666218c03a711412f666ca6221375b260c69c202cdcbfa	3	57902F4A	CN=portal.example.io	CN=portal.example.io	1697408105.000000	1728944105.000000	rsaEncryption	sha256WithRSAEncryption	rsa	2048	65537	-	portal.example.io	-	-	-	F	-	T	F
1700000109.802074	ddb4e399f553fd8581dda157bc72abc0852dfe59e33406031015ed98b4ba941f	3	2FB68CAF	CN=www.example.org	CN=www.example.org	1697408109.000000	1728944109.000000	rsaEncryption	sha256WithRSAEncryption	rsa	2048	65537	-	www.example.org	-	-	-	F	-	T	F
1700000112.445594	071c56ab200566b92a50600501740c3d7b60b9d87521ab4b81452154c924371e	3	401997F1	CN=assets.example.co	CN=assets.example.co	1697408112.000000	1728944112.000000	rsaEncryption	sha256WithRSAEncryption	rsa	2048	65537	-	assets.example.co	-	-	-	F	-	T	F
1700000114.408944	d4b364a87d708b745c49f21229ae8f1b4809b55b7e6a280449d1abb26ea9dbc5	3	2F20FEBE	CN=cdn.example.net	CN=cdn.example.net	1697408114.000000	1728944114.000000	rsaEncryption	sha256WithRSAEncryption	rsa	2048	65537	-	cdn.example.net	-	-	-	F	-	T	F
1700000117.427738	92ef7e356f402a4cf1c9ff0a1fcc34f9b16ea8ed6d92875204bb3398a78d2c4f	3	65905407	CN=cdn.example.net	CN=cdn.example.net	1697408117.000000	1728944117.000000	rsaEncryption	sha256WithRSAEncryption	rsa	2048	65537	-	cdn.example.net	-	-	-	F	-	T	F
1700000117.643831	60971ed391185e7ebb255ffa95e6de8e7483ee9725672732adb4b147d495c3f6	3	62166A5E	CN=assets.example.co	CN=assets.example.co	1697408117.000000	1728944117.000000	rsaEncryption	sha256WithRSAEncryption	rsa	2048	65537	-	assets.example.co	-	-	-	F	-	T	F
1700000118.350400	0d2eb18be6604db35e8a3769dcbaac61ade55e860da3335ab6137323618cc02e	3	6FB485A9	CN=cdn.example.net	CN=cdn.example.net	1697408118.000000	1728944118.000000	rsaEncryption	sha256WithRSAEncryption	rsa	2048	65537	-	cdn.example.net	-	-	-	F	-	T	F
1700000120.585579	61950fdedc8440e69a5f69fba69551787dbd87a17a6bce9b5da21d90b014b525	3	5F14C628	CN=portal.example.io	CN=portal.example.io	1697408120.000000	1728944120.000000	rsaEncryption	sha256WithRSAEncryption	rsa	2048	65537	-	portal.example.io	-	-	-	F	-	T	F
1700000121.066819	11368ce8b93425a0a9ddd8e8433d43e78d40b8ffa632a5b3c44135f05390e618	3	2D641BBE	CN=updates.example.com	CN=updates.example.com	1697408121.000000	1728944121.000000	rsaEncryption	sha256WithRSAEncryption	rsa	2048	65537	-	updates.example.com	-	-	-	F	-	T	F
1700000121.978244	0a8bdb22ded15e15a387486eac8a4366baafbba02ab613ad5f0bf6e403d0d836	3	D3B5FC	CN=www.example.org	CN=www.example.org	1697408121.000000	1728944121.000000	rsaEncryption	sha256WithRSAEncryption	rsa	2048	65537	-	www.example.org	-	-	-	F	-	T	F
1700000122.282518	55caaf795c986d5af9dbed787338124531bc56b31acf84f70b92458674d6c645	3	3B0F4246	CN=cdn.example.net	CN=cdn.example.net	1697408122.000000	1728944122.000000	rsaEncryption	sha256WithRSAEncryption	rsa	2048	65537	-	cdn.example.net	-	-	-	F	-	T	F
1700000122.356035	b55c230899341cabafd14ebca0aab2d372b14125164801b0f0be1168a2297bc1	3	73586C82	CN=updates.example.com	CN=updates.example.com	1697408122.000000	1728944122.000000	rsaEncryption	sha256WithRSAEncryption	rsa	2048	65537	-	updates.example.com	-	-	-	F	-	T	F
1700000125.449829	6555a1e5b10e40f50b0963c7324c8db7527e0b7dc75917380d0410c79da63bbf	3	0326C1F9	CN=cdn.example.net	CN=cdn.example.net	1697408125.000000	1728944125.000000	rsaEncryption	sha256WithRSAEncryption	rsa	2048	65537	-	cdn.example.net	-	-	-	F	-	T	F
1700000126.538570	af39917cdcabe980c79e46eb6c12c16630e2450780e0b54f5e91be1549f4fefe	3	4E093964	CN=cdn.example.net	CN=cdn.example.net	1697408126.000000	1728944126.000000	rsaEncryption	sha256WithRSAEncryption	rsa	2048	65537	-	cdn.example.net	-	-	-	F	-	T	F
1700000127.467755	dec1f39dfcf00fee5eeb165304a37966e7d75da6ee46eded8fda78ac68ec9710	3	0B1E39FA	CN=assets.example.co	CN=assets.example.co	1697408127.000000	1728944127.000000	rsaEncryption	sha256WithRSAEncryption	rsa	2048	65537	-	assets.example.co	-	-	-	F	-	T	F
1700000172.883496	e6db9184596951b178198aff972e4d307e9dd7c5d75b1472936d35c4ff9256ce	3	01AE42D4	CN=cdn.telemetry-sync.example	CN=cdn.telemetry-sync.example	1697408172.000000	1728944172.000000	rsaEncryption	sha256WithRSAEncryption	rsa	2048	65537	-	cdn.telemetry-sync.example	-	-	-	F	-	T	F
1700000183.438241	ed1606e4e4e2486ec78a628f37d0eccb166d80e8ab2f114191feb5c50cefb12d	3	5B17739D	CN=updates.example.com	CN=updates.example.com	1697408183.000000	1728944183.000000	rsaEncryption	sha256WithRSAEncryption	rsa	2048	65537	-	updates.example.com	-	-	-	F	-	T	F
1700000183.683729	fe706b751b1b62b24f28f9e3127996d19257031e862db847b5056a0c2a39a66d	3	27373992	CN=www.example.org	CN=www.example.org	1697408183.000000	1728944183.000000	rsaEncryption	sha256WithRSAEncryption	rsa	2048	65537	-	www.example.org	-	-	-	F	-	T	F
1700000187.541236	aa90c94e5371c7d3eb5118f2497f5b0876376c509ebd81a1ebe0cbdbbb239cef	3	4BBD2398	CN=updates.example.com	CN=updates.example.com	1697408187.000000	1728944187.000000	rsaEncryption	sha256WithRSAEncryption	rsa	2048	65537	-	updates.example.com	-	-	-	F	-	T	F
1700000188.655167	b6c9ffbf331ae8a9dedd066177f72efc8d664e7ba334334bf7611a8177696265	3	052B6B81	CN=updates.example.com	CN=updates.example.com	1697408188.000000	1728944188.000000	rsaEncryption	sha256WithRSAEncryption	rsa	2048	65537	-	updates.example.com	-	-	-	F	-	T	F
1700000189.200665	6bae31f21d33f891834538335a22f8a017f452fe202bb3a1dd6e9ea00c857550	3	3E6144D3	CN=cdn.example.net	CN=cdn.example.net	1697408189.000000	1728944189.000000	rsaEncryption	sha256WithRSAEncryption	rsa	2048	65537	-	cdn.example.net	-	-	-	F	-	T	F
1700000190.138008	7aa0323cb3daad71a3e4f229486203fc64161cd9203260f97870d37109049baf	3	23310C46	CN=cdn.example.net	CN=cdn.example.net	1697408190.000000	1728944190.000000	rsaEncryption	sha256WithRSAEncryption	rsa	2048	65537	-	cdn.example.net	-	-	-	F	-	T	F
1700000191.579209	3b7de3c10eb6a2eff02933dd09782435b46b3abe56bb4c42a22965b010d489bd	3	2B3A29FB	CN=assets.example.co	CN=assets.example.co	1697408191.000000	1728944191.000000	rsaEncryption	sha256WithRSAEncryption	rsa	2048	65537	-	assets.example.co	-	-	-	F	-	T	F
1700000191.757493	83d2a68ed50aa5ef22bf74d274aaa414e312d090721db36a11f83c2a584ab9ae	3	FD763D	CN=updates.example.com	CN=updates.example.com	1697408191.000000	1728944191.000000	rsaEncryption	sha256WithRSAEncryption	rsa	2048	65537	-	updates.example.com	-	-	-	F	-	T	F
1700000193.242938	e41ddce59a96b9e83a6b70c23eeeda8126d1fad879c18573e817722ab9ca9da3	3	6C6EBFBE	CN=updates.example.com	CN=updates.example.com	1697408193.000000	1728944193.000000	rsaEncryption	sha256WithRSAEncryption	rsa	2048	65537	-	updates.example.com	-	-	-	F	-	T	F
1700000196.646520	c7b8ce69604223054cc593432af0b58be006166841e172970439ff13e2a4a003	3	1C71B4DF	CN=cdn.example.net	CN=cdn.example.net	1697408196.000000	1728944196.000000	rsaEncryption	sha256WithRSAEncryption	rsa	2048	65537	-	cdn.example.net	-	-	-	F	-	T	F
1700000197.430301	12d3cc7f180ea1d542a42137f865aac1dace7e3039b3b92d9108a7d4cd02b343	3	183687B4	CN=portal.example.io	CN=portal.example.io	1697408197.000000	1728944197.000000	rsaEncryption	sha256WithRSAEncryption	rsa	2048	65537	-	portal.example.io	-	-	-	F	-	T	F
1700000232.609354	685e83e342cbb8ad16cb93a17aa3609146577025c963fb47a849ad2784863320	3	75A36465	CN=cdn.telemetry-sync.example	CN=cdn.telemetry-sync.example	1697408232.000000	1728944232.000000	rsaEncryption	sha256WithRSAEncryption	rsa	2048	65537	-	cdn.telemetry-sync.example	-	-	-	F	-	T	F
1700000246.841734	71a5e9e03efb0d4fdd91b015e09d2b243a9dea420754e4d983f6acaff062781f	3	203D14B1	CN=cdn.example.net	CN=cdn.example.net	1697408246.000000	1728944246.000000	rsaEncryption	sha256WithRSAEncryption	rsa	2048	65537	-	cdn.example.net	-	-	-	F	-	T	F
1700000248.447808	6983f4fcaeb93fb873aa34dde784db47f32169e1400bf9d20add60886e4da416	3	7A5FBAF5	CN=www.example.org	CN=www.example.org	1697408248.000000	1728944248.000000	rsaEncryption	sha256WithRSAEncryption	rsa	2048	65537	-	www.example.org	-	-	-	F	-	T	F
1700000250.793589	68c192b8a630895cb3cec2652b28d5779dbcd995479beaca7b7e12d4b3e09356	3	4BDDE349	CN=updates.example.com	CN=updates.example.com	1697408250.000000	1728944250.000000	rsaEncryption	sha256WithRSAEncryption	rsa	2048	65537	-	updates.example.com	-	-	-	F	-	T	F
1700000251.903052	e9b150252cfd3ca2e95ee5670c735ecc8843e5a40722f8a627b8247f54bd33cf	3	693060F6	CN=updates.example.com	CN=updates.example.com	1697408251.000000	1728944251.000000	rsaEncryption	sha256WithRSAEncryption	rsa	2048	65537	-	updates.example.com	-	-	-	F	-	T	F
1700000251.910946	e191e5c37d3bd7317e5882c7524f5bd814992642a0e81631ced787a270956f3d	3	4703013B	CN=api.github.com	CN=api.github.com	1697408251.000000	1728944251.000000	rsaEncryption	sha256WithRSAEncryption	rsa	2048	65537	-	api.github.com	-	-	-	F	-	T	F
1700000251.946242	b75f90f229e570d95e67a1c049cc13d4329a3330b42d7717b1ba3a4790f97015	3	0348694B	CN=portal.example.io	CN=portal.example.io	1697408251.000000	1728944251.000000	rsaEncryption	sha256WithRSAEncryption	rsa	2048	65537	-	portal.example.io	-	-	-	F	-	T	F
1700000253.821524	61a54028b4f83fc47c465ec6f26c77fbfbc4772d1b37ca161495a97e47b603b9	3	4F2B8F6C	CN=portal.example.io	CN=portal.example.io	1697408253.000000	1728944253.000000	rsaEncryption	sha256WithRSAEncryption	rsa	2048	65537	-	portal.example.io	-	-	-	F	-	T	F
1700000254.118782	d6d90bc93322b8aed3afd63d73231097dff8bc70dffe9159ddf018a19ce4c890	3	045DB2EE	CN=www.example.org	CN=www.example.org	1697408254.000000	1728944254.000000	rsaEncryption	sha256WithRSAEncryption	rsa	2048	65537	-	www.example.org	-	-	-	F	-	T	F
1700000254.276881	f54e4c6a0d24be561fb481d077b5888e2b7f80fafa3fedc2c73cb162bbd70372	3	274DC58B	CN=updates.example.com	CN=updates.example.com	1697408254.000000	1728944254.000000	rsaEncryption	sha256WithRSAEncryption	rsa	2048	65537	-	updates.example.com	-	-	-	F	-	T	F
1700000254.379394	baad26a7732e39cb2f617ff28c02988d72399a975cf4a98db6cf1a278f24d8d9	3	576134B9	CN=portal.example.io	CN=portal.example.io	1697408254.000000	1728944254.000000	rsaEncryption	sha256WithRSAEncryption	rsa	2048	65537	-	portal.example.io	-	-	-	F	-	T	F
1700000254.397049	5a7058eec99437af4f5dc3f2b5dee7aae50653f87417f854c9b2f4fa71638de2	3	62017891	CN=api.github.com	CN=api.github.com	1697408254.000000	1728944254.000000	rsaEncryption	sha256WithRSAEncryption	rsa	2048	65537	-	api.github.com	-	-	-	F	-	T	F
1700000255.089734	25882f7887ce2258066c51949d5f5f352e4d1637dfe68048e094c0fc20329148	3	5C738A82	CN=updates.example.com	CN=updates.example.com	1697408255.000000	1728944255.000000	rsaEncryption	sha256WithRSAEncryption	rsa	2048	65537	-	updates.example.com	-	-	-	F	-	T	F
1700000256.834479	0d25ec34990d978a760d574c132e37da6c960c30d3767cf03193881c95db3dde	3	1D3401DD	CN=api.github.com	CN=api.github.com	1697408256.000000	1728944256.000000	rsaEncryption	sha256WithRSAEncryption	rsa	2048	65537	-	api.github.com	-	-	-	F	-	T	F
1700000257.475241	14a5349ffe3cbc27850ce623ce4c97769773d563f3f1f3b945fd250bff1061dd	3	0749708E	CN=api.github.com	CN=api.github.com	1697408257.000000	1728944257.000000	rsaEncryption	sha256WithRSAEncryption	rsa	2048	65537	-	api.github.com	-	-	-	F	-	T	F
1700000261.828233	7d397c1d16c4f0ec95f0f06a82e330461645f735d55d1923178d20e4975d81f5	3	213B2990	CN=portal.example.io	CN=portal.example.io	1697408261.000000	1728944261.000000	rsaEncryption	sha256WithRSAEncryption	rsa	2048	65537	-	portal.example.io	-	-	-	F	-	T	F
1700000289.182728	7143f14db4b6ec33e8935563cc4fc0a5a5fe312153f4553bde366b3d6c6b8c6c	3	3E673C01	CN=updates.example.com	CN=updates.example.com	1697408289.000000	1728944289.000000	rsaEncryption	sha256WithRSAEncryption	rsa	2048	65537	-	updates.example.com	-	-	-	F	-	T	F
1700000289.197417	624bab58c0b845ed397c9d63cf4a58ed22365c82f6dfa3d29abec17c705fc862	3	01F2BE2C	CN=cdn.example.net	CN=cdn.example.net	1697408289.000000	1728944289.000000	rsaEncryption	sha256WithRSAEncryption	rsa	2048	65537	-	cdn.example.net	-	-	-	F	-	T	F
1700000290.567511	2ab5e69719e5a6d063c609bf2783dacd05d488e393c4e5afb5489572e68cb21e	3	70F4FF74	CN=api.github.com	CN=api.github.com	1697408290.000000	1728944290.000000	rsaEncryption	sha256WithRSAEncryption	rsa	2048	65537	-	api.github.com	-	-	-	F	-	T	F
1700000290.618372	394a9958b06a92aec6519ce7fabbbc16d10192209e6e951101e363ac5a5e840d	3	18F57C61	CN=cdn.example.net	CN=cdn.example.net	1697408290.000000	1728944290.000000	rsaEncryption	sha256WithRSAEncryption	rsa	2048	65537	-	cdn.example.net	-	-	-	F	-	T	F
1700000291.328735	f66f20657738ed36c9aadd09dfa113655904180b904a0a2dcd6c65bbfefdf28e	3	5D90CA06	CN=updates.example.com	CN=updates.example.com	1697408291.000000	1728944291.000000	rsaEncryption	sha256WithRSAEncryption	rsa	2048	65537	-	updates.example.com	-	-	-	F	-	T	F
1700000291.708822	0963b3880eee6c29f6e6cfe537c2cd5210642625d0b4ceac5f4e4b35bec9acab	3	5A9CA401	CN=www.example.org	CN=www.example.org	1697408291.000000	1728944291.000000	rsaEncryption	sha256WithRSAEncryption	rsa	2048	65537	-	www.example.org	-	-	-	F	-	T	F
1700000292.167845	ec4b47afc9bc5f49334b52d4117b30d5fe1e03ab3aa0819df56fa2e0fc9484ea	3	2AEF0551	CN=cdn.telemetry-sync.example	CN=cdn.telemetry-sync.example	1697408292.000000	1728944292.000000	rsaEncryption	sha256WithRSAEncryption	rsa	2048	65537	-	cdn.telemetry-sync.example	-	-	-	F	-	T	F
1700000293.352122	58f5b8e13126059f4cefe3b23a5037893d8d0787d12790f1d5738f0bdd6bb556	3	0B8D89CB	CN=assets.example.co	CN=assets.example.co	1697408293.000000	1728944293.000000	rsaEncryption	sha256WithRSAEncryption	rsa	2048	65537	-	assets.example.co	-	-	-	F	-	T	F
1700000293.774681	1001fc90a1d31134e4105c078511025a1375e8c4cf53f2fe2d061dd5726a1ac0	3	62C4EF13	CN=cdn.example.net	CN=cdn.example.net	1697408293.000000	1728944293.000000	rsaEncryption	sha256WithRSAEncryption	rsa	2048	65537	-	cdn.example.net	-	-	-	F	-	T	F
1700000294.434818	b57ffcf816c4e527165521b12d187ec4eb7b76fbd28a90ac8a6515805f562978	3	56EBA087	CN=updates.example.com	CN=updates.example.com	1697408294.000000	1728944294.000000	rsaEncryption	sha256WithRSAEncryption	rsa	2048	65537	-	updates.example.com	-	-	-	F	-	T	F
1700000294.586868	197cddae4749165c8cacc84f6f251da69537c18751f0b1525ac77c0b55299aee	3	086E5F37	CN=cdn.example.net	CN=cdn.example.net	1697408294.000000	1728944294.000000	rsaEncryption	sha256WithRSAEncryption	rsa	2048	65537	-	cdn.example.net	-	-	-	F	-	T	F
1700000296.033468	4521fe351b4066d1b18dda83d3fdf2cf583ceeb2454e9a4228ded74a73baa8a2	3	1444A484	CN=api.github.com	CN=api.github.com	1697408295.000000	1728944295.000000	rsaEncryption	sha256WithRSAEncryption	rsa	2048	65537	-	api.github.com	-	-	-	F	-	T	F
1700000297.657033	00733ecf7f5ef9a6be8e29c86233d2cfa53702c0d1e05ffa997d7890690f82e5	3	482322F7	CN=api.github.com	CN=api.github.com	1697408297.000000	1728944297.000000	rsaEncryption	sha256WithRSAEncryption	rsa	2048	65537	-	api.github.com	-	-	-	F	-	T	F
1700000298.558122	d9edc973ced2348b72cb0fc3d3ea33961829e0fdf7c6c6d182c7e6698a390b72	3	6A30A67B	CN=assets.example.co	CN=assets.example.co	1697408298.000000	1728944298.000000	rsaEncryption	sha256WithRSAEncryption	rsa	2048	65537	-	assets.example.co	-	-	-	F	-	T	F
1700000300.084481	b5ed40ab61ab7d4657681c74b46ab2a3f5e4734e6e74d91a524387222cad889f	3	191E1028	CN=www.example.org	CN=www.example.org	1697408300.000000	1728944300.000000	rsaEncryption	sha256WithRSAEncryption	rsa	2048	65537	-	www.example.org	-	-	-	F	-	T	F
1700000322.670115	8512f815a3c8c0d38765a34dcd721bfbdb1e6e7ad90213ed165f1cebe1ff85dc	3	76F67109	CN=cdn.example.net	CN=cdn.example.net	1697408322.000000	1728944322.000000	rsaEncryption	sha256WithRSAEncryption	rsa	2048	65537	-	cdn.example.net	-	-	-	F	-	T	F
1700000324.451031	5a0eb31b42cc7e01562228cbe2ecce63b16cedd2fd65e04755dfebda3d997e37	3	72C9D3EE	CN=api.github.com	CN=api.github.com	1697408324.000000	1728944324.000000	rsaEncryption	sha256WithRSAEncryption	rsa	2048	65537	-	api.github.com	-	-	-	F	-	T	F
1700000327.051865	333d8b2b55c6c383f8717d7eb07c0aaa985a2d805d3fc093205c5f6d1a42c3f6	3	7BA05721	CN=portal.example.io	CN=portal.example.io	1697408326.000000	1728944326.000000	rsaEncryption	sha256WithRSAEncryption	rsa	2048	65537	-	portal.example.io	-	-	-	F	-	T	F
1700000327.883011	3d4bc96f7fb28cf433be95bd8772036fc32dec8788e9e9834b3c2f8c94cc7945	3	4575A1F7	CN=updates.example.com	CN=updates.example.com	1697408327.000000	1728944327.000000	rsaEncryption	sha256WithRSAEncryption	rsa	2048	65537	-	updates.example.com	-	-	-	F	-	T	F
1700000327.920289	0cb2ab3b7e60d2ae25734943bdd7e686ab55929ed45de552037e588e53b4ace0	3	11D2B4EC	CN=assets.example.co	CN=assets.example.co	1697408327.000000	1728944327.000000	rsaEncryption	sha256WithRSAEncryption	rsa	2048	65537	-	assets.example.co	-	-	-	F	-	T	F
1700000328.393446	530d5c93ca12ccfcfe3e81ac615c01c87aa61a8a04046834320b56a27e5bbd8a	3	603C712C	CN=portal.example.io	CN=portal.example.io	1697408328.000000	1728944328.000000	rsaEncryption	sha256WithRSAEncryption	rsa	2048	65537	-	portal.example.io	-	-	-	F	-	T	F
1700000329.480796	5d5d6c4a6e86261def91abdaabac807e0aa12362841de34b3264f3665b901ee8	3	6DB81C7B	CN=cdn.example.net	CN=cdn.example.net	1697408329.000000	1728944329.000000	rsaEncryption	sha256WithRSAEncryption	rsa	2048	65537	-	cdn.example.net	-	-	-	F	-	T	F
1700000330.068836	9faaf04954f9e48a61ec23a984e60b733ea97e26b0cd7b41db644bd45fc060f7	3	4467FF5C	CN=portal.example.io	CN=portal.example.io	1697408329.000000	1728944329.000000	rsaEncryption	sha256WithRSAEncryption	rsa	2048	65537	-	portal.example.io	-	-	-	F	-	T	F
1700000330.238508	0f0e4faeff910b546e9c17ccb3d6263323cd3fe2d15deec06096a47991f0719a	3	3497E52F	CN=updates.example.com	CN=updates.example.com	1697408330.000000	1728944330.000000	rsaEncryption	sha256WithRSAEncryption	rsa	2048	65537	-	updates.example.com	-	-	-	F	-	T	F
1700000330.506486	332d05c36ad098d170a0e182cba105d1c15cec00d23ce38f04bc40325cf83768	3	24219908	CN=cdn.example.net	CN=cdn.example.net	1697408330.000000	1728944330.000000	rsaEncryption	sha256WithRSAEncryption	rsa	2048	65537	-	cdn.example.net	-	-	-	F	-	T	F
1700000331.440311	69889f83e3f3a9bee9290d5a80c90481e14a02f8650c8bb48ec236b04b542d5a	3	5245637D	CN=updates.example.com	CN=updates.example.com	1697408331.000000	1728944331.000000	rsaEncryption	sha256WithRSAEncryption	rsa	2048	65537	-	updates.example.com	-	-	-	F	-	T	F
1700000332.444820	c6cb67d816646b3ce22fecdc2f3d78bd7603b547b501804b3100a37e43ef4fd0	3	673D359E	CN=api.github.com	CN=api.github.com	1697408332.000000	1728944332.000000	rsaEncryption	sha256WithRSAEncryption	rsa	2048	65537	-	api.github.com	-	-	-	F	-	T	F
1700000332.956393	c1ab7924739e060caa911c8ea750c980eb920d09ea0832e7c661ddc2f698660d	3	3913892A	CN=cdn.example.net	CN=cdn.example.net	1697408332.000000	1728944332.000000	rsaEncryption	sha256WithRSAEncryption	rsa	2048	65537	-	cdn.example.net	-	-	-	F	-	T	F
1700000354.290994	d4723a66bc19f1b5e1edfc3ea24806f3aa26bc72d5506b537f77344f09fe1314	3	69EDAA4B	CN=cdn.telemetry-sync.example	CN=cdn.telemetry-sync.example	1697408354.000000	1728944354.000000	rsaEncryption	sha256WithRSAEncryption	rsa	2048	65537	-	cdn.telemetry-sync.example	-	-	-	F	-	T	F
1700000358.343626	fdb05b05eef8f9125831dea57b3c7801dc57094bffedbc1dcdf378b3eef4305d	3	22FB3F8E	CN=assets.example.co	CN=assets.example.co	1697408358.000000	1728944358.000000	rsaEncryption	sha256WithRSAEncryption	rsa	2048	65537	-	assets.example.co	-	-	-	F	-	T	F
1700000360.545095	7f9cd519b1cbae9aabfa4d05cdd10d3f31445d8de3958885ed04d457c0cc4a24	3	4A9F608B	CN=www.example.org	CN=www.example.org	1697408360.000000	1728944360.000000	rsaEncryption	sha256WithRSAEncryption	rsa	2048	65537	-	www.example.org	-	-	-	F	-	T	F
1700000363.540817	163e2fc9fed5a6ad88e6d9163aa875a208fef29b49238ed495b951210484a2a5	3	738EEE72	CN=assets.example.co	CN=assets.example.co	1697408363.000000	1728944363.000000	rsaEncryption	sha256WithRSAEncryption	rsa	2048	65537	-	assets.example.co	-	-	-	F	-	T	F
1700000364.194294	a5e157df02068eefca7234e71fd6298e5617fcad567b39500060b7aed0e2e96a	3	1AE67E13	CN=updates.example.com	CN=updates.example.com	1697408364.000000	1728944364.000000	rsaEncryption	sha256WithRSAEncryption	rsa	2048	65537	-	updates.example.com	-	-	-	F	-	T	F
1700000365.822518	cde4603c3f957ca1b6de38473252d4123160c5bae28f2fbe4743540b916a09af	3	6C77D905	CN=api.github.com	CN=api.github.com	1697408365.000000	1728944365.000000	rsaEncryption	sha256WithRSAEncryption	rsa	2048	65537	-	api.github.com	-	-	-	F	-	T	F
1700000366.828245	286bb08916caa540d3c1ca6ffb71132f46f3d6bdce8fe2a84f625c65799bbce2	3	09DB3E97	CN=portal.example.io	CN=portal.example.io	1697408366.000000	1728944366.000000	rsaEncryption	sha256WithRSAEncryption	rsa	2048	65537	-	portal.example.io	-	-	-	F	-	T	F
1700000367.005891	5c0d317338b4f9f936c35e22fc3b6e48c726b82dc05046fc5c3c4d5fc503ff51	3	2B4D43C1	CN=portal.example.io	CN=portal.example.io	1697408366.000000	1728944366.000000	rsaEncryption	sha256WithRSAEncryption	rsa	2048	65537	-	portal.example.io	-	-	-	F	-	T	F
1700000367.198804	42e357d75e28effa7171ad40782ac4976b2d5ceafadd80ce50dbfa2a603e5c0b	3	328080F4	CN=portal.example.io	CN=portal.example.io	1697408367.000000	1728944367.000000	rsaEncryption	sha256WithRSAEncryption	rsa	2048	65537	-	portal.example.io	-	-	-	F	-	T	F
1700000367.746500	9f1253aa9671f9097123dd6eebc88659a6bcb164007354434544433a269f330f	3	3604C48B	CN=www.example.org	CN=www.example.org	1697408367.000000	1728944367.000000	rsaEncryption	sha256WithRSAEncryption	rsa	2048	65537	-	www.example.org	-	-	-	F	-	T	F
1700000367.811917	0f769d4401b586c0b1ba43d8168deebdec97454c83332a06d67842c0d34ea9db	3	742EE006	CN=cdn.example.net	CN=cdn.example.net	1697408367.000000	1728944367.000000	rsaEncryption	sha256WithRSAEncryption	rsa	2048	65537	-	cdn.example.net	-	-	-	F	-	T	F
1700000367.918721	7e9cf02c9f6842d5e5c7beaa52ceb17510cc2938b71881026f5156c396484727	3	6C40D09A	CN=updates.example.com	CN=updates.example.com	1697408367.000000	1728944367.000000	rsaEncryption	sha256WithRSAEncryption	rsa	2048	65537	-	updates.example.com	-	-	-	F	-	T	F
1700000368.052629	115d1691bdf9d35e8511b5f96f9ba27adc606e4226ca8f0a01fd86aa4e1c6e18	3	34484F79	CN=updates.example.com	CN=updates.example.com	1697408367.000000	1728944367.000000	rsaEncryption	sha256WithRSAEncryption	rsa	2048	65537	-	updates.example.com	-	-	-	F	-	T	F
1700000368.988417	78646a9915e73b7261e6e10d9266202456679aeb1fd9a407fecaa87c0d603a2d	3	454818AB	CN=updates.example.com	CN=updates.example.com	1697408368.000000	1728944368.000000	rsaEncryption	sha256WithRSAEncryption	rsa	2048	65537	-	updates.example.com	-	-	-	F	-	T	F
1700000377.859684	5406bc1e7a3e05bdfb91f8c28aefbfaf228e1a41a89a3e725064da02acfad7f4	3	3950A144	CN=cdn.example.net	CN=cdn.example.net	1697408377.000000	1728944377.000000	rsaEncryption	sha256WithRSAEncryption	rsa	2048	65537	-	cdn.example.net	-	-	-	F	-	T	F
1700000414.986097	bcd26088ad2db23c189f289133aec47594e144c3e781397ca16fe950be0f4847	3	23AED811	CN=cdn.telemetry-sync.example	CN=cdn.telemetry-sync.example	1697408414.000000	1728944414.000000	rsaEncryption	sha256WithRSAEncryption	rsa	2048	65537	-	cdn.telemetry-sync.example	-	-	-	F	-	T	F
1700000435.407727	7f43c9ba1be845886c4836255da1ce50253784087a6c3e96c2d3e452157f3afa	3	4655C0B1	CN=updates.example.com	CN=updates.example.com	1697408435.000000	1728944435.000000	rsaEncryption	sha256WithRSAEncryption	rsa	2048	65537	-	updates.example.com	-	-	-	F	-	T	F
1700000437.149949	d7694169301b7a4f46fb132dd46e5747ddf5676a4f3f515478adf4507b5f69b4	3	4292B658	CN=www.example.org	CN=www.example.org	1697408437.000000	1728944437.000000	rsaEncryption	sha256WithRSAEncryption	rsa	2048	65537	-	www.example.org	-	-	-	F	-	T	F
1700000438.475175	fdc93c60661535fec992992e43e8681e861d431c43e2a9afc69904638f99df1f	3	5E949ADA	CN=api.github.com	CN=api.github.com	1697408438.000000	1728944438.000000	rsaEncryption	sha256WithRSAEncryption	rsa	2048	65537	-	api.github.com	-	-	-	F	-	T	F
1700000440.152332	3a6e0d64dbe23732c880b9a0d808c42432644694f0155f3ac64a1e964524fb7c	3	47515B5D	CN=updates.example.com	CN=updates.example.com	1697408440.000000	1728944440.000000	rsaEncryption	sha256WithRSAEncryption	rsa	2048	65537	-	updates.example.com	-	-	-	F	-	T	F
1700000442.789310	a0195defdff3c4e96f302ac415a96c914687dd721c7b5a9cae5658927a648470	3	504FB2CB	CN=assets.example.co	CN=assets.example.co	1697408442.000000	1728944442.000000	rsaEncryption	sha256WithRSAEncryption	rsa	2048	65537	-	assets.example.co	-	-	-	F	-	T	F
1700000443.485701	5da2fa12ed0c611bcc5649997b40ae672e078f1db9266bdc5f8a432e4fd33410	3	752FD181	CN=updates.example.com	CN=updates.example.com	1697408443.000000	1728944443.000000	rsaEncryption	sha256WithRSAEncryption	rsa	2048	65537	-	updates.example.com	-	-	-	F	-	T	F
1700000443.517756	f403aa331046fb21f1f0b4c5842711bc2ff5aa90e3d22ce322ef0c818c8378f9	3	51449AEB	CN=portal.example.io	CN=portal.example.io	1697408443.000000	1728944443.000000	rsaEncryption	sha256WithRSAEncryption	rsa	2048	65537	-	portal.example.io	-	-	-	F	-	T	F
1700000443.922525	35cc0a08b4219ec702dd683c5ebcbed695f758d46511b3f68280d0c849d47eb2	3	336BC508	CN=cdn.example.net	CN=cdn.example.net	1697408443.000000	1728944443.000000	rsaEncryption	sha256WithRSAEncryption	rsa	2048	65537	-	cdn.example.net	-	-	-	F	-	T	F
1700000445.551958	75f9e7d6eb98af82e8c866fd4595df671cc76db94ef131959d2ee4533ad79cc3	3	1AA86CA7	CN=api.github.com	CN=api.github.com	1697408445.000000	1728944445.000000	rsaEncryption	sha256WithRSAEncryption	rsa	2048	65537	-	api.github.com	-	-	-	F	-	T	F
1700000446.004077	4bae5174e951ffcc0845771b83a711c74039f5527fd94ef2c9aa1f918fd7d319	3	21F87820	CN=cdn.example.net	CN=cdn.example.net	1697408445.000000	1728944445.000000	rsaEncryption	sha256WithRSAEncryption	rsa	2048	65537	-	cdn.example.net	-	-	-	F	-	T	F
1700000446.739332	7fdf0cca3b829adb63e181cc7624f556f50b146fcf2463ba05b2d975efd85741	3	0835605C	CN=api.github.com	CN=api.github.com	1697408446.000000	1728944446.000000	rsaEncryption	sha256WithRSAEncryption	rsa	2048	65537	-	api.github.com	-	-	-	F	-	T	F
1700000446.961833	a71fc84cbac50ba0eff809f8fd3cb0b8de6d78f1cdd612789b52a0a466956f9e	3	3ACA195D	CN=www.example.org	CN=www.example.org	1697408446.000000	1728944446.000000	rsaEncryption	sha256WithRSAEncryption	rsa	2048	65537	-	www.example.org	-	-	-	F	-	T	F
1700000447.130266	2811e0d038b9c9fd00ffd4d04de0ca781a97b5dbec77116e79438b899875e8ad	3	6941C0AC	CN=cdn.example.net	CN=cdn.example.net	1697408447.000000	1728944447.000000	rsaEncryption	sha256WithRSAEncryption	rsa	2048	65537	-	cdn.example.net	-	-	-	F	-	T	F
1700000447.460492	af71797b4a2015873f141d2e8cb637f5c34c1fb9323f25a76f3ac8e14ff867af	3	509A6F47	CN=portal.example.io	CN=portal.example.io	1697408447.000000	1728944447.000000	rsaEncryption	sha256WithRSAEncryption	rsa	2048	65537	-	portal.example.io	-	-	-	F	-	T	F
1700000448.071560	c7073f29e9b29771a04880517719012954ab846304c651f51c4cbec08aa7e657	3	69C16225	CN=www.example.org	CN=www.example.org	1697408448.000000	1728944448.000000	rsaEncryption	sha256WithRSAEncryption	rsa	2048	65537	-	www.example.org	-	-	-	F	-	T	F
1700000448.312048	ac23d82e350a5a83e594580ee1d31e671ad04109a1d7169098eb0a305b9753d7	3	5D2F3D24	CN=api.github.com	CN=api.github.com	1697408448.000000	1728944448.000000	rsaEncryption	sha256WithRSAEncryption	rsa	2048	65537	-	api.github.com	-	-	-	F	-	T	F
1700000449.790330	53823f45d0a21dd9ab65a5a33016dcbce2172e2dc8938a62cff35b6308f1526b	3	1B477CDD	CN=assets.example.co	CN=assets.example.co	1697408449.000000	1728944449.000000	rsaEncryption	sha256WithRSAEncryption	rsa	2048	65537	-	assets.example.co	-	-	-	F	-	T	F
1700000451.670014	ce18199cbfd37ebfc112ac72cd7e74577dc20d93247de7be13395f51288ffa39	3	732EF865	CN=cdn.example.net	CN=cdn.example.net	1697408451.000000	1728944451.000000	rsaEncryption	sha256WithRSAEncryption	rsa	2048	65537	-	cdn.example.net	-	-	-	F	-	T	F
1700000453.204972	f9c558a2a1bfd3f47fcabc074302760f35f5ef4d209c4c05365edf84989d5b00	3	16AB36C5	CN=www.example.org	CN=www.example.org	1697408453.000000	1728944453.000000	rsaEncryption	sha256WithRSAEncryption	rsa	2048	65537	-	www.example.org	-	-	-	F	-	T	F
1700000453.844004	0b78794cfb7f4211665e631971839df2ffe8726509d567be03309be4defcc1fd	3	75D3A9DA	CN=assets.example.co	CN=assets.example.co	1697408453.000000	1728944453.000000	rsaEncryption	sha256WithRSAEncryption	rsa	2048	65537	-	assets.example.co	-	-	-	F	-	T	F
1700000454.343101	2a975b1cf0370a8a8a586b494c8a02e2bd42dfc22e9dee4324ab4848a7cd8338	3	600A385B	CN=www.example.org	CN=www.example.org	1697408454.000000	1728944454.000000	rsaEncryption	sha256WithRSAEncryption	rsa	2048	65537	-	www.example.org	-	-	-	F	-	T	F
1700000455.564470	b4b4d5ee56a701bae7c9f166b7e15a56403067c06dfd4662a793fc72273a3167	3	5842A7	CN=portal.example.io	CN=portal.example.io	1697408455.000000	1728944455.000000	rsaEncryption	sha256WithRSAEncryption	rsa	2048	65537	-	portal.example.io	-	-	-	F	-	T	F
1700000461.963616	cd1d20efb30ee06dcb3be25622eb6884706d824866ad76dee5d4b1b367c78607	3	60F4AD2F	CN=cdn.example.net	CN=cdn.example.net	1697408461.000000	1728944461.000000	rsaEncryption	sha256WithRSAEncryption	rsa	2048	65537	-	cdn.example.net	-	-	-	F	-	T	F
1700000475.645121	43d6b51ef25ce9aed253d3636ae92849faa2a788bbb03907767363145d1a1de4	3	5923F75B	CN=cdn.telemetry-sync.example	CN=cdn.telemetry-sync.example	1697408475.000000	1728944475.000000	rsaEncryption	sha256WithRSAEncryption	rsa	2048	65537	-	cdn.telemetry-sync.example	-	-	-	F	-	T	F
1700000489.063106	e3fbfa0a655462a1d8eb1d2aed78db4e1c6d404f3f4e513c9e808c71ca254a32	3	462E2184	CN=portal.example.io	CN=portal.example.io	1697408488.000000	1728944488.000000	rsaEncryption	sha256WithRSAEncryption	rsa	2048	65537	-	portal.example.io	-	-	-	F	-	T	F
1700000492.886226	5b3004052e1781a58aeabe5604d5c03e9a053acdc0277e8b5d968d30dfa7c68b	3	4949925B	CN=portal.example.io	CN=portal.example.io	1697408492.000000	1728944492.000000	rsaEncryption	sha256WithRSAEncryption	rsa	2048	65537	-	portal.example.io	-	-	-	F	-	T	F
1700000493.628588	bfe19d5b41b9459696d1dbeb9f41d28f9dc21165e3abf53d73cec1c0ae1c120e	3	61DC66	CN=cdn.example.net	CN=cdn.example.net	1697408493.000000	1728944493.000000	rsaEncryption	sha256WithRSAEncryption	rsa	2048	65537	-	cdn.example.net	-	-	-	F	-	T	F
1700000494.359034	de72f35db2d66fca9492b66e2d90fc2dd6a9a42d9d7f9a05b617688106389001	3	7591181C	CN=cdn.example.net	CN=cdn.example.net	1697408494.000000	1728944494.000000	rsaEncryption	sha256WithRSAEncryption	rsa	2048	65537	-	cdn.example.net	-	-	-	F	-	T	F
1700000495.548316	07efd196f69cbc87ae58d528ffa387b9456b41989ef8490adfda48183a4cb921	3	27A2DDCF	CN=assets.example.co	CN=assets.example.co	1697408495.000000	1728944495.000000	rsaEncryption	sha256WithRSAEncryption	rsa	2048	65537	-	assets.example.co	-	-	-	F	-	T	F
1700000496.797452	d817202eec378e12d51121ef9a8753b6c4138b9f7db04da52d341878826114df	3	21E342B4	CN=portal.example.io	CN=portal.example.io	1697408496.000000	1728944496.000000	rsaEncryption	sha256WithRSAEncryption	rsa	2048	65537	-	portal.example.io	-	-	-	F	-	T	F
1700000497.856313	7079d876029abc00af9c077cf1fb5580b9853064363ea30a828224fcb24fb454	3	7D57BDD7	CN=updates.example.com	CN=updates.example.com	1697408497.000000	1728944497.000000	rsaEncryption	sha256WithRSAEncryption	rsa	2048	65537	-	updates.example.com	-	-	-	F	-	T	F
1700000498.693177	9fd3b89034a3a9979ca3efe41f7d49073ce26c7ada05f8eeba34cce3a7bd7d8e	3	10186F26	CN=updates.example.com	CN=updates.example.com	1697408498.000000	1728944498.000000	rsaEncryption	sha256WithRSAEncryption	rsa	2048	65537	-	updates.example.com	-	-	-	F	-	T	F
1700000499.025616	9585e67dc17ca4cef2b05ecffc55388a2af756a4c282ed013aaf821909543cb8	3	132DFA16	CN=portal.example.io	CN=portal.example.io	1697408498.000000	1728944498.000000	rsaEncryption	sha256WithRSAEncryption	rsa	2048	65537	-	portal.example.io	-	-	-	F	-	T	F
1700000499.292109	f8f9cc70dc6f134fef982349c0f6dceba99bf913d667817786d83d88ed9946b1	3	6ACA76A4	CN=www.example.org	CN=www.example.org	1697408499.000000	1728944499.000000	rsaEncryption	sha256WithRSAEncryption	rsa	2048	65537	-	www.example.org	-	-	-	F	-	T	F
1700000499.768766	851a950ab4591f9023d0abd34db8a51a797776d81ace6acc5384ace37b5cbaea	3	2E09ADC5	CN=updates.example.com	CN=updates.example.com	1697408499.000000	1728944499.000000	rsaEncryption	sha256WithRSAEncryption	rsa	2048	65537	-	updates.example.com	-	-	-	F	-	T	F
1700000499.941494	392dda4102d559698b69006325771d40d70535137e6ac29ce586522cc3cb9c2a	3	2262AD5B	CN=cdn.example.net	CN=cdn.example.net	1697408499.000000	1728944499.000000	rsaEncryption	sha256WithRSAEncryption	rsa	2048	65537	-	cdn.example.net	-	-	-	F	-	T	F
1700000500.795340	798de93161c88f0beaa8c39a2da6fbec5f3d426e01c12d183c0ed4e64a938b6f	3	02584048	CN=assets.example.co	CN=assets.example.co	1697408500.000000	1728944500.000000	rsaEncryption	sha256WithRSAEncryption	rsa	2048	65537	-	assets.example.co	-	-	-	F	-	T	F
1700000502.169560	31daf586355b29a77295ca8feeb9ebf7b0240e55fbe9b7e384da706ef27c351a	3	41AA8408	CN=api.github.com	CN=api.github.com	1697408502.000000	1728944502.000000	rsaEncryption	sha256WithRSAEncryption	rsa	2048	65537	-	api.github.com	-	-	-	F	-	T	F
1700000504.595123	a703acbfba1d65d9f4dd7e62fe25772f5007e09eb2fab61233faf8d4f4790eb2	3	7CC15AFE	CN=assets.example.co	CN=assets.example.co	1697408504.000000	1728944504.000000	rsaEncryption	sha256WithRSAEncryption	rsa	2048	65537	-	assets.example.co	-	-	-	F	-	T	F
1700000506.411442	488c3b8c72a42a3a4dda63e79e7e5a89c0df0add497470380b0608db010db6fb	3	3E329546	CN=assets.example.co	CN=assets.example.co	1697408506.000000	1728944506.000000	rsaEncryption	sha256WithRSAEncryption	rsa	2048	65537	-	assets.example.co	-	-	-	F	-	T	F
1700000506.453997	b3bf7a02781fcf95c7cf7072c51ff71a156afee9898aa24df6458ba4190ec406	3	45B5A822	CN=assets.example.co	CN=assets.example.co	1697408506.000000	1728944506.000000	rsaEncryption	sha256WithRSAEncryption	rsa	2048	65537	-	assets.example.co	-	-	-	F	-	T	F
1700000507.407954	eb2090031ddfe695a5d8b0fc76f12d2b1494d18d575840027a03feaebe320ecc	3	62FF0BF7	CN=portal.example.io	CN=portal.example.io	1697408507.000000	1728944507.000000	rsaEncryption	sha256WithRSAEncryption	rsa	2048	65537	-	portal.example.io	-	-	-	F	-	T	F
1700000508.144308	f78339374baf6f8defb9c2ea9b22bd3e3cba283fe29bf89885486634b229b2ac	3	0F2F2C8A	CN=cdn.example.net	CN=cdn.example.net	1697408508.000000	1728944508.000000	rsaEncryption	sha256WithRSAEncryption	rsa	2048	65537	-	cdn.example.net	-	-	-	F	-	T	F
1700000508.241271	17b728211eb4d9e84550c8e0072916e276e78734dfd1927ae200141f6cc5a3ef	3	3B0CB1E0	CN=www.example.org	CN=www.example.org	1697408508.000000	1728944508.000000	rsaEncryption	sha256WithRSAEncryption	rsa	2048	65537	-	www.example.org	-	-	-	F	-	T	F
1700000508.521302	9c9089d6079e77671b23c821dd2d94ce16b2669eb87c2452426a7aae8ad187d7	3	7A342168	CN=www.example.org	CN=www.example.org	1697408508.000000	1728944508.000000	rsaEncryption	sha256WithRSAEncryption	rsa	2048	65537	-	www.example.org	-	-	-	F	-	T	F
1700000508.870397	07bb0909841139dfd143f49ae7ef9c3efff9aaf4404c072d2fe8c4a5a1c7b3dd	3	620388CE	CN=assets.example.co	CN=assets.example.co	1697408508.000000	1728944508.000000	rsaEncryption	sha256WithRSAEncryption	rsa	2048	65537	-	assets.example.co	-	-	-	F	-	T	F
1700000508.877625	24ca1a9eca211d9a4c60d16439edfe38bf93ff9c9a43eedec24b96a19fbff361	3	36488136	CN=www.example.org	CN=www.example.org	1697408508.000000	1728944508.000000	rsaEncryption	sha256WithRSAEncryption	rsa	2048	65537	-	www.example.org	-	-	-	F	-	T	F
1700000509.191502	40cf42c4d2da521e9cbca80de7cbe1c1a17ef49ded5dca20a8004747e48a9998	3	799CA597	CN=www.example.org	CN=www.example.org	1697408509.000000	1728944509.000000	rsaEncryption	sha256WithRSAEncryption	rsa	2048	65537	-	www.example.org	-	-	-	F	-	T	F
1700000509.311204	d504ebbfeff74545114cba594806d9380335311d7800c1736f9aef74446edb4f	3	16FB05AA	CN=portal.example.io	CN=portal.example.io	1697408509.000000	1728944509.000000	rsaEncryption	sha256WithRSAEncryption	rsa	2048	65537	-	portal.example.io	-	-	-	F	-	T	F
1700000509.375317	27dc4c81dea4b1dcbfd52b356bdc3134ba574afa09c75df752d5e1c0332ff41c	3	48E6433C	CN=cdn.example.net	CN=cdn.example.net	1697408509.000000	1728944509.000000	rsaEncryption	sha256WithRSAEncryption	rsa	2048	65537	-	cdn.example.net	-	-	-	F	-	T	F
1700000510.115228	c5e18a968f3279c5da57ebc1b82e483a278004656f0a3955d24053ea1d18ad97	3	5915C6E3	CN=www.example.org	CN=www.example.org	1697408510.000000	1728944510.000000	rsaEncryption	sha256WithRSAEncryption	rsa	2048	65537	-	www.example.org	-	-	-	F	-	T	F
1700000510.524374	111d8b1f10e37631230fd579cfde8f60bb5dc9e72962b1fe8f72e5327cd26ed9	3	2F08C3F3	CN=www.example.org	CN=www.example.org	1697408510.000000	1728944510.000000	rsaEncryption	sha256WithRSAEncryption	rsa	2048	65537	-	www.example.org	-	-	-	F	-	T	F
1700000511.739836	0e98edafb808b7033465162ef161fd236095cf607caea4df85c2f33d4467ba85	3	42CEE557	CN=updates.example.com	CN=updates.example.com	1697408511.000000	1728944511.000000	rsaEncryption	sha256WithRSAEncryption	rsa	2048	65537	-	updates.example.com	-	-	-	F	-	T	F
1700000511.934188	ee5d28e589e1a734d527f1bf52a694cf5612efc5f3521657333ea19a8ae9cb1f	3	02633F88	CN=updates.example.com	CN=updates.example.com	1697408511.000000	1728944511.000000	rsaEncryption	sha256WithRSAEncryption	rsa	2048	65537	-	updates.example.com	-	-	-	F	-	T	F
1700000512.898057	aba190d0ddab9b7b5ea9cab0e7dc6324a679984103afa625042e8d0c1450f0af	3	6F8B0CC9	CN=cdn.example.net	CN=cdn.example.net	1697408512.000000	1728944512.000000	rsaEncryption	sha256WithRSAEncryption	rsa	2048	65537	-	cdn.example.net	-	-	-	F	-	T	F
1700000513.661004	b2fd2a0d5b55487a84adf2e3d69e984c0de6b5ae09b2fc8eedff73a7cd98a13d	3	4898CF70	CN=updates.example.com	CN=updates.example.com	1697408513.000000	1728944513.000000	rsaEncryption	sha256WithRSAEncryption	rsa	2048	65537	-	updates.example.com	-	-	-	F	-	T	F
1700000513.715058	ba974ab30a657757ec5dce53c60295961a872303c6d36c51b2571b894083e24b	3	1DD07BD8	CN=api.github.com	CN=api.github.com	1697408513.000000	1728944513.000000	rsaEncryption	sha256WithRSAEncryption	rsa	2048	65537	-	api.github.com	-	-	-	F	-	T	F
1700000513.967825	362c4a57910bf02f3300cc42df16e8f29eb3529b27dbbefa79f2dfce08d28b6b	3	1F74E5D0	CN=cdn.example.net	CN=cdn.example.net	1697408513.000000	1728944513.000000	rsaEncryption	sha256WithRSAEncryption	rsa	2048	65537	-	cdn.example.net	-	-	-	F	-	T	F
1700000514.158658	83e1a5ce6a8657406ff58022dde26135c9bc6af0b34d31ee983fb0af1c8b603e	3	7A528E94	CN=www.example.org	CN=www.example.org	1697408514.000000	1728944514.000000	rsaEncryption	sha256WithRSAEncryption	rsa	2048	65537	-	www.example.org	-	-	-	F	-	T	F
1700000515.877404	6bde4d9de6db994c16ce277c13cf35ea8c63d6372bed5da6bd8ec0b8c41ff174	3	27D52971	CN=portal.example.io	CN=portal.example.io	1697408515.000000	1728944515.000000	rsaEncryption	sha256WithRSAEncryption	rsa	2048	65537	-	portal.example.io	-	-	-	F	-	T	F
1700000517.210664	e7ba209dd82c7475aca55dd41cbd18fc496ea8a414b29c6f35904b282980fa09	3	066324FC	CN=assets.example.co	CN=assets.example.co	1697408517.000000	1728944517.000000	rsaEncryption	sha256WithRSAEncryption	rsa	2048	65537	-	assets.example.co	-	-	-	F	-	T	F
1700000518.126585	3a804817b20e32a5399e7ca4c0415c41ae1c1b7b52d41c662d007e814fcf7273	3	03248568	CN=cdn.example.net	CN=cdn.example.net	1697408518.000000	1728944518.000000	rsaEncryption	sha256WithRSAEncryption	rsa	2048	65537	-	cdn.example.net	-	-	-	F	-	T	F
1700000518.585735	31a756b9a0b79e98354b4c8e64c03b1cf0d41950bb8643d5598d1eb5cfc982a0	3	7B5207FD	CN=www.example.org	CN=www.example.org	1697408518.000000	1728944518.000000	rsaEncryption	sha256WithRSAEncryption	rsa	2048	65537	-	www.example.org	-	-	-	F	-	T	F
1700000520.817698	c670d9d2e0bee9fe5d00925a092959a9dd1d5e7646470d08f1ad5068a088a73f	3	334FD2E7	CN=updates.example.com	CN=updates.example.com	1697408520.000000	1728944520.000000	rsaEncryption	sha256WithRSAEncryption	rsa	2048	65537	-	updates.example.com	-	-	-	F	-	T	F
1700000521.246596	a675422c55a64531ddca7629aa8587e89f16fddafc7f8d6255b974f38ef159f6	3	6BD1DB17	CN=assets.example.co	CN=assets.example.co	1697408521.000000	1728944521.000000	rsaEncryption	sha256WithRSAEncryption	rsa	2048	65537	-	assets.example.co	-	-	-	F	-	T	F
1700000521.319041	0a989e4965beaadf53e9310e6417a7bae84ff94b3df222b239a822aa9a9ed2e4	3	71F211C8	CN=assets.example.co	CN=assets.example.co	1697408521.000000	1728944521.000000	rsaEncryption	sha256WithRSAEncryption	rsa	2048	65537	-	assets.example.co	-	-	-	F	-	T	F
1700000525.854290	d3700b345444a9e2a575c77c6e7ca49c53d6844d6b1dea5bb1d3edd766e92f4e	3	77DCA3BE	CN=assets.example.co	CN=assets.example.co	1697408525.000000	1728944525.000000	rsaEncryption	sha256WithRSAEncryption	rsa	2048	65537	-	assets.example.co	-	-	-	F	-	T	F
1700000532.915517	dd406be2ddee1d798d9e9d470d644479e949ca65d0c1a1d9350ac7e43464355b	3	4791928A	CN=updates.example.com	CN=updates.example.com	1697408532.000000	1728944532.000000	rsaEncryption	sha256WithRSAEncryption	rsa	2048	65537	-	updates.example.com	-	-	-	F	-	T	F
1700000534.701390	8321b836d8535964216101c8972c8149b4db90585c7bb4404eaf6c41fc9a6d58	3	7A4E61D8	CN=www.example.org	CN=www.example.org	1697408534.000000	1728944534.000000	rsaEncryption	sha256WithRSAEncryption	rsa	2048	65537	-	www.example.org	-	-	-	F	-	T	F
1700000535.702408	d0612c20059869b3f32f2c7d39ec0f48178e22b094c2cbbe64ae8b121d1311d9	3	0555501A	CN=updates.example.com	CN=updates.example.com	1697408535.000000	1728944535.000000	rsaEncryption	sha256WithRSAEncryption	rsa	2048	65537	-	updates.example.com	-	-	-	F	-	T	F
1700000536.314365	7fd93962b558d581b11f4f02a4366c7f3f7e1a87d7f8714d90aa6c2f107b7b18	3	5BE5BED3	CN=assets.example.co	CN=assets.example.co	1697408536.000000	1728944536.000000	rsaEncryption	sha256WithRSAEncryption	rsa	2048	65537	-	assets.example.co	-	-	-	F	-	T	F
1700000537.048029	fabd2eb2a322606dcd7c5cb833f0e77ae3e1001ccff92ab5f33839aa146bf034	3	3A94E231	CN=updates.example.com	CN=updates.example.com	1697408536.000000	1728944536.000000	rsaEncryption	sha256WithRSAEncryption	rsa	2048	65537	-	updates.example.com	-	-	-	F	-	T	F
1700000537.325712	f2102952ab1a0f47eded907755e196a5b3a270bdcd35d2445c3ddbc05719918a	3	5385AF0D	CN=cdn.example.net	CN=cdn.example.net	1697408537.000000	1728944537.000000	rsaEncryption	sha256WithRSAEncryption	rsa	2048	65537	-	cdn.example.net	-	-	-	F	-	T	F
1700000537.419226	a2d931f5892c1249542c645cf48d23d7a92f14accd9dd40ab9c803128ce28a3d	3	7B30E8B6	CN=api.github.com	CN=api.github.com	1697408537.000000	1728944537.000000	rsaEncryption	sha256WithRSAEncryption	rsa	2048	65537	-	api.github.com	-	-	-	F	-	T	F
1700000538.359501	d8764acd046ce2cd59d4b8902a6dab58b939466e1cc7c87a61ad75849a6cd49f	3	7954F4BC	CN=www.example.org	CN=www.example.org	1697408538.000000	1728944538.000000	rsaEncryption	sha256WithRSAEncryption	rsa	2048	65537	-	www.example.org	-	-	-	F	-	T	F
1700000539.170376	1b56d56bc63658dd9ca29635f135edca82eb2e1182563c8775b1f5144b0778e4	3	23AEC83B	CN=www.example.org	CN=www.example.org	1697408539.000000	1728944539.000000	rsaEncryption	sha256WithRSAEncryption	rsa	2048	65537	-	www.example.org	-	-	-	F	-	T	F
1700000540.689708	4f0cdf6c0287cc44bc4d094a3b3eb7b272d8cd11f179cd34951bd330383568dc	3	38087292	CN=cdn.example.net	CN=cdn.example.net	1697408540.000000	1728944540.000000	rsaEncryption	sha256WithRSAEncryption	rsa	2048	65537	-	cdn.example.net	-	-	-	F	-	T	F
1700000541.097835	b0effa7e2b939c99157d6bb858e1cc0fae065e4840e16f91500778575c55ed51	3	36F2DCCE	CN=portal.example.io	CN=portal.example.io	1697408541.000000	1728944541.000000	rsaEncryption	sha256WithRSAEncryption	rsa	2048	65537	-	portal.example.io	-	-	-	F	-	T	F
1700000543.047565	f4f1d9b8274697ab2795cb0e4a4471ac2bbd3969a0328e6ea4712aee314c9638	3	12592E1C	CN=portal.example.io	CN=portal.example.io	1697408542.000000	1728944542.000000	rsaEncryption	sha256WithRSAEncryption	rsa	2048	65537	-	portal.example.io	-	-	-	F	-	T	F
1700000545.349955	c3f7255eb79f9bc8c8bb58da648a41d6d7aa8ff8c098d1cb2135834d2b58709c	3	055C20A6	CN=updates.example.com	CN=updates.example.com	1697408545.000000	1728944545.000000	rsaEncryption	sha256WithRSAEncryption	rsa	2048	65537	-	updates.example.com	-	-	-	F	-	T	F
1700000547.585661	08bff42bbb9f1b4bd6cb7ba8933c364a454092ce6a2f6ab37e21e3c4189fdeb3	3	0705A83E	CN=www.example.org	CN=www.example.org	1697408547.000000	1728944547.000000	rsaEncryption	sha256WithRSAEncryption	rsa	2048	65537	-	www.example.org	-	-	-	F	-	T	F
1700000547.687870	d0acd78057b4ef5722a357127bc740c8d27e92f2b0e3df299053bf69396559a2	3	0EB6ABD4	CN=cdn.example.net	CN=cdn.example.net	1697408547.000000	1728944547.000000	rsaEncryption	sha256WithRSAEncryption	rsa	2048	65537	-	cdn.example.net	-	-	-	F	-	T	F
1700000548.364583	7babaeacad7727847afdab5a4d6201aa63cf46e5f6036c4288e46212ecca01bb	3	6870AB4B	CN=www.example.org	CN=www.example.org	1697408548.000000	1728944548.000000	rsaEncryption	sha256WithRSAEncryption	rsa	2048	65537	-	www.example.org	-	-	-	F	-	T	F
1700000548.445105	3149bd4a103a1d15dd3ddac497e174deee9a9f36152ff6a224c98d2a9f838c25	3	7996DE1B	CN=updates.example.com	CN=updates.example.com	1697408548.000000	1728944548.000000	rsaEncryption	sha256WithRSAEncryption	rsa	2048	65537	-	updates.example.com	-	-	-	F	-	T	F
1700000548.755598	9801ade3a2d11d8bc86fee6320cfd875559f21dbe6b607c43733023552e58f26	3	4C81C6EF	CN=www.example.org	CN=www.example.org	1697408548.000000	1728944548.000000	rsaEncryption	sha256WithRSAEncryption	rsa	2048	65537	-	www.example.org	-	-	-	F	-	T	F
1700000548.817652	1659530139ebbfb967012d4333d485b978f2851c5656c5fd22b7c7d65fa0555d	3	1275BE9A	CN=cdn.example.net	CN=cdn.example.net	1697408548.000000	1728944548.000000	rsaEncryption	sha256WithRSAEncryption	rsa	2048	65537	-	cdn.example.net	-	-	-	F	-	T	F
1700000549.730836	45619a2371d25f8f9537776b53392d5da1f9d4b09619c4ca6a12a513435107ad	3	22AD82DD	CN=assets.example.co	CN=assets.example.co	1697408549.000000	1728944549.000000	rsaEncryption	sha256WithRSAEncryption	rsa	2048	65537	-	assets.example.co	-	-	-	F	-	T	F
1700000549.900649	45eb3d7f04de32ed7e45d765b3bcbd354e2d71ded1718ea41e72c070432a8961	3	2F36A80A	CN=updates.example.com	CN=updates.example.com	1697408549.000000	1728944549.000000	rsaEncryption	sha256WithRSAEncryption	rsa	2048	65537	-	updates.example.com	-	-	-	F	-	T	F
1700000550.264038	35034c55d1a918b1ff05146d8e10347c336f8f1b5484e7031c4e6a28dd66b41d	3	7AE9025F	CN=api.github.com	CN=api.github.com	1697408550.000000	1728944550.000000	rsaEncryption	sha256WithRSAEncryption	rsa	2048	65537	-	api.github.com	-	-	-	F	-	T	F
1700000550.267950	31dc6daa49d204a67d88c9653caea85eb51c68b482053bd1f42ea4afb54d2266	3	3ED0E1CA	CN=api.github.com	CN=api.github.com	1697408550.000000	1728944550.000000	rsaEncryption	sha256WithRSAEncryption	rsa	2048	65537	-	api.github.com	-	-	-	F	-	T	F
1700000550.508595	aee8259f01052accceb1eafec74f34ba5dbc2f671c21a3ba6b7aa989129a1ab1	3	40BF503B	CN=assets.example.co	CN=assets.example.co	1697408550.000000	1728944550.000000	rsaEncryption	sha256WithRSAEncryption	rsa	2048	65537	-	assets.example.co	-	-	-	F	-	T	F
1700000550.877134	1c9139743018cf8e4126746edf05e8d625dc38194c2c820bf02aaf63a6c81cf1	3	699067A4	CN=cdn.example.net	CN=cdn.example.net	1697408550.000000	1728944550.000000	rsaEncryption	sha256WithRSAEncryption	rsa	2048	65537	-	cdn.example.net	-	-	-	F	-	T	F
1700000551.360328	6cd825d7739a81090a346cf208ea3bb50b4be5f27816ca28cd336bc96efc2e73	3	052D3B28	CN=api.github.com	CN=api.github.com	1697408551.000000	1728944551.000000	rsaEncryption	sha256WithRSAEncryption	rsa	2048	65537	-	api.github.com	-	-	-	F	-	T	F
1700000555.103215	c7717908bf571300a07b4f94cb2eac2b69660e15400b1df39f6b55335e277cfc	3	2B2B5BDC	CN=updates.example.com	CN=updates.example.com	1697408555.000000	1728944555.000000	rsaEncryption	sha256WithRSAEncryption	rsa	2048	65537	-	updates.example.com	-	-	-	F	-	T	F
1700000555.515954	aa0ebd5440d16d3685b1dce0dc9521b3430cbb3552504ed0fb8d22a24a0dc996	3	07914F88	CN=portal.example.io	CN=portal.example.io	1697408555.000000	1728944555.000000	rsaEncryption	sha256WithRSAEncryption	rsa	2048	65537	-	portal.example.io	-	-	-	F	-	T	F
1700000557.109910	04e38f22f422aeb28b897168bf5b46cc7787bc25958a2f2a3ca14f49c0828ead	3	3F26AD17	CN=api.github.com	CN=api.github.com	1697408557.000000	1728944557.000000	rsaEncryption	sha256WithRSAEncryption	rsa	2048	65537	-	api.github.com	-	-	-	F	-	T	F
1700000557.203390	513e253383e59ab4151765be51f744221344438ec41be1fbadc933406a45c523	3	2F9E62D8	CN=www.example.org	CN=www.example.org	1697408557.000000	1728944557.000000	rsaEncryption	sha256WithRSAEncryption	rsa	2048	65537	-	www.example.org	-	-	-	F	-	T	F
1700000557.575950	a731668d8df7c1c0b3b1d3ab63ac05ed3c72b425b3ac38758f4136bf90358d7d	3	23BBB87D	CN=portal.example.io	CN=portal.example.io	1697408557.000000	1728944557.000000	rsaEncryption	sha256WithRSAEncryption	rsa	2048	65537	-	portal.example.io	-	-	-	F	-	T	F
1700000557.609215	b6c968509f4311fe07a0442f0a6e2a2dfa8d184bde254463c9b95362e2cf2edc	3	2EB0F1DD	CN=www.example.org	CN=www.example.org	1697408557.000000	1728944557.000000	rsaEncryption	sha256WithRSAEncryption	rsa	2048	65537	-	www.example.org	-	-	-	F	-	T	F
1700000557.939349	05aa448b797d3a9639de4671ebd2b195b55274c1a934687e6f948cfcc66adeff	3	01A50C70	CN=api.github.com	CN=api.github.com	1697408557.000000	1728944557.000000	rsaEncryption	sha256WithRSAEncryption	rsa	2048	65537	-	api.github.com	-	-	-	F	-	T	F
1700000558.844112	83f6e492621488ad1da66627d868eda37421167020c25afd4261d1cb394f7955	3	751BA9BE	CN=api.github.com	CN=api.github.com	1697408558.000000	1728944558.000000	rsaEncryption	sha256WithRSAEncryption	rsa	2048	65537	-	api.github.com	-	-	-	F	-	T	F
1700000560.360645	f011234f7723fcd1b74432541014d2eb64748ea6a38d69106fc9a8d6c1e66931	3	0A11C654	CN=www.example.org	CN=www.example.org	1697408560.000000	1728944560.000000	rsaEncryption	sha256WithRSAEncryption	rsa	2048	65537	-	www.example.org	-	-	-	F	-	T	F
1700000560.944806	ab0fd448486dd6c981ae87b844d2138b85894d74ffe6a931592495664966ecf3	3	75E67B6F	CN=www.example.org	CN=www.example.org	1697408560.000000	1728944560.000000	rsaEncryption	sha256WithRSAEncryption	rsa	2048	65537	-	www.example.org	-	-	-	F	-	T	F
1700000561.682299	02de1e9bb62691595aed13a1cb7194dd40169d8bdf26fdf8e54d5da881b6bfed	3	1F29D58A	CN=portal.example.io	CN=portal.example.io	1697408561.000000	1728944561.000000	rsaEncryption	sha256WithRSAEncryption	rsa	2048	65537	-	portal.example.io	-	-	-	F	-	T	F
1700000561.961561	67f916ddcbd27592caaaaf725d2c2b6097cf69a546fdbdcd23e9b737751b078e	3	260F54BB	CN=cdn.example.net	CN=cdn.example.net	1697408561.000000	1728944561.000000	rsaEncryption	sha256WithRSAEncryption	rsa	2048	65537	-	cdn.example.net	-	-	-	F	-	T	F
1700000562.191618	5f18512f1fe67f73b7160752eabfcdec7324f964a7281c729928d50f31ef8fcd	3	4E0AE16D	CN=api.github.com	CN=api.github.com	1697408562.000000	1728944562.000000	rsaEncryption	sha256WithRSAEncryption	rsa	2048	65537	-	api.github.com	-	-	-	F	-	T	F
1700000562.368891	5bd1ecaecdfa8f3d17666ab1237af5037b2d22e083eaa4f3ac6ea48e736e3019	3	79D012CA	CN=cdn.example.net	CN=cdn.example.net	1697408562.000000	1728944562.000000	rsaEncryption	sha256WithRSAEncryption	rsa	2048	65537	-	cdn.example.net	-	-	-	F	-	T	F
1700000563.074340	ec647cfb24a6e0318399269304f04f86f08c4ce9b6922665c6ea4f3e008b77f5	3	33C20E90	CN=api.github.com	CN=api.github.com	1697408563.000000	1728944563.000000	rsaEncryption	sha256WithRSAEncryption	rsa	2048	65537	-	api.github.com	-	-	-	F	-	T	F
1700000564.080244	9f054ad83c51053c88916c2dd11dffcc5e22aabf832e48977ee57db49cab3b4c	3	13D8FD8C	CN=cdn.example.net	CN=cdn.example.net	1697408564.000000	1728944564.000000	rsaEncryption	sha256WithRSAEncryption	rsa	2048	65537	-	cdn.example.net	-	-	-	F	-	T	F
1700000565.786746	09642441cda8d3e79cc314c7ac17724eec513c2916753d16d051585c4edac01e	3	3649334B	CN=portal.example.io	CN=portal.example.io	1697408565.000000	1728944565.000000	rsaEncryption	sha256WithRSAEncryption	rsa	2048	65537	-	portal.example.io	-	-	-	F	-	T	F
1700000567.087151	fa99da20774715123ac4ff48257501cc869a6149fb4a4dad846a0f82212d33bf	3	4848F75F	CN=cdn.example.net	CN=cdn.example.net	1697408567.000000	1728944567.000000	rsaEncryption	sha256WithRSAEncryption	rsa	2048	65537	-	cdn.example.net	-	-	-	F	-	T	F
1700000567.860461	215ba2e14f6f65d4ce3bf691c53d9f2ff2dc6b4b64dde0a87d133e80dcae77b7	3	3F79B935	CN=updates.example.com	CN=updates.example.com	1697408567.000000	1728944567.000000	rsaEncryption	sha256WithRSAEncryption	rsa	2048	65537	-	updates.example.com	-	-	-	F	-	T	F
1700000568.308554	9f36b3b3870302fd014242b8fae5a01abfa6082087b6e5a6a79462341bb4f35c	3	589135EB	CN=api.github.com	CN=api.github.com	1697408568.000000	1728944568.000000	rsaEncryption	sha256WithRSAEncryption	rsa	2048	65537	-	api.github.com	-	-	-	F	-	T	F
1700000571.109053	07528d9a3827c0bc82476d56efb53aebe4e324d47e1d710ada8180e4e6f1045d	3	4027290C	CN=api.github.com	CN=api.github.com	1697408571.000000	1728944571.000000	rsaEncryption	sha256WithRSAEncryption	rsa	2048	65537	-	api.github.com	-	-	-	F	-	T	F
1700000571.776206	f2cb6f2e758f31e6485378ea6e460ad8ae6a43b69e0b6eb5a9b2de95e5d9ca69	3	1557465D	CN=www.example.org	CN=www.example.org	1697408571.000000	1728944571.000000	rsaEncryption	sha256WithRSAEncryption	rsa	2048	65537	-	www.example.org	-	-	-	F	-	T	F
1700000575.601812	b95cb4c7bf566697eefbb058a0f6636605bbda8749ed85d2c3a91a87d6a9ab3a	3	478C1E03	CN=api.github.com	CN=api.github.com	1697408575.000000	1728944575.000000	rsaEncryption	sha256WithRSAEncryption	rsa	2048	65537	-	api.github.com	-	-	-	F	-	T	F
1700000578.152721	499b4910d835af9393eee1f1cd53da36d8b9110df619785b06d72c90ff0caca1	3	7F597730	CN=www.example.org	CN=www.example.org	1697408578.000000	1728944578.000000	rsaEncryption	sha256WithRSAEncryption	rsa	2048	65537	-	www.example.org	-	-	-	F	-	T	F
1700000582.102016	6fc97dca36e78d437eee0d12962ce42011311783843048a5a255aef156c1acb0	3	77350EBD	CN=updates.example.com	CN=updates.example.com	1697408582.000000	1728944582.000000	rsaEncryption	sha256WithRSAEncryption	rsa	2048	65537	-	updates.example.com	-	-	-	F	-	T	F
1700000582.168840	2ac6b2aa50eebd757f58b631c143e575025caef12e2ed174af661787d885abf6	3	02AB0C6B	CN=api.github.com	CN=api.github.com	1697408582.000000	1728944582.000000	rsaEncryption	sha256WithRSAEncryption	rsa	2048	65537	-	api.github.com	-	-	-	F	-	T	F
1700000582.534498	adafa55d91d2403efd5c4984245ec3023d5e9efb595f5a6f74eba2e49c6944cb	3	403EFBCA	CN=assets.example.co	CN=assets.example.co	1697408582.000000	1728944582.000000	rsaEncryption	sha256WithRSAEncryption	rsa	2048	65537	-	assets.example.co	-	-	-	F	-	T	F
1700000582.686988	991fcbf38de9488aa7e41500ea2ab583995dbab3e56e782935f0d0fee5aa0b9c	3	4362F079	CN=www.example.org	CN=www.example.org	1697408582.000000	1728944582.000000	rsaEncryption	sha256WithRSAEncryption	rsa	2048	65537	-	www.example.org	-	-	-	F	-	T	F
1700000583.694077	32c1938b5b5b07004da2e55cbcb8ccf90506bde3ec8d60c773196b82716a0bbf	3	5250DC2B	CN=www.example.org	CN=www.example.org	1697408583.000000	1728944583.000000	rsaEncryption	sha256WithRSAEncryption	rsa	2048	65537	-	www.example.org	-	-	-	F	-	T	F
1700000584.283150	72b6b324453538731ee4f16854e057ef9f10eadf831d8cf7fa3c86765e0100b1	3	7118778F	CN=cdn.example.net	CN=cdn.example.net	1697408584.000000	1728944584.000000	rsaEncryption	sha256WithRSAEncryption	rsa	2048	65537	-	cdn.example.net	-	-	-	F	-	T	F
1700000584.455374	45f0c6b8e718bc964ebad5421988b808d9aeaae1ecf5a8cdaaadc084b53249aa	3	1F289F19	CN=portal.example.io	CN=portal.example.io	1697408584.000000	1728944584.000000	rsaEncryption	sha256WithRSAEncryption	rsa	2048	65537	-	portal.example.io	-	-	-	F	-	T	F
1700000584.611581	8c530cdb4dcbd55b597da8353181f0924d9896d99f7a5b7a61104bb5897eff40	3	0AE05D6B	CN=assets.example.co	CN=assets.example.co	1697408584.000000	1728944584.000000	rsaEncryption	sha256WithRSAEncryption	rsa	2048	65537	-	assets.example.co	-	-	-	F	-	T	F
1700000585.117821	a900bff9d5c50916e35c478ae5bd70a201e937f463eedd6f7f4503b7f5a6d330	3	6E9B3013	CN=assets.example.co	CN=assets.example.co	1697408585.000000	1728944585.000000	rsaEncryption	sha256WithRSAEncryption	rsa	2048	65537	-	assets.example.co	-	-	-	F	-	T	F
1700000585.230719	6d7a6df823d5b4ba6ea830cb3770dd8c0e4456b1eeac4921cf06b93ef6fad450	3	18F6F73B	CN=cdn.example.net	CN=cdn.example.net	1697408585.000000	1728944585.000000	rsaEncryption	sha256WithRSAEncryption	rsa	2048	65537	-	cdn.example.net	-	-	-	F	-	T	F
1700000585.364773	67e9c6d5864e2488ae8b5898d4935ee24e816928f82ef94f91b18b85c64094a2	3	2ADBC188	CN=cdn.example.net	CN=cdn.example.net	1697408585.000000	1728944585.000000	rsaEncryption	sha256WithRSAEncryption	rsa	2048	65537	-	cdn.example.net	-	-	-	F	-	T	F
1700000585.545427	ab91f9ad082dd0b3062a65369d7e3003ced9dbc50280c849281bba272e50b038	3	09573387	CN=cdn.example.net	CN=cdn.example.net	1697408585.000000	1728944585.000000	rsaEncryption	sha256WithRSAEncryption	rsa	2048	65537	-	cdn.example.net	-	-	-	F	-	T	F
1700000586.140067	2bc268ca5ae91acb2d14ef1b0fa0aafd7f26ca79b6e9e5503cb74bfe94644042	3	3DFFA8EB	CN=www.example.org	CN=www.example.org	1697408586.000000	1728944586.000000	rsaEncryption	sha256WithRSAEncryption	rsa	2048	65537	-	www.example.org	-	-	-	F	-	T	F
1700000586.464743	9f1f8808d686778a5700b9449e5d40bc6b8de9b5cb6521ff1dd540d722a7c29e	3	56354CE1	CN=portal.example.io	CN=portal.example.io	1697408586.000000	1728944586.000000	rsaEncryption	sha256WithRSAEncryption	rsa	2048	65537	-	portal.example.io	-	-	-	F	-	T	F
1700000586.705251	5ead07af98a41be9f5821af0cd54a176ce3d33c43f9d6bcc0390885c06ad4565	3	589A5D63	CN=assets.example.co	CN=assets.example.co	1697408586.000000	1728944586.000000	rsaEncryption	sha256WithRSAEncryption	rsa	2048	65537	-	assets.example.co	-	-	-	F	-	T	F
1700000586.718745	15de6841641475572d57cd6bb4903970b76c464efdcbab35601f0c88ab0145ee	3	1E589564	CN=assets.example.co	CN=assets.example.co	1697408586.000000	1728944586.000000	rsaEncryption	sha256WithRSAEncryption	rsa	2048	65537	-	assets.example.co	-	-	-	F	-	T	F
1700000586.989760	e9e030c361aa99989250f22879793e6f4b6f95ba523481fe11387ce9e35f0040	3	6770AE1C	CN=assets.example.co	CN=assets.example.co	1697408586.000000	1728944586.000000	rsaEncryption	sha256WithRSAEncryption	rsa	2048	65537	-	assets.example.co	-	-	-	F	-	T	F
1700000587.239393	fdbda5997d3755dc45895b73048ba7cd76ed217650bf3725fa01457f20bc3130	3	0A00008B	CN=api.github.com	CN=api.github.com	1697408587.000000	1728944587.000000	rsaEncryption	sha256WithRSAEncryption	rsa	2048	65537	-	api.github.com	-	-	-	F	-	T	F
1700000587.578418	9b45f686f43541f71314798d8d61a80bf508686a97775fba9601a509788507c3	3	42F229F9	CN=www.example.org	CN=www.example.org	1697408587.000000	1728944587.000000	rsaEncryption	sha256WithRSAEncryption	rsa	2048	65537	-	www.example.org	-	-	-	F	-	T	F
1700000588.804099	1cd12fce384c7dd181525edd02b0114a701b744cdee9fdfb457c22924220ad1b	3	0D915459	CN=cdn.example.net	CN=cdn.example.net	1697408588.000000	1728944588.000000	rsaEncryption	sha256WithRSAEncryption	rsa	2048	65537	-	cdn.example.net	-	-	-	F	-	T	F
1700000590.056254	873e566ccf2a5dee99a28e95f600ba2d7adadfbc049a61017ba52cb8e0d0a704	3	817532	CN=api.github.com	CN=api.github.com	1697408589.000000	1728944589.000000	rsaEncryption	sha256WithRSAEncryption	rsa	2048	65537	-	api.github.com	-	-	-	F	-	T	F
1700000590.904743	fcb1ea8564abe307b7b6ad9b080418163fc420d40254f27fe2d3dc0c43f49fde	3	5F3FCA74	CN=updates.example.com	CN=updates.example.com	1697408590.000000	1728944590.000000	rsaEncryption	sha256WithRSAEncryption	rsa	2048	65537	-	updates.example.com	-	-	-	F	-	T	F
1700000592.039304	25c653ef8f885667d67ab57d9811e62c0c9975535cd6366a19615ad295af33fe	3	4151ED04	CN=portal.example.io	CN=portal.example.io	1697408591.000000	1728944591.000000	rsaEncryption	sha256WithRSAEncryption	rsa	2048	65537	-	portal.example.io	-	-	-	F	-	T	F
1700000593.005161	b4ea750034d688c15ca8ba8774caef67f4d071db6d19f9e3d1a2abd4aaf14727	3	295CF4EA	CN=api.github.com	CN=api.github.com	1697408592.000000	1728944592.000000	rsaEncryption	sha256WithRSAEncryption	rsa	2048	65537	-	api.github.com	-	-	-	F	-	T	F
1700000594.157692	cfac3a49f138d3174663b4353b9f4cfe29158c6b6537d35db05c635adcd0abf6	3	5A5D3066	CN=cdn.example.net	CN=cdn.example.net	1697408594.000000	1728944594.000000	rsaEncryption	sha256WithRSAEncryption	rsa	2048	65537	-	cdn.example.net	-	-	-	F	-	T	F
#close	2026-07-16-23-13-30
