#separator \x09
#set_separator	,
#empty_field	(empty)
#unset_field	-
#path	x509
#open	2026-07-19-22-46-54
#fields	ts	fingerprint	certificate.version	certificate.serial	certificate.subject	certificate.issuer	certificate.not_valid_before	certificate.not_valid_after	certificate.key_alg	certificate.sig_alg	certificate.key_type	certificate.key_length	certificate.exponent	certificate.curve	san.dns	san.uri	san.email	san.ip	basic_constraints.ca	basic_constraints.path_len	host_cert	client_cert
#types	time	string	count	string	string	string	time	time	string	string	string	count	string	string	vector[string]	vector[string]	vector[string]	vector[addr]	bool	count	bool	bool
1784497609.189584	abf11994251c57f29a63fe009459e620e5818572e63ff867a33c416f5ca9bea5	3	545E3F7E	CN=cdn.example.net	CN=cdn.example.net	1697408012.000000	1728944012.000000	rsaEncryption	sha256WithRSAEncryption	rsa	2048	65537	-	cdn.example.net	-	-	-	F	-	T	F
1784497609.258895	67fb62e86269c204eca51b9a044a2adc254f87f5e4d5adbbc62640567405ad45	3	22DA47E9	CN=portal.example.io	CN=portal.example.io	1697408020.000000	1728944020.000000	rsaEncryption	sha256WithRSAEncryption	rsa	2048	65537	-	portal.example.io	-	-	-	F	-	T	F
1784497609.305580	e838f1f143678deac65fde6c3244e81b8b6651c60fccbcb050375d832829d35d	3	2511483E	CN=portal.example.io	CN=portal.example.io	1697408025.000000	1728944025.000000	rsaEncryption	sha256WithRSAEncryption	rsa	2048	65537	-	portal.example.io	-	-	-	F	-	T	F
1784497609.645610	0737ad9f742d490cad26cf390f05e998e0dcc86e939982f8a958c2eab155cfab	3	5F3A4AE5	CN=assets.example.co	CN=assets.example.co	1697408031.000000	1728944031.000000	rsaEncryption	sha256WithRSAEncryption	rsa	2048	65537	-	assets.example.co	-	-	-	F	-	T	F
1784497609.722431	ab014a02ccdc4218b0d67988b9675971e9697174c7ccfc314291e5ebfeb1d9b2	3	551607EF	CN=api.github.com	CN=api.github.com	1697408040.000000	1728944040.000000	rsaEncryption	sha256WithRSAEncryption	rsa	2048	65537	-	api.github.com	-	-	-	F	-	T	F
1784497610.112252	9be0a6b723bea4dcec16dba372fc717115c495fff1dee085bcdf1b1803e5dba8	3	5CD36DDB	CN=updates.example.com	CN=updates.example.com	1697408046.000000	1728944046.000000	rsaEncryption	sha256WithRSAEncryption	rsa	2048	65537	-	updates.example.com	-	-	-	F	-	T	F
1784497610.263918	8a445b2f45497448c4d48a21768ee26deac4ce0ce4813001b4c75742f73c87e1	3	66281F6E	CN=www.example.org	CN=www.example.org	1697408049.000000	1728944049.000000	rsaEncryption	sha256WithRSAEncryption	rsa	2048	65537	-	www.example.org	-	-	-	F	-	T	F
1784497610.329039	2e211bc8d91f9e6d4f56533f58b7a8cc0aa98a4c27121ca8fcf52c7a73a2f90c	3	588D05AB	CN=cdn.example.net	CN=cdn.example.net	1697408049.000000	1728944049.000000	rsaEncryption	sha256WithRSAEncryption	rsa	2048	65537	-	cdn.example.net	-	-	-	F	-	T	F
1784497611.160596	95543ee3dde1aa0cfa8f4a3868d46f581b087a82379f28c80ce6f0142125d3ea	3	1ADCEFF2	CN=cdn.example.net	CN=cdn.example.net	1697408085.000000	1728944085.000000	rsaEncryption	sha256WithRSAEncryption	rsa	2048	65537	-	cdn.example.net	-	-	-	F	-	T	F
1784497611.190726	2fa69b47073e6d358a910c55309e315ecf1978b0923e8098a1150b5d9dbc952c	3	68F1DB5B	CN=portal.example.io	CN=portal.example.io	1697408085.000000	1728944085.000000	rsaEncryption	sha256WithRSAEncryption	rsa	2048	65537	-	portal.example.io	-	-	-	F	-	T	F
1784497611.249790	2b550966dc59f2d42cbf76c356853a962cde02366a1ca5dfb9971220b71d2705	3	7FDDF833	CN=www.example.org	CN=www.example.org	1697408085.000000	1728944085.000000	rsaEncryption	sha256WithRSAEncryption	rsa	2048	65537	-	www.example.org	-	-	-	F	-	T	F
1784497611.341839	13d820f33b7d6dbf4e9e07bd5fe1f57f6968b70123092530cac975d59c9bb14a	3	77872B95	CN=api.github.com	CN=api.github.com	1697408088.000000	1728944088.000000	rsaEncryption	sha256WithRSAEncryption	rsa	2048	65537	-	api.github.com	-	-	-	F	-	T	F
1784497611.481643	100cfc50ca4238141e3e820f846a75a2716a16447dd3418eb532ec464d00507c	3	7AD9BE13	CN=www.example.org	CN=www.example.org	1697408104.000000	1728944104.000000	rsaEncryption	sha256WithRSAEncryption	rsa	2048	65537	-	www.example.org	-	-	-	F	-	T	F
1784497611.503621	4666077cc0d0e8374bf61ee8259307dd36b930ab84c3d54e2aa1982a45d7ee93	3	563C5A88	CN=cdn.example.net	CN=cdn.example.net	1697408104.000000	1728944104.000000	rsaEncryption	sha256WithRSAEncryption	rsa	2048	65537	-	cdn.example.net	-	-	-	F	-	T	F
1784497611.876512	4dded17ea1256632740233c539bb410a89baf37cb9ca5720bbb3248ce64d7771	3	06466DE6	CN=updates.example.com	CN=updates.example.com	1697408129.000000	1728944129.000000	rsaEncryption	sha256WithRSAEncryption	rsa	2048	65537	-	updates.example.com	-	-	-	F	-	T	F
1784497612.804656	9468c88fda4a89ae5ef88eb5b778d7a2e88c2124dc3e1f11b1b405bb2cd059e5	3	3A125FF0	CN=updates.example.com	CN=updates.example.com	1697408191.000000	1728944191.000000	rsaEncryption	sha256WithRSAEncryption	rsa	2048	65537	-	updates.example.com	-	-	-	F	-	T	F
#close	2026-07-19-22-46-54
