#separator \x09
#set_separator	,
#empty_field	(empty)
#unset_field	-
#path	x509
#open	2026-07-18-00-54-19
#fields	ts	fingerprint	certificate.version	certificate.serial	certificate.subject	certificate.issuer	certificate.not_valid_before	certificate.not_valid_after	certificate.key_alg	certificate.sig_alg	certificate.key_type	certificate.key_length	certificate.exponent	certificate.curve	san.dns	san.uri	san.email	san.ip	basic_constraints.ca	basic_constraints.path_len	host_cert	client_cert
#types	time	string	count	string	string	string	time	time	string	string	string	count	string	string	vector[string]	vector[string]	vector[string]	vector[addr]	bool	count	bool	bool
1700000006.278757	3663769a4db445510e39dda8e85e379576fe7765b6ebe9af149b72e4acd6e0ee	3	76416D9F	CN=api.github.com	CN=api.github.com	1697408006.000000	1728944006.000000	rsaEncryption	sha256WithRSAEncryption	rsa	2048	65537	-	api.github.com	-	-	-	F	-	T	F
1700000008.615047	53448e7438c97a0823050f8bfaf83a1a9978155fe65ba191a286437a5d6f5206	3	1BC9B8E2	CN=assets.example.co	CN=assets.example.co	1697408008.000000	1728944008.000000	rsaEncryption	sha256WithRSAEncryption	rsa	2048	65537	-	assets.example.co	-	-	-	F	-	T	F
1700000012.846324	e0578bb8b61331791a4232db9986fd1f46d3c0c876390e1f6610a3f53fbeef00	3	0951C711	CN=updates.example.com	CN=updates.example.com	1697408012.000000	1728944012.000000	rsaEncryption	sha256WithRSAEncryption	rsa	2048	65537	-	updates.example.com	-	-	-	F	-	T	F
1700000016.360083	77c466e210760dcc13095933eba7f95e2fdabd64de7896a0de4e438e78171d45	3	2E57D6C7	CN=api.github.com	CN=api.github.com	1697408016.000000	1728944016.000000	rsaEncryption	sha256WithRSAEncryption	rsa	2048	65537	-	api.github.com	-	-	-	F	-	T	F
1700000016.541317	282d914fa6542cb007837d7453a76289c1c58dff951e599b8be9a0bb26e70440	3	297261F2	CN=api.github.com	CN=api.github.com	1697408016.000000	1728944016.000000	rsaEncryption	sha256WithRSAEncryption	rsa	2048	65537	-	api.github.com	-	-	-	F	-	T	F
1700000016.866742	4bb650493575e932988d6ec3b202b84ae0264777bc141642ef1d0adb466ec033	3	1C67F8DE	CN=cdn.example.net	CN=cdn.example.net	1697408016.000000	1728944016.000000	rsaEncryption	sha256WithRSAEncryption	rsa	2048	65537	-	cdn.example.net	-	-	-	F	-	T	F
1700000018.139360	44a8f732edefefae82561133fabc5e7f38acbf515a32e86823fc9610b52ac247	3	6754D99D	CN=assets.example.co	CN=assets.example.co	1697408018.000000	1728944018.000000	rsaEncryption	sha256WithRSAEncryption	rsa	2048	65537	-	assets.example.co	-	-	-	F	-	T	F
1700000018.997207	fd475faac8ccda58010287c25b0c4136c14e97332d35cfcd1b49b471560e3f2c	3	77BEAB11	CN=www.example.org	CN=www.example.org	1697408018.000000	1728944018.000000	rsaEncryption	sha256WithRSAEncryption	rsa	2048	65537	-	www.example.org	-	-	-	F	-	T	F
1700000020.547261	a9a0087eaaa40be78590a8033cc04ea69976f0d8922e7f0ed6b08c69c187c5fa	3	0492555C	CN=assets.example.co	CN=assets.example.co	1697408020.000000	1728944020.000000	rsaEncryption	sha256WithRSAEncryption	rsa	2048	65537	-	assets.example.co	-	-	-	F	-	T	F
1700000033.888588	131be80985921acc1b646d0d7cc32459d607ed1cd352736eec4017527a7c3faa	3	4A8CC180	CN=updates.example.com	CN=updates.example.com	1697408033.000000	1728944033.000000	rsaEncryption	sha256WithRSAEncryption	rsa	2048	65537	-	updates.example.com	-	-	-	F	-	T	F
1700000035.061756	da848964a349b91440a0e616e944cd7d70ad74e77a1c2a3823691eeebbcdea9c	3	10254B2A	CN=www.example.org	CN=www.example.org	1697408034.000000	1728944034.000000	rsaEncryption	sha256WithRSAEncryption	rsa	2048	65537	-	www.example.org	-	-	-	F	-	T	F
1700000036.244206	c736ca528dc8deb8d1d3b80222c5b013a318b1d869a2af6829f1377f094586b5	3	58D1660F	CN=www.example.org	CN=www.example.org	1697408036.000000	1728944036.000000	rsaEncryption	sha256WithRSAEncryption	rsa	2048	65537	-	www.example.org	-	-	-	F	-	T	F
1700000054.513570	17483ee5599a586af79dfaea16759317cfdef36ef73755cc97c7a7892e79601b	3	2285D15E	CN=assets.example.co	CN=assets.example.co	1697408054.000000	1728944054.000000	rsaEncryption	sha256WithRSAEncryption	rsa	2048	65537	-	assets.example.co	-	-	-	F	-	T	F
1700000056.499971	3f10aa510e0a7f374fc744890a789eda8e107d778053195f1bf432b2509efc99	3	6C459B7B	CN=updates.example.com	CN=updates.example.com	1697408056.000000	1728944056.000000	rsaEncryption	sha256WithRSAEncryption	rsa	2048	65537	-	updates.example.com	-	-	-	F	-	T	F
1700000058.609289	c1d066166da36bef934aea6549c93aa58714e459e1c0384315c14e24dd3ef8cc	3	50700CAF	CN=www.example.org	CN=www.example.org	1697408058.000000	1728944058.000000	rsaEncryption	sha256WithRSAEncryption	rsa	2048	65537	-	www.example.org	-	-	-	F	-	T	F
1700000058.617344	a4165e8417c2e42463197bf7f275e3c5eff449fbca42e571498995d95a1dff89	3	34DF60FD	CN=assets.example.co	CN=assets.example.co	1697408058.000000	1728944058.000000	rsaEncryption	sha256WithRSAEncryption	rsa	2048	65537	-	assets.example.co	-	-	-	F	-	T	F
1700000065.938653	41957e62c581a76d10ff803e95f504cab31c0489a6e251fe3947fcb534da98ba	3	73AA627F	CN=portal.example.io	CN=portal.example.io	1697408065.000000	1728944065.000000	rsaEncryption	sha256WithRSAEncryption	rsa	2048	65537	-	portal.example.io	-	-	-	F	-	T	F
1700000079.949036	08c551e5c10c6ade00537891912b0ae93f49a379c0409d853e096be30bd5f419	3	4B222980	CN=updates.example.com	CN=updates.example.com	1697408079.000000	1728944079.000000	rsaEncryption	sha256WithRSAEncryption	rsa	2048	65537	-	updates.example.com	-	-	-	F	-	T	F
1700000082.653826	59c85cf49514493fd392fe324c228b61cb527a8ed00719c4ed48f4c17414c7df	3	321D53EF	CN=assets.example.co	CN=assets.example.co	1697408082.000000	1728944082.000000	rsaEncryption	sha256WithRSAEncryption	rsa	2048	65537	-	assets.example.co	-	-	-	F	-	T	F
1700000086.706354	02b93383291d5118e52a4ac9642cba87b2951f817011b24d9a542d541bb45854	3	2E6159C6	CN=updates.example.com	CN=updates.example.com	1697408086.000000	1728944086.000000	rsaEncryption	sha256WithRSAEncryption	rsa	2048	65537	-	updates.example.com	-	-	-	F	-	T	F
1700000092.361408	d97e6329879ce1f822434bd6fe1ed2d7455a5b461c3ed185eeeae0a9637933f8	3	1EFACAFF	CN=updates.example.com	CN=updates.example.com	1697408092.000000	1728944092.000000	rsaEncryption	sha256WithRSAEncryption	rsa	2048	65537	-	updates.example.com	-	-	-	F	-	T	F
1700000095.502937	1db6c89849c1bc0b8b8188dceeeadbcaa6f023fac203f254a23e7edf29138ba9	3	2077D577	CN=cdn.example.net	CN=cdn.example.net	1697408095.000000	1728944095.000000	rsaEncryption	sha256WithRSAEncryption	rsa	2048	65537	-	cdn.example.net	-	-	-	F	-	T	F
1700000124.104097	b7ae2aa882f551db5f8820daafa89a97bbc5cce812732b958c5e57b6c32d886f	3	40FF67A5	CN=api.github.com	CN=api.github.com	1697408124.000000	1728944124.000000	rsaEncryption	sha256WithRSAEncryption	rsa	2048	65537	-	api.github.com	-	-	-	F	-	T	F
1700000124.592049	87579616c29bc6b50ece1a29158afdda82809f406801745a5c32ca56f8e98132	3	58CBB490	CN=cdn.example.net	CN=cdn.example.net	1697408124.000000	1728944124.000000	rsaEncryption	sha256WithRSAEncryption	rsa	2048	65537	-	cdn.example.net	-	-	-	F	-	T	F
1700000127.692243	30d0c3ebd8b7d3f9ee0ca7f7cbe6301f19744ec51cb2b617dcda7b9cafbd7c6a	3	3B3CD004	CN=portal.example.io	CN=portal.example.io	1697408127.000000	1728944127.000000	rsaEncryption	sha256WithRSAEncryption	rsa	2048	65537	-	portal.example.io	-	-	-	F	-	T	F
1700000133.219846	20542a348e6b16fe0ab525f41e0e9cb6cdd66df5ea5220f289fff4bd96e4e56c	3	7CA9E12D	CN=www.example.org	CN=www.example.org	1697408133.000000	1728944133.000000	rsaEncryption	sha256WithRSAEncryption	rsa	2048	65537	-	www.example.org	-	-	-	F	-	T	F
1700000133.434017	b35193ecdf351cffec122fc0b1a18f9faa4434cd6594772d3ca1dcf160870a58	3	50D8A539	CN=api.github.com	CN=api.github.com	1697408133.000000	1728944133.000000	rsaEncryption	sha256WithRSAEncryption	rsa	2048	65537	-	api.github.com	-	-	-	F	-	T	F
1700000134.570192	9ca921afd8460c030673650315903a367639fce2c5624e9dce953d3dfcadc0a6	3	04871DEC	CN=updates.example.com	CN=updates.example.com	1697408134.000000	1728944134.000000	rsaEncryption	sha256WithRSAEncryption	rsa	2048	65537	-	updates.example.com	-	-	-	F	-	T	F
1700000135.574893	6ff03440679b7cd75948dc286221ad3115655bb328a7d26363490f8463f5bbad	3	742E1529	CN=cdn.example.net	CN=cdn.example.net	1697408135.000000	1728944135.000000	rsaEncryption	sha256WithRSAEncryption	rsa	2048	65537	-	cdn.example.net	-	-	-	F	-	T	F
1700000136.690768	08e6acf4576d74c4ee5bf1ba83636b550000559420d779b729b04a22e9c1e5f0	3	123A2983	CN=api.github.com	CN=api.github.com	1697408136.000000	1728944136.000000	rsaEncryption	sha256WithRSAEncryption	rsa	2048	65537	-	api.github.com	-	-	-	F	-	T	F
1700000137.326024	850da52f7cf85a8ce6572f65f7c501bde3b335d7f5792a97f9557ebb5fa53701	3	3303D868	CN=www.example.org	CN=www.example.org	1697408137.000000	1728944137.000000	rsaEncryption	sha256WithRSAEncryption	rsa	2048	65537	-	www.example.org	-	-	-	F	-	T	F
1700000138.301011	f384a3b83bc22c1b7ba584e88421962a07396e0f4e6410fad81c19d870312579	3	3AC14AAD	CN=assets.example.co	CN=assets.example.co	1697408138.000000	1728944138.000000	rsaEncryption	sha256WithRSAEncryption	rsa	2048	65537	-	assets.example.co	-	-	-	F	-	T	F
1700000141.519258	aa3f76f3a67982f8efb559f278c88a9428de9b5c523059772ab84baf3da51772	3	3C943ACA	CN=portal.example.io	CN=portal.example.io	1697408141.000000	1728944141.000000	rsaEncryption	sha256WithRSAEncryption	rsa	2048	65537	-	portal.example.io	-	-	-	F	-	T	F
1700000142.232548	b6fb40b2b3e64c655c3784bee86166a01860d29ee8d95170a900ea4f1c7e66a1	3	4B53C939	CN=api.github.com	CN=api.github.com	1697408142.000000	1728944142.000000	rsaEncryption	sha256WithRSAEncryption	rsa	2048	65537	-	api.github.com	-	-	-	F	-	T	F
1700000143.554484	93a3f79bfe8a2ee174fdc6a541f04572540e6cb8f125da8d7646fc04aeab26b4	3	43CCAAB6	CN=updates.example.com	CN=updates.example.com	1697408143.000000	1728944143.000000	rsaEncryption	sha256WithRSAEncryption	rsa	2048	65537	-	updates.example.com	-	-	-	F	-	T	F
1700000144.731162	e9c028a37dbf902ed7380e9e3964d7475df9c64c1b35605c38e4df6eb9cbeb7e	3	2D98701D	CN=cdn.example.net	CN=cdn.example.net	1697408144.000000	1728944144.000000	rsaEncryption	sha256WithRSAEncryption	rsa	2048	65537	-	cdn.example.net	-	-	-	F	-	T	F
1700000163.278803	783db8b9167c60615955b55a6e05278ea5c23d9e0cc6d4f62efeb4c3edcc3574	3	6B271E5B	CN=portal.example.io	CN=portal.example.io	1697408163.000000	1728944163.000000	rsaEncryption	sha256WithRSAEncryption	rsa	2048	65537	-	portal.example.io	-	-	-	F	-	T	F
1700000164.738445	0f43e8ad547bb59f37bbe1e72e1ba921df751f6ffc063d366febb661842a7019	3	17087595	CN=cdn.example.net	CN=cdn.example.net	1697408164.000000	1728944164.000000	rsaEncryption	sha256WithRSAEncryption	rsa	2048	65537	-	cdn.example.net	-	-	-	F	-	T	F
1700000169.370322	2c750ba588052fa317222c88dd0d0af3e558d68c8a87fb1124a90ae3c9a101b5	3	01181C26	CN=www.example.org	CN=www.example.org	1697408169.000000	1728944169.000000	rsaEncryption	sha256WithRSAEncryption	rsa	2048	65537	-	www.example.org	-	-	-	F	-	T	F
1700000178.630088	acde66607b303c1d477fbc80a48bea5e319787318eec046e08ec000e24ba0855	3	67B6B7AB	CN=api.github.com	CN=api.github.com	1697408178.000000	1728944178.000000	rsaEncryption	sha256WithRSAEncryption	rsa	2048	65537	-	api.github.com	-	-	-	F	-	T	F
1700000182.181511	c2d3824a94339c1cd19af4c789f46db8d0dad829a1184416e265fa31a687cf63	3	25AC5236	CN=www.example.org	CN=www.example.org	1697408182.000000	1728944182.000000	rsaEncryption	sha256WithRSAEncryption	rsa	2048	65537	-	www.example.org	-	-	-	F	-	T	F
1700000189.210074	92cb77b859e836443e57862810beb8a33ea11cf9cdadcc73724c63ede0976609	3	3CA6359E	CN=www.example.org	CN=www.example.org	1697408189.000000	1728944189.000000	rsaEncryption	sha256WithRSAEncryption	rsa	2048	65537	-	www.example.org	-	-	-	F	-	T	F
1700000191.125655	479a88ec5ea8b1a1cb3bfb8394b1e672c1e3208d3ebb9548bb0eeb8eab1a5289	3	42FC242F	CN=portal.example.io	CN=portal.example.io	1697408191.000000	1728944191.000000	rsaEncryption	sha256WithRSAEncryption	rsa	2048	65537	-	portal.example.io	-	-	-	F	-	T	F
1700000192.369246	536e57ef99d92edbea7315a432f0ccc30d4c5b834f23f29e719a8bb96f3b58c2	3	5E42362F	CN=cdn.example.net	CN=cdn.example.net	1697408192.000000	1728944192.000000	rsaEncryption	sha256WithRSAEncryption	rsa	2048	65537	-	cdn.example.net	-	-	-	F	-	T	F
#close	2026-07-18-00-54-19
