#separator \x09
#set_separator	,
#empty_field	(empty)
#unset_field	-
#path	x509
#open	0000-00-00-00-00-00
#fields	ts	fingerprint	certificate.version	certificate.serial	certificate.subject	certificate.issuer	certificate.not_valid_before	certificate.not_valid_after	certificate.key_alg	certificate.sig_alg	certificate.key_type	certificate.key_length	certificate.exponent	certificate.curve	san.dns	san.uri	san.email	san.ip	basic_constraints.ca	basic_constraints.path_len	host_cert	client_cert
#types	time	string	count	string	string	string	time	time	string	string	string	count	string	string	vector[string]	vector[string]	vector[string]	vector[addr]	bool	count	bool	bool
1700000007.498992	8678425f510bbb347a8b879091b6d584b08dcdcfd1ac4acb4493c1331de12807	3	5DB7E3CD	CN=cdn.example.net	CN=PacketForge Synthetic CA	1697408007.000000	1728944007.000000	rsaEncryption	sha256WithRSAEncryption	rsa	2048	65537	-	cdn.example.net	-	-	-	F	-	T	F
1700000007.498992	c0c4a51bcf95a81486a5bcb053d0ec2447c5eb8d389014c182694d4ccc8348e6	3	50465F4341	O=PacketForge,CN=PacketForge Synthetic CA	O=PacketForge,CN=PacketForge Synthetic CA	1600000000.000000	1915360000.000000	rsaEncryption	sha256WithRSAEncryption	rsa	2048	65537	-	-	-	-	-	T	0	F	F
1700000035.034848	46b8280ca2cf3f1b2c8ec9c8fcbff3ac2ca092a9ebcfad62188cb2e2f20e5580	3	576E4247	CN=updates.example.com	CN=PacketForge Synthetic CA	1697408034.000000	1728944034.000000	rsaEncryption	sha256WithRSAEncryption	rsa	2048	65537	-	updates.example.com	-	-	-	F	-	T	F
1700000051.987217	618f274d0fec021cf9ebdd343dc34a5d519602ba3a97cd0e4d55908ec1abdb7e	3	62F6CF8A	CN=api.github.com	CN=PacketForge Synthetic CA	1697408051.000000	1728944051.000000	rsaEncryption	sha256WithRSAEncryption	rsa	2048	65537	-	api.github.com	-	-	-	F	-	T	F
1700000052.513726	96310142075198fa78a6ed4c1c4ab3ff4afc11590c94c48a2c35fdd4bd91117b	3	5FA9B03D	CN=cdn.example.net	CN=PacketForge Synthetic CA	1697408052.000000	1728944052.000000	rsaEncryption	sha256WithRSAEncryption	rsa	2048	65537	-	cdn.example.net	-	-	-	F	-	T	F
1700000064.776333	a33518d36900279007122a491008bdf03db87ae9d7ffe16e0f2fd2270dcaa6ad	3	5E1F6B81	CN=cdn.example.net	CN=PacketForge Synthetic CA	1697408064.000000	1728944064.000000	rsaEncryption	sha256WithRSAEncryption	rsa	2048	65537	-	cdn.example.net	-	-	-	F	-	T	F
1700000071.003997	360df90395b8d149ce4d1755656d28ea398e22074df638d1ec248766ec9dc23c	3	3F30F3D9	CN=api.github.com	CN=PacketForge Synthetic CA	1697408070.000000	1728944070.000000	rsaEncryption	sha256WithRSAEncryption	rsa	2048	65537	-	api.github.com	-	-	-	F	-	T	F
1700000071.665525	80a97299da38904b1ad91db43f9b88c92245ed9ce86c064e3572af095be8a591	3	17F58389	CN=www.example.org	CN=PacketForge Synthetic CA	1697408071.000000	1728944071.000000	rsaEncryption	sha256WithRSAEncryption	rsa	2048	65537	-	www.example.org	-	-	-	F	-	T	F
1700000088.001785	6142941bd04df29e6aa5359aa5159efd3bc89fb78868b98d70ef5154bfc154cc	3	039074BF	CN=www.example.org	CN=PacketForge Synthetic CA	1697408087.000000	1728944087.000000	rsaEncryption	sha256WithRSAEncryption	rsa	2048	65537	-	www.example.org	-	-	-	F	-	T	F
1700000093.691521	10429eb97381a7741eadc5dca024b72c3274732ebc956c3d0f12bdd7d04b20d2	3	19D6F6E0	CN=cdn.example.net	CN=PacketForge Synthetic CA	1697408093.000000	1728944093.000000	rsaEncryption	sha256WithRSAEncryption	rsa	2048	65537	-	cdn.example.net	-	-	-	F	-	T	F
1700000147.845520	06cfbfb13a993e3fe6ff7a4039d77543268bc9b73226d4e75aebdb3cd9e48940	3	3A33C1D8	CN=assets.example.co	CN=PacketForge Synthetic CA	1697408147.000000	1728944147.000000	rsaEncryption	sha256WithRSAEncryption	rsa	2048	65537	-	assets.example.co	-	-	-	F	-	T	F
1700000149.324732	9fb67390dc57d4749497576b05222226b64d8f39025ebec784e9455167656280	3	5F621DA9	CN=cdn.example.net	CN=PacketForge Synthetic CA	1697408149.000000	1728944149.000000	rsaEncryption	sha256WithRSAEncryption	rsa	2048	65537	-	cdn.example.net	-	-	-	F	-	T	F
1700000173.671376	8b5f2a482a13d9a352797e45c2e2577062471e7b87f525a94937087e34f1113e	3	015B7568	CN=cdn.telemetry-sync.example	CN=PacketForge Synthetic CA	1697408173.000000	1728944173.000000	rsaEncryption	sha256WithRSAEncryption	rsa	2048	65537	-	cdn.telemetry-sync.example	-	-	-	F	-	T	F
1700000192.458481	bc8c666560be5ac8bc0dd5ad2548a411931e2ef7c7b554d96a077ce4ba152b5e	3	2E153AFC	CN=cdn.example.net	CN=PacketForge Synthetic CA	1697408192.000000	1728944192.000000	rsaEncryption	sha256WithRSAEncryption	rsa	2048	65537	-	cdn.example.net	-	-	-	F	-	T	F
1700000236.273035	877ab93b745ebdb6a10cd8b3d6f96f131b3010e95e65aa6ea5e637c3f6979d8c	3	5911FA09	CN=cdn.telemetry-sync.example	CN=PacketForge Synthetic CA	1697408236.000000	1728944236.000000	rsaEncryption	sha256WithRSAEncryption	rsa	2048	65537	-	cdn.telemetry-sync.example	-	-	-	F	-	T	F
1700000291.820455	efca406f33d16b4a17fe565e2644eabb12d80d7c1c7911e9433de54a428baf01	3	68FC076A	CN=cdn.telemetry-sync.example	CN=PacketForge Synthetic CA	1697408291.000000	1728944291.000000	rsaEncryption	sha256WithRSAEncryption	rsa	2048	65537	-	cdn.telemetry-sync.example	-	-	-	F	-	T	F
1700000358.344154	dbf84c3856ace1495036a0fcc10c03b0014b235e95987d2ed882a39a05380716	3	7AEE7B54	CN=cdn.telemetry-sync.example	CN=PacketForge Synthetic CA	1697408358.000000	1728944358.000000	rsaEncryption	sha256WithRSAEncryption	rsa	2048	65537	-	cdn.telemetry-sync.example	-	-	-	F	-	T	F
1700000411.760467	76dffa3714c624f7ff1f8f9b1806bff6e3007f3db5ecab467807f967f8dd58b5	3	2EBAF24E	CN=cdn.telemetry-sync.example	CN=PacketForge Synthetic CA	1697408411.000000	1728944411.000000	rsaEncryption	sha256WithRSAEncryption	rsa	2048	65537	-	cdn.telemetry-sync.example	-	-	-	F	-	T	F
1700000473.006313	ac8f84c44261f540e7ca91f963fe6ba38aa08d326a03bfc3a3a80b0b5066f1fc	3	4C22A35D	CN=cdn.telemetry-sync.example	CN=PacketForge Synthetic CA	1697408472.000000	1728944472.000000	rsaEncryption	sha256WithRSAEncryption	rsa	2048	65537	-	cdn.telemetry-sync.example	-	-	-	F	-	T	F
#close	0000-00-00-00-00-00
