#separator \x09
#set_separator	,
#empty_field	(empty)
#unset_field	-
#path	x509
#open	2026-07-17-13-27-01
#fields	ts	fingerprint	certificate.version	certificate.serial	certificate.subject	certificate.issuer	certificate.not_valid_before	certificate.not_valid_after	certificate.key_alg	certificate.sig_alg	certificate.key_type	certificate.key_length	certificate.exponent	certificate.curve	san.dns	san.uri	san.email	san.ip	basic_constraints.ca	basic_constraints.path_len	host_cert	client_cert
#types	time	string	count	string	string	string	time	time	string	string	string	count	string	string	vector[string]	vector[string]	vector[string]	vector[addr]	bool	count	bool	bool
1700000054.552959	3e9acf004f97ac5f1e691c75d4dc251f718c9dd7366bae0512c6d95e6a5f70fc	3	403A7588	CN=api.github.com	CN=api.github.com	1697408054.000000	1728944054.000000	rsaEncryption	sha256WithRSAEncryption	rsa	2048	65537	-	api.github.com	-	-	-	F	-	T	F
1700000063.727589	4fccc88b86e2b6544d235ee26188779bb66d094fac29e3c6fefd44d1e006ac69	3	657FC33E	CN=api.github.com	CN=api.github.com	1697408063.000000	1728944063.000000	rsaEncryption	sha256WithRSAEncryption	rsa	2048	65537	-	api.github.com	-	-	-	F	-	T	F
1700000070.054182	8d7d4690525065a891c607f8b494fdbec45181fdee7cc9cb8b116a246c7404a2	3	38C09343	CN=assets.example.co	CN=assets.example.co	1697408069.000000	1728944069.000000	rsaEncryption	sha256WithRSAEncryption	rsa	2048	65537	-	assets.example.co	-	-	-	F	-	T	F
1700000071.900192	d7dfc13cad0e9e296075fb798ca248582ba4b0ffec4173f4d419bd6f5498263c	3	5F813EB3	CN=cdn.example.net	CN=cdn.example.net	1697408071.000000	1728944071.000000	rsaEncryption	sha256WithRSAEncryption	rsa	2048	65537	-	cdn.example.net	-	-	-	F	-	T	F
1700000074.751472	1278cd9e8ce8704b2ba7555aafa6d7402db6616787bd0be83f41852ac25c6ce4	3	399AC74A	CN=www.example.org	CN=www.example.org	1697408074.000000	1728944074.000000	rsaEncryption	sha256WithRSAEncryption	rsa	2048	65537	-	www.example.org	-	-	-	F	-	T	F
1700000090.105106	8f0e5accd5f4d662d1d3cda3b673321a20384f4b7f019df3b4ffb09af95dc84d	3	5A14E7A4	CN=api.github.com	CN=api.github.com	1697408090.000000	1728944090.000000	rsaEncryption	sha256WithRSAEncryption	rsa	2048	65537	-	api.github.com	-	-	-	F	-	T	F
1700000091.189758	655b98cee72ab780341ba97fbe940057065caf4e86b368ae37bbe46a356b03f2	3	58A04D9D	CN=api.github.com	CN=api.github.com	1697408091.000000	1728944091.000000	rsaEncryption	sha256WithRSAEncryption	rsa	2048	65537	-	api.github.com	-	-	-	F	-	T	F
1700000093.954668	401ecde081882d49ac9debfa97b685b855062cc77a1cc0dac7ec74f8ac173bc9	3	620D8849	CN=www.example.org	CN=www.example.org	1697408093.000000	1728944093.000000	rsaEncryption	sha256WithRSAEncryption	rsa	2048	65537	-	www.example.org	-	-	-	F	-	T	F
1700000096.940770	4a5dd37a9d2a397af7ab368dd3ddeacb4e065e56f7610c371c8a8382118371ad	3	17F67CE5	CN=cdn.example.net	CN=cdn.example.net	1697408096.000000	1728944096.000000	rsaEncryption	sha256WithRSAEncryption	rsa	2048	65537	-	cdn.example.net	-	-	-	F	-	T	F
1700000098.476053	c82080d66ab48fff43c573bfb183392f27d3a79dd3c53da4e5f54f3ea0c490ba	3	0D7918FA	CN=www.example.org	CN=www.example.org	1697408098.000000	1728944098.000000	rsaEncryption	sha256WithRSAEncryption	rsa	2048	65537	-	www.example.org	-	-	-	F	-	T	F
1700000100.945177	ccf6fa2f4cd356223f545ca0a055fdba4ca924e177b1e5d4ef0ee82bf4ed7f38	3	42137CED	CN=api.github.com	CN=api.github.com	1697408100.000000	1728944100.000000	rsaEncryption	sha256WithRSAEncryption	rsa	2048	65537	-	api.github.com	-	-	-	F	-	T	F
1700000140.202872	ca258abb4531063cec34e228bbd74550f11d99f42282d8d20f5a1b927878c649	3	6376F0CF	CN=www.example.org	CN=www.example.org	1697408140.000000	1728944140.000000	rsaEncryption	sha256WithRSAEncryption	rsa	2048	65537	-	www.example.org	-	-	-	F	-	T	F
1700000141.437482	068f38cc025de298c358cc77d65194fc0467823b1aee30829c07c05a7eef745f	3	0C65A128	CN=cdn.example.net	CN=cdn.example.net	1697408141.000000	1728944141.000000	rsaEncryption	sha256WithRSAEncryption	rsa	2048	65537	-	cdn.example.net	-	-	-	F	-	T	F
1700000142.037539	520ef9283221447e3b6e232b1d668af6493ab12480e60249cc539ef748baf69b	3	04DBDE29	CN=portal.example.io	CN=portal.example.io	1697408141.000000	1728944141.000000	rsaEncryption	sha256WithRSAEncryption	rsa	2048	65537	-	portal.example.io	-	-	-	F	-	T	F
1700000144.365782	384d28730cef2dde00309f663bd2e875ad62941bf23a7e978e21940f7dcb5262	3	5CB4D9FE	CN=api.github.com	CN=api.github.com	1697408144.000000	1728944144.000000	rsaEncryption	sha256WithRSAEncryption	rsa	2048	65537	-	api.github.com	-	-	-	F	-	T	F
1700000144.394157	9888218748f1632f7cf6001887ddf31078e126c67872da808c870fbf4d5f0855	3	7E30D7D4	CN=portal.example.io	CN=portal.example.io	1697408144.000000	1728944144.000000	rsaEncryption	sha256WithRSAEncryption	rsa	2048	65537	-	portal.example.io	-	-	-	F	-	T	F
1700000144.912777	fa9daf8c9c41e1489e7dd4b341b4ad427dce5f6d99d6a72f180eaa20485640d2	3	5315C526	CN=api.github.com	CN=api.github.com	1697408144.000000	1728944144.000000	rsaEncryption	sha256WithRSAEncryption	rsa	2048	65537	-	api.github.com	-	-	-	F	-	T	F
1700000145.110101	ef33aed785314fce447342c8f4f20fc7e06b53e84a44c1444f05bcd7055a6773	3	6C5F0C55	CN=api.github.com	CN=api.github.com	1697408145.000000	1728944145.000000	rsaEncryption	sha256WithRSAEncryption	rsa	2048	65537	-	api.github.com	-	-	-	F	-	T	F
1700000145.526248	bacfa474afcd92380ffde02ba5aaed0a8e5cd9f6ca729455a8d0a61aa591bc8f	3	1B007B63	CN=portal.example.io	CN=portal.example.io	1697408145.000000	1728944145.000000	rsaEncryption	sha256WithRSAEncryption	rsa	2048	65537	-	portal.example.io	-	-	-	F	-	T	F
1700000146.001734	003fda6a666c4b87aa56e43f3449d953236c65868d9519bcbe719db4e5e4c31e	3	31601C	CN=www.example.org	CN=www.example.org	1697408145.000000	1728944145.000000	rsaEncryption	sha256WithRSAEncryption	rsa	2048	65537	-	www.example.org	-	-	-	F	-	T	F
1700000146.117495	80f05b914a562af6f871f6c46942f983967e8e712234a14f455f296cef140b63	3	D35B7F	CN=updates.example.com	CN=updates.example.com	1697408146.000000	1728944146.000000	rsaEncryption	sha256WithRSAEncryption	rsa	2048	65537	-	updates.example.com	-	-	-	F	-	T	F
1700000151.113434	ddcb72306b244702268f934e8df1f939724b5dc0a745b1d7b6e90bb2b34757da	3	6897994B	CN=updates.example.com	CN=updates.example.com	1697408151.000000	1728944151.000000	rsaEncryption	sha256WithRSAEncryption	rsa	2048	65537	-	updates.example.com	-	-	-	F	-	T	F
1700000151.327150	b5e04de8dc2ae440fcf9d8cb431a37820d4a2dc1924fd09657830bd303dfc7de	3	3AD7E226	CN=updates.example.com	CN=updates.example.com	1697408151.000000	1728944151.000000	rsaEncryption	sha256WithRSAEncryption	rsa	2048	65537	-	updates.example.com	-	-	-	F	-	T	F
1700000152.245981	40b391aadbeb56d0522a6a9e916f60dd4a7dadbc86cddba2af405f58c70e5ddd	3	5E5D99F2	CN=portal.example.io	CN=portal.example.io	1697408152.000000	1728944152.000000	rsaEncryption	sha256WithRSAEncryption	rsa	2048	65537	-	portal.example.io	-	-	-	F	-	T	F
1700000155.248001	392f57ccea14e0eb4e0661bbf8738f08cf5cda9a10755d96ac6cc9f06cc43c50	3	778DA69F	CN=api.github.com	CN=api.github.com	1697408155.000000	1728944155.000000	rsaEncryption	sha256WithRSAEncryption	rsa	2048	65537	-	api.github.com	-	-	-	F	-	T	F
1700000177.909008	5c14a53aaafe9d57432c7184b774a596a0a82d6eb8d245603f2b5a88cf661558	3	097A76FB	CN=cdn.example.net	CN=cdn.example.net	1697408177.000000	1728944177.000000	rsaEncryption	sha256WithRSAEncryption	rsa	2048	65537	-	cdn.example.net	-	-	-	F	-	T	F
1700000178.920362	61d57aee96f9a6a09411fa54b6ba122f04a20d59212d80419215b9ae1b28a8dd	3	28F05BC5	CN=assets.example.co	CN=assets.example.co	1697408178.000000	1728944178.000000	rsaEncryption	sha256WithRSAEncryption	rsa	2048	65537	-	assets.example.co	-	-	-	F	-	T	F
1700000180.349623	62721760b567c2507cf265b2bd9c68cea1c7de33be6ec0c5206b3cdb0ccd97fa	3	1F8D2F70	CN=assets.example.co	CN=assets.example.co	1697408180.000000	1728944180.000000	rsaEncryption	sha256WithRSAEncryption	rsa	2048	65537	-	assets.example.co	-	-	-	F	-	T	F
1700000180.965733	c8ebc3b9f9d759c21728f6262c32aabdf8bcc81a0adac96508280665ee2aaca7	3	1CFC668A	CN=assets.example.co	CN=assets.example.co	1697408180.000000	1728944180.000000	rsaEncryption	sha256WithRSAEncryption	rsa	2048	65537	-	assets.example.co	-	-	-	F	-	T	F
1700000191.620084	ed5baf2f89daf6a38118fbd07be7589fc878b72dfc8b45fe7aa7e557bfb7c506	3	59466533	CN=www.example.org	CN=www.example.org	1697408191.000000	1728944191.000000	rsaEncryption	sha256WithRSAEncryption	rsa	2048	65537	-	www.example.org	-	-	-	F	-	T	F
1700000192.123911	0de225d7a90bf61b1c8521b718f43c2aa94ad627fe213e28616ba156e8c3e471	3	771729AB	CN=api.github.com	CN=api.github.com	1697408192.000000	1728944192.000000	rsaEncryption	sha256WithRSAEncryption	rsa	2048	65537	-	api.github.com	-	-	-	F	-	T	F
1700000197.472129	7b24ef7532a01962f273392bc7851a585d1e4183b02868ff7a6af056827196ee	3	6DAB608E	CN=portal.example.io	CN=portal.example.io	1697408197.000000	1728944197.000000	rsaEncryption	sha256WithRSAEncryption	rsa	2048	65537	-	portal.example.io	-	-	-	F	-	T	F
1700000198.864341	6f595f3fd3ec60445ef6b145f40aeccebbeebc95001f11ef0efbf3e8ee6fbac8	3	1E38FCCE	CN=cdn.example.net	CN=cdn.example.net	1697408198.000000	1728944198.000000	rsaEncryption	sha256WithRSAEncryption	rsa	2048	65537	-	cdn.example.net	-	-	-	F	-	T	F
1700000199.728348	2df394dad250e846f7d2930e695257faf6bda14de0c8286f525fd5227a15eb7b	3	1CC5BBDB	CN=assets.example.co	CN=assets.example.co	1697408199.000000	1728944199.000000	rsaEncryption	sha256WithRSAEncryption	rsa	2048	65537	-	assets.example.co	-	-	-	F	-	T	F
1700000200.088173	0df9bb2fbc12c0ac6d00a4d1156437466e8d11c9273cba9955ce4c837c46a1ae	3	0A60054F	CN=api.github.com	CN=api.github.com	1697408200.000000	1728944200.000000	rsaEncryption	sha256WithRSAEncryption	rsa	2048	65537	-	api.github.com	-	-	-	F	-	T	F
#close	2026-07-17-13-27-01
