#separator \x09
#set_separator	,
#empty_field	(empty)
#unset_field	-
#path	x509
#open	2026-07-17-13-27-04
#fields	ts	fingerprint	certificate.version	certificate.serial	certificate.subject	certificate.issuer	certificate.not_valid_before	certificate.not_valid_after	certificate.key_alg	certificate.sig_alg	certificate.key_type	certificate.key_length	certificate.exponent	certificate.curve	san.dns	san.uri	san.email	san.ip	basic_constraints.ca	basic_constraints.path_len	host_cert	client_cert
#types	time	string	count	string	string	string	time	time	string	string	string	count	string	string	vector[string]	vector[string]	vector[string]	vector[addr]	bool	count	bool	bool
1700000000.055926	e8656f5b54e1b8cc933023e6b9295825f75424c0487c450bc71aaa6da8ada8e9	3	54D64B5B	CN=portal.example.io	CN=portal.example.io	1697408000.000000	1728944000.000000	rsaEncryption	sha256WithRSAEncryption	rsa	2048	65537	-	portal.example.io	-	-	-	F	-	T	F
1700000000.071535	f40f18ae9639e05105d463f421ae724d025ea07bcc9915f02219c2f0e57ea5d5	3	48CF76	CN=www.example.org	CN=www.example.org	1697408000.000000	1728944000.000000	rsaEncryption	sha256WithRSAEncryption	rsa	2048	65537	-	www.example.org	-	-	-	F	-	T	F
1700000000.406904	129b938dbd8db3add0b543907a6e3ed78ac8f2d511b5ade4743602a079daf9fb	3	6CC397BC	CN=www.example.org	CN=www.example.org	1697408000.000000	1728944000.000000	rsaEncryption	sha256WithRSAEncryption	rsa	2048	65537	-	www.example.org	-	-	-	F	-	T	F
1700000000.810724	943e613a13f101867451790415dae46d5c03b449d2b70ff3f571596619d69013	3	09426928	CN=api.github.com	CN=api.github.com	1697408000.000000	1728944000.000000	rsaEncryption	sha256WithRSAEncryption	rsa	2048	65537	-	api.github.com	-	-	-	F	-	T	F
1700000001.602406	6fa37d3dc2e064494cf26ef33384d17873c4be32c782959667aedc25a103fc7b	3	48E2C7CC	CN=api.github.com	CN=api.github.com	1697408001.000000	1728944001.000000	rsaEncryption	sha256WithRSAEncryption	rsa	2048	65537	-	api.github.com	-	-	-	F	-	T	F
1700000001.915606	e5baaf3f7874d726f006678bb0dc0157d25a6504734868c34bc0a0b08ec3c292	3	21225796	CN=portal.example.io	CN=portal.example.io	1697408001.000000	1728944001.000000	rsaEncryption	sha256WithRSAEncryption	rsa	2048	65537	-	portal.example.io	-	-	-	F	-	T	F
1700000003.493054	8f616f76d3e7bb8979da6baf7a1e5e9d6ea7907d47c594a240adcdebcc1688df	3	5A5C6E39	CN=updates.example.com	CN=updates.example.com	1697408003.000000	1728944003.000000	rsaEncryption	sha256WithRSAEncryption	rsa	2048	65537	-	updates.example.com	-	-	-	F	-	T	F
1700000011.088325	1eaaf58448ae6e29b7c54a4f3039d8696c23181d39b0beff85fbddae8b0e5497	3	22224480	CN=assets.example.co	CN=assets.example.co	1697408011.000000	1728944011.000000	rsaEncryption	sha256WithRSAEncryption	rsa	2048	65537	-	assets.example.co	-	-	-	F	-	T	F
1700000015.628277	ad57eb5fdb5b565b535ac6fa3a969f3719e3b7817c88d13071ad717fd3853175	3	1141BF6F	CN=assets.example.co	CN=assets.example.co	1697408015.000000	1728944015.000000	rsaEncryption	sha256WithRSAEncryption	rsa	2048	65537	-	assets.example.co	-	-	-	F	-	T	F
1700000016.233526	5ebb0a6ca9d40c06b26c21ac223a22de9016fd7fce328be7848942ec107615d9	3	54DDC028	CN=assets.example.co	CN=assets.example.co	1697408016.000000	1728944016.000000	rsaEncryption	sha256WithRSAEncryption	rsa	2048	65537	-	assets.example.co	-	-	-	F	-	T	F
1700000016.561852	5c90fb12830531aa05b625099b0b1ff835a0e1dabeb6c46acb06538fd949ca9d	3	3A9B023B	CN=updates.example.com	CN=updates.example.com	1697408016.000000	1728944016.000000	rsaEncryption	sha256WithRSAEncryption	rsa	2048	65537	-	updates.example.com	-	-	-	F	-	T	F
1700000016.773235	292e4a5f8c4bad4c53abaeeab1cf27b1486701715e21cff6cdd0161eaad3c69e	3	7E3FB84C	CN=portal.example.io	CN=portal.example.io	1697408016.000000	1728944016.000000	rsaEncryption	sha256WithRSAEncryption	rsa	2048	65537	-	portal.example.io	-	-	-	F	-	T	F
1700000017.593710	3953f3aa0cf524fca090f6683fa80e7a41a33a09ab19c5e867ac7c46952c3d53	3	517BC73A	CN=assets.example.co	CN=assets.example.co	1697408017.000000	1728944017.000000	rsaEncryption	sha256WithRSAEncryption	rsa	2048	65537	-	assets.example.co	-	-	-	F	-	T	F
1700000018.384544	860bebe7461c8954c8609bb2c220055ff84c8045a6180afd59f323f97e9f36ae	3	1542873A	CN=api.github.com	CN=api.github.com	1697408018.000000	1728944018.000000	rsaEncryption	sha256WithRSAEncryption	rsa	2048	65537	-	api.github.com	-	-	-	F	-	T	F
1700000018.943943	d3db19675e3e4284b2162334f91e2f634a3e39549ba72c3dd77cb105b430af77	3	5E53C00B	CN=api.github.com	CN=api.github.com	1697408018.000000	1728944018.000000	rsaEncryption	sha256WithRSAEncryption	rsa	2048	65537	-	api.github.com	-	-	-	F	-	T	F
1700000019.846253	7f57865fdb948763fa788d5b6af9fe29e52c123c4011e86dcd5432aea3080893	3	5E246700	CN=www.example.org	CN=www.example.org	1697408019.000000	1728944019.000000	rsaEncryption	sha256WithRSAEncryption	rsa	2048	65537	-	www.example.org	-	-	-	F	-	T	F
1700000022.707753	7b01f97ec5bf961435f23c1c7f6b9132403834810f53ef147b04fd0682a44557	3	181BAD26	CN=portal.example.io	CN=portal.example.io	1697408022.000000	1728944022.000000	rsaEncryption	sha256WithRSAEncryption	rsa	2048	65537	-	portal.example.io	-	-	-	F	-	T	F
1700000023.042762	e0ec2f06b8165a9db07ab2c57ebf6d4fae0fda13d7c73f2e883d92c2f01bf72f	3	458B959C	CN=api.github.com	CN=api.github.com	1697408022.000000	1728944022.000000	rsaEncryption	sha256WithRSAEncryption	rsa	2048	65537	-	api.github.com	-	-	-	F	-	T	F
1700000023.332902	97838c94dcf6721927ca7ec11151ee228e277af01f8918b7b46bf555b50ad7b5	3	476E8974	CN=www.example.org	CN=www.example.org	1697408023.000000	1728944023.000000	rsaEncryption	sha256WithRSAEncryption	rsa	2048	65537	-	www.example.org	-	-	-	F	-	T	F
1700000025.509488	892176a94e3eb2a5af43bf6096f857b4c804386aff8f41f2689dc3958cf8fc00	3	2D97985A	CN=www.example.org	CN=www.example.org	1697408025.000000	1728944025.000000	rsaEncryption	sha256WithRSAEncryption	rsa	2048	65537	-	www.example.org	-	-	-	F	-	T	F
1700000025.616352	433e92232a25c4a6468bcff9d652f46d73394637b3a200cce6b3ad4a3594caf5	3	3A9B1E4F	CN=updates.example.com	CN=updates.example.com	1697408025.000000	1728944025.000000	rsaEncryption	sha256WithRSAEncryption	rsa	2048	65537	-	updates.example.com	-	-	-	F	-	T	F
1700000029.475116	77629cea7424444ad2f5d80e49c0c990ec23034f97055d52ab6fbb361aa22659	3	783FB46B	CN=portal.example.io	CN=portal.example.io	1697408029.000000	1728944029.000000	rsaEncryption	sha256WithRSAEncryption	rsa	2048	65537	-	portal.example.io	-	-	-	F	-	T	F
1700000030.035740	fce5c3682f04b6c5113071c090e70ec22ea4083007aa19935299d8080031d87e	3	52388E7D	CN=cdn.example.net	CN=cdn.example.net	1697408029.000000	1728944029.000000	rsaEncryption	sha256WithRSAEncryption	rsa	2048	65537	-	cdn.example.net	-	-	-	F	-	T	F
1700000030.959184	0d9fde3e1d9e54584e6e995d4448e22c4b7b0e6e0346a90f06fc63b2bb782334	3	6ACF9990	CN=www.example.org	CN=www.example.org	1697408030.000000	1728944030.000000	rsaEncryption	sha256WithRSAEncryption	rsa	2048	65537	-	www.example.org	-	-	-	F	-	T	F
1700000031.710963	07db2d669b5afe3a3bd30fb651c8b79b71792002363259c09886e5afa684fdaf	3	26B2FAF2	CN=portal.example.io	CN=portal.example.io	1697408031.000000	1728944031.000000	rsaEncryption	sha256WithRSAEncryption	rsa	2048	65537	-	portal.example.io	-	-	-	F	-	T	F
1700000032.721033	7bab6c1538fd4d6469787d4f569bb9d06c932570b32313ffe31bfe2ff34ab861	3	5BD81245	CN=updates.example.com	CN=updates.example.com	1697408032.000000	1728944032.000000	rsaEncryption	sha256WithRSAEncryption	rsa	2048	65537	-	updates.example.com	-	-	-	F	-	T	F
1700000039.612685	bb4b02289c31be80bf8f234d3a66f2127b73c3dc7a54d8070c31dcd238155254	3	3A1BD708	CN=www.example.org	CN=www.example.org	1697408039.000000	1728944039.000000	rsaEncryption	sha256WithRSAEncryption	rsa	2048	65537	-	www.example.org	-	-	-	F	-	T	F
1700000042.355241	544a7a6a646b1c50017dce200a3003b805364c64938e88b56f20953db7a80a34	3	54CB79BB	CN=portal.example.io	CN=portal.example.io	1697408042.000000	1728944042.000000	rsaEncryption	sha256WithRSAEncryption	rsa	2048	65537	-	portal.example.io	-	-	-	F	-	T	F
1700000046.676176	006220a7db2a961bb53f47468d8a5d1d18283986f0a628a0077da0925f867b49	3	53D68234	CN=api.github.com	CN=api.github.com	1697408046.000000	1728944046.000000	rsaEncryption	sha256WithRSAEncryption	rsa	2048	65537	-	api.github.com	-	-	-	F	-	T	F
1700000046.763606	97573011bceb3ad0eb8746ec47e7002769292ec67a700973446ddf98fe6803df	3	0C2CC1B2	CN=api.github.com	CN=api.github.com	1697408046.000000	1728944046.000000	rsaEncryption	sha256WithRSAEncryption	rsa	2048	65537	-	api.github.com	-	-	-	F	-	T	F
1700000068.708006	45eb5e45c985b2ab4bbfb76ae03bc25804735fa11f03e4c5084663e6c3e12029	3	488C2C19	CN=www.example.org	CN=www.example.org	1697408068.000000	1728944068.000000	rsaEncryption	sha256WithRSAEncryption	rsa	2048	65537	-	www.example.org	-	-	-	F	-	T	F
1700000069.964113	2777922d8a456945711f59718c9e0b0e2fd776b7164b7dea9c9c035839c3edac	3	556BFF89	CN=www.example.org	CN=www.example.org	1697408069.000000	1728944069.000000	rsaEncryption	sha256WithRSAEncryption	rsa	2048	65537	-	www.example.org	-	-	-	F	-	T	F
1700000112.427592	a5739c749d9559aecf3d0309b7a1647f68ffc10ff546a0c72fb90c5152184184	3	1653D51E	CN=www.example.org	CN=www.example.org	1697408112.000000	1728944112.000000	rsaEncryption	sha256WithRSAEncryption	rsa	2048	65537	-	www.example.org	-	-	-	F	-	T	F
1700000116.257560	b01297598e9ceb1e45cb9a748399ac782fb16f64b47ffadba6484ee2717bc01b	3	15BB74A8	CN=api.github.com	CN=api.github.com	1697408116.000000	1728944116.000000	rsaEncryption	sha256WithRSAEncryption	rsa	2048	65537	-	api.github.com	-	-	-	F	-	T	F
1700000117.312677	41de4f902c318ce07ff866de35b51d4023316e095274375c637c79f8b31736ff	3	19659B65	CN=www.example.org	CN=www.example.org	1697408117.000000	1728944117.000000	rsaEncryption	sha256WithRSAEncryption	rsa	2048	65537	-	www.example.org	-	-	-	F	-	T	F
1700000118.556802	aed023adecb59a7309294b3cd03c55d1bb4d1ecd6e353bedae7217b0756103a7	3	1AED4A7D	CN=updates.example.com	CN=updates.example.com	1697408118.000000	1728944118.000000	rsaEncryption	sha256WithRSAEncryption	rsa	2048	65537	-	updates.example.com	-	-	-	F	-	T	F
1700000119.271714	f2d14eec5cf9da970c4dc0e2c94f309829c23cd0db7ce8f9970bdec605647f9b	3	1B6E65C5	CN=updates.example.com	CN=updates.example.com	1697408119.000000	1728944119.000000	rsaEncryption	sha256WithRSAEncryption	rsa	2048	65537	-	updates.example.com	-	-	-	F	-	T	F
1700000119.447080	c44e20a3b950705adebd20feacdac1faf7c7119b3b70dd7765b42c289673acf1	3	2F2B989E	CN=api.github.com	CN=api.github.com	1697408119.000000	1728944119.000000	rsaEncryption	sha256WithRSAEncryption	rsa	2048	65537	-	api.github.com	-	-	-	F	-	T	F
1700000119.910943	8b65ecd71c7444c0010535a674c4ea55a2063c3b219e190d0dc6fa4fd0e37fad	3	0D2CBABE	CN=api.github.com	CN=api.github.com	1697408119.000000	1728944119.000000	rsaEncryption	sha256WithRSAEncryption	rsa	2048	65537	-	api.github.com	-	-	-	F	-	T	F
1700000121.528412	a9512e7af4ac76ae582246f452b4feaf5726c4cdd10a52181deff5093a43967a	3	7F5DDFF3	CN=www.example.org	CN=www.example.org	1697408121.000000	1728944121.000000	rsaEncryption	sha256WithRSAEncryption	rsa	2048	65537	-	www.example.org	-	-	-	F	-	T	F
1700000121.535548	9bc4cc5fccb06b8eded9e1fae4287fc01b2d009d87a3c5d93653d5d6acb18bf2	3	7E16EDCA	CN=cdn.example.net	CN=cdn.example.net	1697408121.000000	1728944121.000000	rsaEncryption	sha256WithRSAEncryption	rsa	2048	65537	-	cdn.example.net	-	-	-	F	-	T	F
1700000167.294014	db84e1d88346ada8d993bc5a5595684bef99660c47e9e8b62e6a096ae907022e	3	7EF687A9	CN=assets.example.co	CN=assets.example.co	1697408167.000000	1728944167.000000	rsaEncryption	sha256WithRSAEncryption	rsa	2048	65537	-	assets.example.co	-	-	-	F	-	T	F
1700000167.568875	5773c2b57522dd0b004f81a41601941ca0226c95a7c0389bb2d6b9cc06fba58a	3	60923E24	CN=portal.example.io	CN=portal.example.io	1697408167.000000	1728944167.000000	rsaEncryption	sha256WithRSAEncryption	rsa	2048	65537	-	portal.example.io	-	-	-	F	-	T	F
1700000168.931448	a9e6094e52bad602e91339564aad30248d218f0a0b692a4ffa1d5a84b210a809	3	01709A64	CN=api.github.com	CN=api.github.com	1697408168.000000	1728944168.000000	rsaEncryption	sha256WithRSAEncryption	rsa	2048	65537	-	api.github.com	-	-	-	F	-	T	F
1700000170.158969	dda0e343e72c140fa1709a0dce028ac434af57967cfcc6c3925de1bab5381506	3	021AFEA4	CN=www.example.org	CN=www.example.org	1697408170.000000	1728944170.000000	rsaEncryption	sha256WithRSAEncryption	rsa	2048	65537	-	www.example.org	-	-	-	F	-	T	F
1700000172.764132	59baeb7ae534d57497a3b1d06521b9c267546e2fdebbd7db90173dabcbc6a296	3	16E8C037	CN=portal.example.io	CN=portal.example.io	1697408172.000000	1728944172.000000	rsaEncryption	sha256WithRSAEncryption	rsa	2048	65537	-	portal.example.io	-	-	-	F	-	T	F
1700000173.520555	e0088d483eb96149f99c2892ad7568c48412b616c12623ccbf3e49636a064821	3	088BD802	CN=assets.example.co	CN=assets.example.co	1697408173.000000	1728944173.000000	rsaEncryption	sha256WithRSAEncryption	rsa	2048	65537	-	assets.example.co	-	-	-	F	-	T	F
1700000173.677886	58c9678e61cd2939a6c84e42be54abafb537f867731501881a361c56e315217d	3	015B7568	CN=cdn.telemetry-sync.example	CN=cdn.telemetry-sync.example	1697408173.000000	1728944173.000000	rsaEncryption	sha256WithRSAEncryption	rsa	2048	65537	-	cdn.telemetry-sync.example	-	-	-	F	-	T	F
1700000173.803833	f9ea3528ac133a8ca84e8905174567b02adf4269a2b360efcc3dd221c60b268d	3	04DD406D	CN=api.github.com	CN=api.github.com	1697408173.000000	1728944173.000000	rsaEncryption	sha256WithRSAEncryption	rsa	2048	65537	-	api.github.com	-	-	-	F	-	T	F
1700000236.285048	8551a4e62975956f41f8831598a9de203b8e4b0159db58675dadba7998a46dd1	3	5911FA09	CN=cdn.telemetry-sync.example	CN=cdn.telemetry-sync.example	1697408236.000000	1728944236.000000	rsaEncryption	sha256WithRSAEncryption	rsa	2048	65537	-	cdn.telemetry-sync.example	-	-	-	F	-	T	F
1700000291.833390	3f77dbfd641858ce14ecfbe048ad81dd447e4c705e282b20ebc3396a93874ad4	3	68FC076A	CN=cdn.telemetry-sync.example	CN=cdn.telemetry-sync.example	1697408291.000000	1728944291.000000	rsaEncryption	sha256WithRSAEncryption	rsa	2048	65537	-	cdn.telemetry-sync.example	-	-	-	F	-	T	F
1700000358.340065	f73db0b8fa4e72d3fd3897bc715109ed078e81b10c71b42da5d477c16e57c551	3	7AEE7B54	CN=cdn.telemetry-sync.example	CN=cdn.telemetry-sync.example	1697408358.000000	1728944358.000000	rsaEncryption	sha256WithRSAEncryption	rsa	2048	65537	-	cdn.telemetry-sync.example	-	-	-	F	-	T	F
1700000411.769586	2b75eb91eb51bff24b7cfba1db8006a99b0c7ed08deb188305c438d5da17c90e	3	2EBAF24E	CN=cdn.telemetry-sync.example	CN=cdn.telemetry-sync.example	1697408411.000000	1728944411.000000	rsaEncryption	sha256WithRSAEncryption	rsa	2048	65537	-	cdn.telemetry-sync.example	-	-	-	F	-	T	F
1700000472.995022	d914ad9d479c3e0cfaa685896d485120966ae1242b01edf07929e2331bea6c98	3	4C22A35D	CN=cdn.telemetry-sync.example	CN=cdn.telemetry-sync.example	1697408472.000000	1728944472.000000	rsaEncryption	sha256WithRSAEncryption	rsa	2048	65537	-	cdn.telemetry-sync.example	-	-	-	F	-	T	F
#close	2026-07-17-13-27-04
